四月 20, 2017 4:30:06 下午 com.icbc.devp.tool.log.Log exception
严重: com.icbc.devp.tool.db.DBUtils.executeQry(DBUtils.java:122)
com.icbc.devp.gui.info.DataLoader.loadStepInfoBySql(DataLoader.java:56)
com.icbc.devp.gui.trees.LoadStepdefAction.loadStepInfo(LoadStepdefAction.java:59)
com.icbc.devp.gui.trees.LoadStepdefAction.actionPerformed(LoadStepdefAction.java:24)
javax.swing.AbstractButton.fireActionPerformed(Unknown Source)
javax.swing.AbstractButton$Handler.actionPerformed(Unknown Source)
javax.swing.DefaultButtonModel.fireActionPerformed(Unknown Source)
javax.swing.DefaultButtonModel.setPressed(Unknown Source)
javax.swing.AbstractButton.doClick(Unknown Source)
javax.swing.plaf.basic.BasicMenuItemUI.doClick(Unknown Source)
javax.swing.plaf.basic.BasicMenuItemUI$Handler.mouseReleased(Unknown Source)
java.awt.Component.processMouseEvent(Unknown Source)
javax.swing.JComponent.processMouseEvent(Unknown Source)
java.awt.Component.processEvent(Unknown Source)
java.awt.Container.processEvent(Unknown Source)
java.awt.Component.dispatchEventImpl(Unknown Source)
java.awt.Container.dispatchEventImpl(Unknown Source)
java.awt.Component.dispatchEvent(Unknown Source)
java.awt.LightweightDispatcher.retargetMouseEvent(Unknown Source)
java.awt.LightweightDispatcher.processMouseEvent(Unknown Source)
java.awt.LightweightDispatcher.dispatchEvent(Unknown Source)
java.awt.Container.dispatchEventImpl(Unknown Source)
java.awt.Window.dispatchEventImpl(Unknown Source)
java.awt.Component.dispatchEvent(Unknown Source)
java.awt.EventQueue.dispatchEventImpl(Unknown Source)
java.awt.EventQueue.access$300(Unknown Source)
java.awt.EventQueue$3.run(Unknown Source)
java.awt.EventQueue$3.run(Unknown Source)
java.security.AccessController.doPrivileged(Native Method)
java.security.ProtectionDomain$1.doIntersectionPrivilege(Unknown Source)
java.security.ProtectionDomain$1.doIntersectionPrivilege(Unknown Source)
java.awt.EventQueue$4.run(Unknown Source)
java.awt.EventQueue$4.run(Unknown Source)
java.security.AccessController.doPrivileged(Native Method)
java.security.ProtectionDomain$1.doIntersectionPrivilege(Unknown Source)
java.awt.EventQueue.dispatchEvent(Unknown Source)
java.awt.EventDispatchThread.pumpOneEventForFilters(Unknown Source)
java.awt.EventDispatchThread.pumpEventsForFilter(Unknown Source)
java.awt.EventDispatchThread.pumpEventsForHierarchy(Unknown Source)
java.awt.EventDispatchThread.pumpEvents(Unknown Source)
java.awt.EventDispatchThread.pumpEvents(Unknown Source)
java.awt.EventDispatchThread.run(Unknown Source)

四月 20, 2017 7:31:06 下午 com.icbc.devp.tool.log.Log error
严重: 执行[UPDATE MBDP_B_STEPDEF SET ENABLE_FLAG='1' WHERE APP='CBMS' AND CYCLE='D' AND DATA_SOURCE='CB01' AND STEPNO IN ('CBMS_D_CB01_CB01_D_PROC_0082', 'CB01_D_IMP_5005', 'CB01_D_PRET_0021', 'CB01_D_PRET_0020', 'CB01_D_PRET_0023', 'CB01_D_IMP_0013', 'CB01_D_PRET_0022', 'CB01_D_PRET_0017', 'CB01_D_PRET_0035', 'CB01_D_PRET_0018', 'CB01_D_PRET_0036', 'CB01_D_PRET_0019', 'CB01_D_PRET_0013', 'CB01_D_PRET_0014', 'CB01_D_PRET_0015', 'CB01_D_PRET_0016', 'CB01_D_PROC_0082', 'CB01_D_PROC_0009', 'CB01_D_PROC_0008', 'CB01_D_PRET_0012', 'CB01_D_PRET_0030', 'CB01_D_PRET_0011', 'CB01_D_PRET_0010', 'CB01_D_PRET_0034', 'CB01_D_PRET_0033', 'CB01_D_PRET_0032', 'CB01_D_PRET_0031', 'CB01_D_PRET_0008', 'CB01_D_PRET_0026', 'CB01_D_PRET_0001', 'CB01_D_PRET_0009', 'CB01_D_PRET_0027', 'CB01_D_PRET_0006', 'CB01_D_PRET_0024', 'CB01_D_PRET_0007', 'CB01_D_PRET_0025', 'CB01_D_PRET_0004', 'CB01_D_PRET_0005', 'CB01_D_PRET_0002', 'CB01_D_PRET_0028', 'CB01_D_PRET_0003', 'CB01_D_PRET_0029', 'CB01_D_PROC_0012', 'CB01_D_PROC_0013', 'CB01_D_PROC_0011')]时出错：IO 错误: Software caused connection abort: recv failed
四月 20, 2017 7:31:06 下午 com.icbc.devp.tool.log.Log error
严重: 执行[UPDATE OBMS_BATCHSTEP_DEF SET ENABLE_FLAG='1' WHERE APP='CBMS' AND CYCLE='D' AND DATA_SOURCE||'#'||TZGCODE='CB01' AND STEPNO IN ('CBMS_D_CB01_CB01_D_PROC_0082', 'CB01_D_IMP_5005', 'CB01_D_PRET_0021', 'CB01_D_PRET_0020', 'CB01_D_PRET_0023', 'CB01_D_IMP_0013', 'CB01_D_PRET_0022', 'CB01_D_PRET_0017', 'CB01_D_PRET_0035', 'CB01_D_PRET_0018', 'CB01_D_PRET_0036', 'CB01_D_PRET_0019', 'CB01_D_PRET_0013', 'CB01_D_PRET_0014', 'CB01_D_PRET_0015', 'CB01_D_PRET_0016', 'CB01_D_PROC_0082', 'CB01_D_PROC_0009', 'CB01_D_PROC_0008', 'CB01_D_PRET_0012', 'CB01_D_PRET_0030', 'CB01_D_PRET_0011', 'CB01_D_PRET_0010', 'CB01_D_PRET_0034', 'CB01_D_PRET_0033', 'CB01_D_PRET_0032', 'CB01_D_PRET_0031', 'CB01_D_PRET_0008', 'CB01_D_PRET_0026', 'CB01_D_PRET_0001', 'CB01_D_PRET_0009', 'CB01_D_PRET_0027', 'CB01_D_PRET_0006', 'CB01_D_PRET_0024', 'CB01_D_PRET_0007', 'CB01_D_PRET_0025', 'CB01_D_PRET_0004', 'CB01_D_PRET_0005', 'CB01_D_PRET_0002', 'CB01_D_PRET_0028', 'CB01_D_PRET_0003', 'CB01_D_PRET_0029', 'CB01_D_PROC_0012', 'CB01_D_PROC_0013', 'CB01_D_PROC_0011')]时出错：关闭的连接
四月 20, 2017 7:31:06 下午 com.icbc.devp.tool.log.Log error
严重: [EnableStepAction.actionPerformed]更新CBMS_D_CB01_CB01_D_PROC_0011失败！
