五月 22, 2017 9:23:25 上午 com.icbc.devp.tool.log.Log exception
严重: oracle.jdbc.driver.T4CTTIoer.processError(T4CTTIoer.java:445)
oracle.jdbc.driver.T4CTTIoer.processError(T4CTTIoer.java:389)
oracle.jdbc.driver.T4CTTIoer.processError(T4CTTIoer.java:382)
oracle.jdbc.driver.T4CTTIoauthenticate.processError(T4CTTIoauthenticate.java:441)
oracle.jdbc.driver.T4CTTIfun.receive(T4CTTIfun.java:450)
oracle.jdbc.driver.T4CTTIfun.doRPC(T4CTTIfun.java:192)
oracle.jdbc.driver.T4CTTIoauthenticate.doOSESSKEY(T4CTTIoauthenticate.java:404)
oracle.jdbc.driver.T4CConnection.logon(T4CConnection.java:385)
oracle.jdbc.driver.PhysicalConnection.<init>(PhysicalConnection.java:548)
oracle.jdbc.driver.T4CConnection.<init>(T4CConnection.java:236)
oracle.jdbc.driver.T4CDriverExtension.getConnection(T4CDriverExtension.java:32)
oracle.jdbc.driver.OracleDriver.connect(OracleDriver.java:521)
java.sql.DriverManager.getConnection(Unknown Source)
java.sql.DriverManager.getConnection(Unknown Source)
com.icbc.devp.tool.db.ConnectionManager.initDBConnection(ConnectionManager.java:51)
com.icbc.devp.gui.toolbar.ChooseDbEnvAction.actionPerformed(ChooseDbEnvAction.java:47)
javax.swing.AbstractButton.fireActionPerformed(Unknown Source)
javax.swing.AbstractButton$Handler.actionPerformed(Unknown Source)
javax.swing.DefaultButtonModel.fireActionPerformed(Unknown Source)
javax.swing.DefaultButtonModel.setPressed(Unknown Source)
javax.swing.plaf.basic.BasicButtonListener.mouseReleased(Unknown Source)
java.awt.AWTEventMulticaster.mouseReleased(Unknown Source)
java.awt.Component.processMouseEvent(Unknown Source)
javax.swing.JComponent.processMouseEvent(Unknown Source)
java.awt.Component.processEvent(Unknown Source)
java.awt.Container.processEvent(Unknown Source)
java.awt.Component.dispatchEventImpl(Unknown Source)
java.awt.Container.dispatchEventImpl(Unknown Source)
java.awt.Component.dispatchEvent(Unknown Source)
java.awt.LightweightDispatcher.retargetMouseEvent(Unknown Source)
java.awt.LightweightDispatcher.processMouseEvent(Unknown Source)
java.awt.LightweightDispatcher.dispatchEvent(Unknown Source)
java.awt.Container.dispatchEventImpl(Unknown Source)
java.awt.Window.dispatchEventImpl(Unknown Source)
java.awt.Component.dispatchEvent(Unknown Source)
java.awt.EventQueue.dispatchEventImpl(Unknown Source)
java.awt.EventQueue.access$300(Unknown Source)
java.awt.EventQueue$3.run(Unknown Source)
java.awt.EventQueue$3.run(Unknown Source)
java.security.AccessController.doPrivileged(Native Method)
java.security.ProtectionDomain$1.doIntersectionPrivilege(Unknown Source)
java.security.ProtectionDomain$1.doIntersectionPrivilege(Unknown Source)
java.awt.EventQueue$4.run(Unknown Source)
java.awt.EventQueue$4.run(Unknown Source)
java.security.AccessController.doPrivileged(Native Method)
java.security.ProtectionDomain$1.doIntersectionPrivilege(Unknown Source)
java.awt.EventQueue.dispatchEvent(Unknown Source)
java.awt.EventDispatchThread.pumpOneEventForFilters(Unknown Source)
java.awt.EventDispatchThread.pumpEventsForFilter(Unknown Source)
java.awt.EventDispatchThread.pumpEventsForHierarchy(Unknown Source)
java.awt.EventDispatchThread.pumpEvents(Unknown Source)
java.awt.EventDispatchThread.pumpEvents(Unknown Source)
java.awt.EventDispatchThread.run(Unknown Source)

五月 22, 2017 9:23:25 上午 com.icbc.devp.tool.log.Log error
严重: [ChooseDbEnvAction]连接数据库失败，请检查配置信息是否正确。
五月 22, 2017 9:23:37 上午 com.icbc.devp.tool.log.Log exception
严重: oracle.jdbc.driver.T4CTTIoer.processError(T4CTTIoer.java:445)
oracle.jdbc.driver.T4CTTIoer.processError(T4CTTIoer.java:389)
oracle.jdbc.driver.T4CTTIoer.processError(T4CTTIoer.java:382)
oracle.jdbc.driver.T4CTTIoauthenticate.processError(T4CTTIoauthenticate.java:441)
oracle.jdbc.driver.T4CTTIfun.receive(T4CTTIfun.java:450)
oracle.jdbc.driver.T4CTTIfun.doRPC(T4CTTIfun.java:192)
oracle.jdbc.driver.T4CTTIoauthenticate.doOSESSKEY(T4CTTIoauthenticate.java:404)
oracle.jdbc.driver.T4CConnection.logon(T4CConnection.java:385)
oracle.jdbc.driver.PhysicalConnection.<init>(PhysicalConnection.java:548)
oracle.jdbc.driver.T4CConnection.<init>(T4CConnection.java:236)
oracle.jdbc.driver.T4CDriverExtension.getConnection(T4CDriverExtension.java:32)
oracle.jdbc.driver.OracleDriver.connect(OracleDriver.java:521)
java.sql.DriverManager.getConnection(Unknown Source)
java.sql.DriverManager.getConnection(Unknown Source)
com.icbc.devp.tool.db.ConnectionManager.initDBConnection(ConnectionManager.java:51)
com.icbc.devp.gui.toolbar.ChooseDbEnvAction.actionPerformed(ChooseDbEnvAction.java:47)
javax.swing.AbstractButton.fireActionPerformed(Unknown Source)
javax.swing.AbstractButton$Handler.actionPerformed(Unknown Source)
javax.swing.DefaultButtonModel.fireActionPerformed(Unknown Source)
javax.swing.DefaultButtonModel.setPressed(Unknown Source)
javax.swing.plaf.basic.BasicButtonListener.mouseReleased(Unknown Source)
java.awt.AWTEventMulticaster.mouseReleased(Unknown Source)
java.awt.Component.processMouseEvent(Unknown Source)
javax.swing.JComponent.processMouseEvent(Unknown Source)
java.awt.Component.processEvent(Unknown Source)
java.awt.Container.processEvent(Unknown Source)
java.awt.Component.dispatchEventImpl(Unknown Source)
java.awt.Container.dispatchEventImpl(Unknown Source)
java.awt.Component.dispatchEvent(Unknown Source)
java.awt.LightweightDispatcher.retargetMouseEvent(Unknown Source)
java.awt.LightweightDispatcher.processMouseEvent(Unknown Source)
java.awt.LightweightDispatcher.dispatchEvent(Unknown Source)
java.awt.Container.dispatchEventImpl(Unknown Source)
java.awt.Window.dispatchEventImpl(Unknown Source)
java.awt.Component.dispatchEvent(Unknown Source)
java.awt.EventQueue.dispatchEventImpl(Unknown Source)
java.awt.EventQueue.access$300(Unknown Source)
java.awt.EventQueue$3.run(Unknown Source)
java.awt.EventQueue$3.run(Unknown Source)
java.security.AccessController.doPrivileged(Native Method)
java.security.ProtectionDomain$1.doIntersectionPrivilege(Unknown Source)
java.security.ProtectionDomain$1.doIntersectionPrivilege(Unknown Source)
java.awt.EventQueue$4.run(Unknown Source)
java.awt.EventQueue$4.run(Unknown Source)
java.security.AccessController.doPrivileged(Native Method)
java.security.ProtectionDomain$1.doIntersectionPrivilege(Unknown Source)
java.awt.EventQueue.dispatchEvent(Unknown Source)
java.awt.EventDispatchThread.pumpOneEventForFilters(Unknown Source)
java.awt.EventDispatchThread.pumpEventsForFilter(Unknown Source)
java.awt.EventDispatchThread.pumpEventsForHierarchy(Unknown Source)
java.awt.EventDispatchThread.pumpEvents(Unknown Source)
java.awt.EventDispatchThread.pumpEvents(Unknown Source)
java.awt.EventDispatchThread.run(Unknown Source)

五月 22, 2017 9:23:37 上午 com.icbc.devp.tool.log.Log error
严重: [ChooseDbEnvAction]连接数据库失败，请检查配置信息是否正确。
五月 22, 2017 9:28:52 上午 com.icbc.devp.tool.log.Log exception
严重: oracle.jdbc.driver.T4CTTIoer.processError(T4CTTIoer.java:445)
oracle.jdbc.driver.T4CTTIoer.processError(T4CTTIoer.java:389)
oracle.jdbc.driver.T4CTTIoer.processError(T4CTTIoer.java:382)
oracle.jdbc.driver.T4CTTIoauthenticate.processError(T4CTTIoauthenticate.java:441)
oracle.jdbc.driver.T4CTTIfun.receive(T4CTTIfun.java:450)
oracle.jdbc.driver.T4CTTIfun.doRPC(T4CTTIfun.java:192)
oracle.jdbc.driver.T4CTTIoauthenticate.doOSESSKEY(T4CTTIoauthenticate.java:404)
oracle.jdbc.driver.T4CConnection.logon(T4CConnection.java:385)
oracle.jdbc.driver.PhysicalConnection.<init>(PhysicalConnection.java:548)
oracle.jdbc.driver.T4CConnection.<init>(T4CConnection.java:236)
oracle.jdbc.driver.T4CDriverExtension.getConnection(T4CDriverExtension.java:32)
oracle.jdbc.driver.OracleDriver.connect(OracleDriver.java:521)
java.sql.DriverManager.getConnection(Unknown Source)
java.sql.DriverManager.getConnection(Unknown Source)
com.icbc.devp.tool.db.ConnectionManager.initDBConnection(ConnectionManager.java:51)
com.icbc.devp.gui.toolbar.ChooseDbEnvAction.actionPerformed(ChooseDbEnvAction.java:47)
javax.swing.AbstractButton.fireActionPerformed(Unknown Source)
javax.swing.AbstractButton$Handler.actionPerformed(Unknown Source)
javax.swing.DefaultButtonModel.fireActionPerformed(Unknown Source)
javax.swing.DefaultButtonModel.setPressed(Unknown Source)
javax.swing.plaf.basic.BasicButtonListener.mouseReleased(Unknown Source)
java.awt.AWTEventMulticaster.mouseReleased(Unknown Source)
java.awt.Component.processMouseEvent(Unknown Source)
javax.swing.JComponent.processMouseEvent(Unknown Source)
java.awt.Component.processEvent(Unknown Source)
java.awt.Container.processEvent(Unknown Source)
java.awt.Component.dispatchEventImpl(Unknown Source)
java.awt.Container.dispatchEventImpl(Unknown Source)
java.awt.Component.dispatchEvent(Unknown Source)
java.awt.LightweightDispatcher.retargetMouseEvent(Unknown Source)
java.awt.LightweightDispatcher.processMouseEvent(Unknown Source)
java.awt.LightweightDispatcher.dispatchEvent(Unknown Source)
java.awt.Container.dispatchEventImpl(Unknown Source)
java.awt.Window.dispatchEventImpl(Unknown Source)
java.awt.Component.dispatchEvent(Unknown Source)
java.awt.EventQueue.dispatchEventImpl(Unknown Source)
java.awt.EventQueue.access$300(Unknown Source)
java.awt.EventQueue$3.run(Unknown Source)
java.awt.EventQueue$3.run(Unknown Source)
java.security.AccessController.doPrivileged(Native Method)
java.security.ProtectionDomain$1.doIntersectionPrivilege(Unknown Source)
java.security.ProtectionDomain$1.doIntersectionPrivilege(Unknown Source)
java.awt.EventQueue$4.run(Unknown Source)
java.awt.EventQueue$4.run(Unknown Source)
java.security.AccessController.doPrivileged(Native Method)
java.security.ProtectionDomain$1.doIntersectionPrivilege(Unknown Source)
java.awt.EventQueue.dispatchEvent(Unknown Source)
java.awt.EventDispatchThread.pumpOneEventForFilters(Unknown Source)
java.awt.EventDispatchThread.pumpEventsForFilter(Unknown Source)
java.awt.EventDispatchThread.pumpEventsForHierarchy(Unknown Source)
java.awt.EventDispatchThread.pumpEvents(Unknown Source)
java.awt.EventDispatchThread.pumpEvents(Unknown Source)
java.awt.EventDispatchThread.run(Unknown Source)

五月 22, 2017 9:28:52 上午 com.icbc.devp.tool.log.Log error
严重: [ChooseDbEnvAction]连接数据库失败，请检查配置信息是否正确。
五月 22, 2017 9:37:08 上午 com.icbc.devp.tool.log.Log exception
严重: oracle.jdbc.driver.T4CTTIoer.processError(T4CTTIoer.java:445)
oracle.jdbc.driver.T4CTTIoer.processError(T4CTTIoer.java:389)
oracle.jdbc.driver.T4CTTIoer.processError(T4CTTIoer.java:382)
oracle.jdbc.driver.T4CTTIoauthenticate.processError(T4CTTIoauthenticate.java:441)
oracle.jdbc.driver.T4CTTIfun.receive(T4CTTIfun.java:450)
oracle.jdbc.driver.T4CTTIfun.doRPC(T4CTTIfun.java:192)
oracle.jdbc.driver.T4CTTIoauthenticate.doOSESSKEY(T4CTTIoauthenticate.java:404)
oracle.jdbc.driver.T4CConnection.logon(T4CConnection.java:385)
oracle.jdbc.driver.PhysicalConnection.<init>(PhysicalConnection.java:548)
oracle.jdbc.driver.T4CConnection.<init>(T4CConnection.java:236)
oracle.jdbc.driver.T4CDriverExtension.getConnection(T4CDriverExtension.java:32)
oracle.jdbc.driver.OracleDriver.connect(OracleDriver.java:521)
java.sql.DriverManager.getConnection(Unknown Source)
java.sql.DriverManager.getConnection(Unknown Source)
com.icbc.devp.tool.db.ConnectionManager.initDBConnection(ConnectionManager.java:51)
com.icbc.devp.gui.toolbar.ChooseDbEnvAction.actionPerformed(ChooseDbEnvAction.java:47)
javax.swing.AbstractButton.fireActionPerformed(Unknown Source)
javax.swing.AbstractButton$Handler.actionPerformed(Unknown Source)
javax.swing.DefaultButtonModel.fireActionPerformed(Unknown Source)
javax.swing.DefaultButtonModel.setPressed(Unknown Source)
javax.swing.plaf.basic.BasicButtonListener.mouseReleased(Unknown Source)
java.awt.AWTEventMulticaster.mouseReleased(Unknown Source)
java.awt.Component.processMouseEvent(Unknown Source)
javax.swing.JComponent.processMouseEvent(Unknown Source)
java.awt.Component.processEvent(Unknown Source)
java.awt.Container.processEvent(Unknown Source)
java.awt.Component.dispatchEventImpl(Unknown Source)
java.awt.Container.dispatchEventImpl(Unknown Source)
java.awt.Component.dispatchEvent(Unknown Source)
java.awt.LightweightDispatcher.retargetMouseEvent(Unknown Source)
java.awt.LightweightDispatcher.processMouseEvent(Unknown Source)
java.awt.LightweightDispatcher.dispatchEvent(Unknown Source)
java.awt.Container.dispatchEventImpl(Unknown Source)
java.awt.Window.dispatchEventImpl(Unknown Source)
java.awt.Component.dispatchEvent(Unknown Source)
java.awt.EventQueue.dispatchEventImpl(Unknown Source)
java.awt.EventQueue.access$300(Unknown Source)
java.awt.EventQueue$3.run(Unknown Source)
java.awt.EventQueue$3.run(Unknown Source)
java.security.AccessController.doPrivileged(Native Method)
java.security.ProtectionDomain$1.doIntersectionPrivilege(Unknown Source)
java.security.ProtectionDomain$1.doIntersectionPrivilege(Unknown Source)
java.awt.EventQueue$4.run(Unknown Source)
java.awt.EventQueue$4.run(Unknown Source)
java.security.AccessController.doPrivileged(Native Method)
java.security.ProtectionDomain$1.doIntersectionPrivilege(Unknown Source)
java.awt.EventQueue.dispatchEvent(Unknown Source)
java.awt.EventDispatchThread.pumpOneEventForFilters(Unknown Source)
java.awt.EventDispatchThread.pumpEventsForFilter(Unknown Source)
java.awt.EventDispatchThread.pumpEventsForHierarchy(Unknown Source)
java.awt.EventDispatchThread.pumpEvents(Unknown Source)
java.awt.EventDispatchThread.pumpEvents(Unknown Source)
java.awt.EventDispatchThread.run(Unknown Source)

五月 22, 2017 9:37:08 上午 com.icbc.devp.tool.log.Log error
严重: [ChooseDbEnvAction]连接数据库失败，请检查配置信息是否正确。
