二月 21, 2017 10:29:13 上午 com.icbc.devp.tool.log.Log error
严重: 执行[UPDATE MBDP_B_CTL SET WORKDATE='2017-04', MON_RUNDAY='1', PRET_TYPE='UDS', STATUS='1' WHERE APP='CBMS' AND CYCLE='M' AND DATA_SOURCE='AAS']时出错：IO 错误: Software caused connection abort: recv failed
二月 21, 2017 10:29:13 上午 com.icbc.devp.tool.log.Log error
严重: 执行[UPDATE OBMS_BATCH_CTL SET WORKDATE='2017-04', MON_RUNDAY='1', PRET_TYPE='UDS', STATUS='1' WHERE APP='CBMS' AND CYCLE='M' AND DATA_SOURCE||'#'||TZGCODE='AAS']时出错：关闭的连接
二月 21, 2017 11:38:27 上午 com.icbc.devp.tool.log.Log error
严重: 执行[UPDATE MBDP_B_CTL SET WORKDATE='2017-03', MON_RUNDAY='1', PRET_TYPE='UDS', STATUS='1' WHERE APP='CBMS' AND CYCLE='M' AND DATA_SOURCE='AAS']时出错：IO 错误: Software caused connection abort: recv failed
二月 21, 2017 11:38:27 上午 com.icbc.devp.tool.log.Log error
严重: 执行[UPDATE OBMS_BATCH_CTL SET WORKDATE='2017-03', MON_RUNDAY='1', PRET_TYPE='UDS', STATUS='1' WHERE APP='CBMS' AND CYCLE='M' AND DATA_SOURCE||'#'||TZGCODE='AAS']时出错：关闭的连接
二月 21, 2017 2:28:42 下午 com.icbc.devp.tool.log.Log exception
严重: com.icbc.devp.tool.db.DBUtils.executeQry(DBUtils.java:122)
com.icbc.devp.gui.info.DataLoader.loadStepInfoBySql(DataLoader.java:56)
com.icbc.devp.gui.trees.LoadStepdefAction.loadStepInfo(LoadStepdefAction.java:59)
com.icbc.devp.gui.trees.LoadStepdefAction.actionPerformed(LoadStepdefAction.java:24)
javax.swing.AbstractButton.fireActionPerformed(Unknown Source)
javax.swing.AbstractButton$Handler.actionPerformed(Unknown Source)
javax.swing.DefaultButtonModel.fireActionPerformed(Unknown Source)
javax.swing.DefaultButtonModel.setPressed(Unknown Source)
javax.swing.AbstractButton.doClick(Unknown Source)
javax.swing.plaf.basic.BasicMenuItemUI.doClick(Unknown Source)
javax.swing.plaf.basic.BasicMenuItemUI$Handler.mouseReleased(Unknown Source)
java.awt.Component.processMouseEvent(Unknown Source)
javax.swing.JComponent.processMouseEvent(Unknown Source)
java.awt.Component.processEvent(Unknown Source)
java.awt.Container.processEvent(Unknown Source)
java.awt.Component.dispatchEventImpl(Unknown Source)
java.awt.Container.dispatchEventImpl(Unknown Source)
java.awt.Component.dispatchEvent(Unknown Source)
java.awt.LightweightDispatcher.retargetMouseEvent(Unknown Source)
java.awt.LightweightDispatcher.processMouseEvent(Unknown Source)
java.awt.LightweightDispatcher.dispatchEvent(Unknown Source)
java.awt.Container.dispatchEventImpl(Unknown Source)
java.awt.Window.dispatchEventImpl(Unknown Source)
java.awt.Component.dispatchEvent(Unknown Source)
java.awt.EventQueue.dispatchEventImpl(Unknown Source)
java.awt.EventQueue.access$300(Unknown Source)
java.awt.EventQueue$3.run(Unknown Source)
java.awt.EventQueue$3.run(Unknown Source)
java.security.AccessController.doPrivileged(Native Method)
java.security.ProtectionDomain$1.doIntersectionPrivilege(Unknown Source)
java.security.ProtectionDomain$1.doIntersectionPrivilege(Unknown Source)
java.awt.EventQueue$4.run(Unknown Source)
java.awt.EventQueue$4.run(Unknown Source)
java.security.AccessController.doPrivileged(Native Method)
java.security.ProtectionDomain$1.doIntersectionPrivilege(Unknown Source)
java.awt.EventQueue.dispatchEvent(Unknown Source)
java.awt.EventDispatchThread.pumpOneEventForFilters(Unknown Source)
java.awt.EventDispatchThread.pumpEventsForFilter(Unknown Source)
java.awt.EventDispatchThread.pumpEventsForHierarchy(Unknown Source)
java.awt.EventDispatchThread.pumpEvents(Unknown Source)
java.awt.EventDispatchThread.pumpEvents(Unknown Source)
java.awt.EventDispatchThread.run(Unknown Source)

