四月 05, 2017 2:51:10 下午 com.icbc.devp.tool.log.Log error
严重: 执行[UPDATE MBDP_B_STEPDEF SET ENABLE_FLAG='0' WHERE APP='CBMS' AND CYCLE='D' AND DATA_SOURCE='LOCAL' AND STEPNO IN ('CBMS_D_LOCAL_LOCAL_D_PROC_7038', 'LOCAL_D_FILECM_0129', 'LOCAL_D_FILECM_0128', 'LOCAL_D_FILECM_0125', 'LOCAL_D_FILECM_0124', 'LOCAL_D_FILECM_0127', 'LOCAL_D_FILECM_0126', 'LOCAL_D_FILECM_0121', 'LOCAL_D_FILECM_0120', 'LOCAL_D_FILECM_0123', 'LOCAL_D_FILECM_0122', 'LOCAL_D_FILECM_0130', 'LOCAL_D_FILECM_5002', 'LOCAL_D_FILECM_5003', 'LOCAL_D_FILECM_5001', 'LOCAL_D_EXP_0005', 'LOCAL_D_FILECM_0065', 'LOCAL_D_EXP_0004', 'LOCAL_D_EXP_0003', 'LOCAL_D_EXP_0002', 'LOCAL_D_EXP_0001', 'LOCAL_D_FILECM_0060', 'LOCAL_D_FILECM_0064', 'LOCAL_D_EXP_0006', 'LOCAL_D_FILECM_0119', 'LOCAL_D_FILECM_0063', 'LOCAL_D_IMP_5001', 'LOCAL_D_EXP_0007', 'LOCAL_D_FILECM_0118', 'LOCAL_D_FILECM_0062', 'LOCAL_D_EXP_0008', 'LOCAL_D_FILECM_0117', 'LOCAL_D_FILECM_0061', 'LOCAL_D_EXP_0009', 'LOCAL_D_FILECM_0116', 'LOCAL_D_FILECM_0115', 'LOCAL_D_FILECM_0114', 'LOCAL_D_FILECM_0113', 'LOCAL_D_FILECM_0112', 'LOCAL_D_FILECM_0111', 'LOCAL_D_FILECM_0110', 'LOCAL_D_FILECM_0056', 'LOCAL_D_EXP_0014', 'LOCAL_D_EXP_0013', 'LOCAL_D_FILECM_0057', 'LOCAL_D_EXP_0016', 'LOCAL_D_FILECM_0054', 'LOCAL_D_EXP_0015', 'LOCAL_D_FILECM_0055', 'LOCAL_D_EXP_0010', 'LOCAL_D_EXP_0012', 'LOCAL_D_FILECM_0058', 'LOCAL_D_EXP_0011', 'LOCAL_D_FILECM_0059', 'LOCAL_D_FILECM_0051', 'LOCAL_D_EXP_0019', 'LOCAL_D_FILECM_0050', 'LOCAL_D_EXP_0017', 'LOCAL_D_FILECM_0053', 'LOCAL_D_FILECM_0052', 'LOCAL_D_EXP_0018', 'LOCAL_D_FILECM_0143', 'LOCAL_D_FILECM_0142', 'LOCAL_D_FILECM_0145', 'LOCAL_D_FILECM_0144', 'LOCAL_D_FILECM_0147', 'LOCAL_D_FILECM_0149', 'LOCAL_D_FILECM_0148', 'LOCAL_D_MKCTL_4000', 'LOCAL_D_EXP_5011', 'LOCAL_D_FILECM_0150', 'LOCAL_D_EXP_5010', 'LOCAL_D_FILECM_0151', 'LOCAL_D_FILECM_0152', 'LOCAL_D_EXP_5012', 'LOCAL_D_EXP_0023', 'LOCAL_D_FILECM_0047', 'LOCAL_D_FILECM_0048', 'LOCAL_D_EXP_0022', 'LOCAL_D_ZIP_4000', 'LOCAL_D_EXP_0021', 'LOCAL_D_FILECM_0049', 'LOCAL_D_EXP_0020', 'LOCAL_D_FILECM_0043', 'LOCAL_D_EXP_0027', 'LOCAL_D_FILECM_0044', 'LOCAL_D_EXP_0026', 'LOCAL_D_FILECM_0045', 'LOCAL_D_EXP_0025', 'LOCAL_D_EXP_0024', 'LOCAL_D_FILECM_0046', 'LOCAL_D_FILECM_0042', 'LOCAL_D_EXP_0028', 'LOCAL_D_EXP_0029', 'LOCAL_D_FILECM_0041', 'LOCAL_D_FILECM_0040', 'LOCAL_D_FILECM_0139', 'LOCAL_D_FILECM_0134', 'LOCAL_D_FILECM_0133', 'LOCAL_D_FILECM_0132', 'LOCAL_D_FILECM_0131', 'LOCAL_D_FILECM_0138', 'LOCAL_D_FILECM_0137', 'LOCAL_D_FILECM_0136', 'LOCAL_D_FILECM_0135', 'LOCAL_D_EXP_0030', 'LOCAL_D_EXP_0032', 'LOCAL_D_FILECM_0038', 'LOCAL_D_EXP_0031', 'LOCAL_D_FILECM_0039', 'LOCAL_D_FILECM_0036', 'LOCAL_D_EXP_0034', 'LOCAL_D_EXP_0033', 'LOCAL_D_FILECM_0037', 'LOCAL_D_EXP_0036', 'LOCAL_D_FILECM_0034', 'LOCAL_D_FILECM_0035', 'LOCAL_D_EXP_0035', 'LOCAL_D_EXP_0038', 'LOCAL_D_FILECM_0032', 'LOCAL_D_EXP_0037', 'LOCAL_D_FILECM_0033', 'LOCAL_D_PROC_7030', 'LOCAL_D_FILECM_4008', 'LOCAL_D_PROC_7038', 'LOCAL_D_PROC_7037', 'LOCAL_D_FILECM_4007', 'LOCAL_D_PROC_7036', 'LOCAL_D_PROC_7035', 'LOCAL_D_FILECM_4009', 'LOCAL_D_PROC_7034', 'LOCAL_D_FILECM_4004', 'LOCAL_D_PROC_7033', 'LOCAL_D_FILECM_4003', 'LOCAL_D_PROC_7032', 'LOCAL_D_FILECM_0030', 'LOCAL_D_FILECM_4006', 'LOCAL_D_PROC_7031', 'LOCAL_D_FILECM_4005', 'LOCAL_D_FILECM_0031', 'LOCAL_D_FILECM_0022', 'LOCAL_D_FILECM_4010', 'LOCAL_D_FILECM_0021', 'LOCAL_D_FILECM_4011', 'LOCAL_D_FILECM_0024', 'LOCAL_D_FILECM_4012', 'LOCAL_D_FILECM_0023', 'LOCAL_D_FILECM_4013', 'LOCAL_D_FILECM_0026', 'LOCAL_D_FILECM_0025', 'LOCAL_D_FILECM_0028', 'LOCAL_D_FILECM_0027', 'LOCAL_D_FILECM_0029', 'LOCAL_D_JAVA_5002', 'LOCAL_D_JAVA_5003', 'LOCAL_D_ZIP_5002', 'LOCAL_D_JAVA_4000', 'LOCAL_D_JAVA_5004', 'LOCAL_D_ZIP_5001', 'LOCAL_D_JAVA_5005', 'LOCAL_D_JAVA_5006', 'LOCAL_D_FILECM_0159', 'LOCAL_D_PROC_5025', 'LOCAL_D_PROC_5024', 'LOCAL_D_PROC_5023', 'LOCAL_D_FILECM_0157', 'LOCAL_D_PROC_5022', 'LOCAL_D_FILECM_0158', 'LOCAL_D_FILECM_0155', 'LOCAL_D_PROC_5021', 'LOCAL_D_FILECM_0156', 'LOCAL_D_PROC_5020', 'LOCAL_D_FILECM_0153', 'LOCAL_D_FILECM_0154', 'LOCAL_D_PROC_7027', 'LOCAL_D_PROC_7026', 'LOCAL_D_PROC_7021', 'LOCAL_D_FILECM_0020', 'LOCAL_D_PROC_7020', 'LOCAL_D_FILECM_4001', 'LOCAL_D_FILECM_0013', 'LOCAL_D_FILECM_4002', 'LOCAL_D_FILECM_0012', 'LOCAL_D_FILECM_0011', 'LOCAL_D_EXP_5007', 'LOCAL_D_FILECM_0010', 'LOCAL_D_FILECM_4000', 'LOCAL_D_EXP_5008', 'LOCAL_D_FILECM_0017', 'LOCAL_D_PROC_7028', 'LOCAL_D_EXP_5005', 'LOCAL_D_FILECM_0016', 'LOCAL_D_PROC_7029', 'LOCAL_D_EXP_5006', 'LOCAL_D_FILECM_0015', 'LOCAL_D_FILECM_0014', 'LOCAL_D_EXP_5002', 'LOCAL_D_FILECM_0019', 'LOCAL_D_FILECM_0018', 'LOCAL_D_FILECM_0160', 'LOCAL_D_PROC_5026', 'LOCAL_D_PROC_5027', 'LOCAL_D_PROC_5010', 'LOCAL_D_PROC_5012', 'LOCAL_D_PROC_5011', 'LOCAL_D_PROC_5014', 'LOCAL_D_PROC_5013', 'LOCAL_D_FILECM_4025', 'LOCAL_D_FILECM_0004', 'LOCAL_D_FILECM_0003', 'LOCAL_D_FILECM_0006', 'LOCAL_D_FILECM_0005', 'LOCAL_D_FILECM_0002', 'LOCAL_D_FILECM_0001', 'LOCAL_D_PROC_5017', 'LOCAL_D_PROC_5019', 'LOCAL_D_FILECM_0008', 'LOCAL_D_FILECM_0007', 'LOCAL_D_FILECM_0009', 'LOCAL_D_PROC_5003', 'LOCAL_D_PROC_1000', 'LOCAL_D_FILECM_4017', 'LOCAL_D_FILECM_4016', 'LOCAL_D_FILECM_7038', 'LOCAL_D_FILECM_4015', 'LOCAL_D_FILECM_4014', 'LOCAL_D_PROC_0031', 'LOCAL_D_FILECM_4019', 'LOCAL_D_FILECM_4018', 'LOCAL_D_PROC_0030', 'LOCAL_D_FILECM_4020', 'LOCAL_D_FILECM_4023', 'LOCAL_D_UMSPMSG_5003', 'LOCAL_D_UMSPMSG_5002', 'LOCAL_D_FILECM_4024', 'LOCAL_D_FILECM_4021', 'LOCAL_D_FILECM_4022', 'LOCAL_D_UMSPMSG_5004', 'LOCAL_D_PROC_5006', 'LOCAL_D_PROC_5007', 'LOCAL_D_PROC_5004', 'LOCAL_D_PROC_5005', 'LOCAL_D_PROC_5008', 'LOCAL_D_PROC_5009', 'LOCAL_D_PROC_0019', 'LOCAL_D_PROC_0018', 'LOCAL_D_FILECM_5050', 'LOCAL_D_FILECM_5053', 'LOCAL_D_PROC_0013', 'LOCAL_D_FILECM_5054', 'LOCAL_D_PROC_0012', 'LOCAL_D_FILECM_5051', 'LOCAL_D_PROC_0011', 'LOCAL_D_FILECM_5052', 'LOCAL_D_PROC_0010', 'LOCAL_D_FILECM_5057', 'LOCAL_D_PROC_0017', 'LOCAL_D_FILECM_5058', 'LOCAL_D_PROC_0016', 'LOCAL_D_FILECM_5055', 'LOCAL_D_PROC_0015', 'LOCAL_D_FILECM_5056', 'LOCAL_D_PROC_0014', 'LOCAL_D_FILECM_5049', 'LOCAL_D_FILECM_5048', 'LOCAL_D_PROC_0029', 'LOCAL_D_FILECM_5060', 'LOCAL_D_FILECM_5061', 'LOCAL_D_PROC_0022', 'LOCAL_D_FILECM_5062', 'LOCAL_D_PROC_0021', 'LOCAL_D_FILECM_5063', 'LOCAL_D_FILECM_5064', 'LOCAL_D_FILECM_5065', 'LOCAL_D_PROC_0023', 'LOCAL_D_FILECM_5066', 'LOCAL_D_PROC_0026', 'LOCAL_D_FILECM_5067', 'LOCAL_D_PROC_0025', 'LOCAL_D_PROC_0028', 'LOCAL_D_PROC_0027', 'LOCAL_D_FILECM_5059', 'LOCAL_D_PROC_0020', 'LOCAL_D_PROC_0008', 'LOCAL_D_PROC_0007', 'LOCAL_D_PROC_0009', 'LOCAL_D_PROC_0004', 'LOCAL_D_PROC_0003', 'LOCAL_D_PROC_0006', 'LOCAL_D_PROC_0005', 'LOCAL_D_PROC_0002', 'LOCAL_D_PROC_0001', 'LOCAL_D_EXP_4009', 'LOCAL_D_JAVA_0004', 'LOCAL_D_EXP_4008', 'LOCAL_D_JAVA_0003', 'LOCAL_D_EXP_4007', 'LOCAL_D_EXP_4006', 'LOCAL_D_JAVA_0005', 'LOCAL_D_EXP_4005', 'LOCAL_D_EXP_4004', 'LOCAL_D_EXP_4003', 'LOCAL_D_EXP_4002', 'LOCAL_D_EXP_4001', 'LOCAL_D_EXP_4000', 'LOCAL_D_JAVA_0002', 'LOCAL_D_JAVA_0001', 'LOCAL_D_FILECM_5010', 'LOCAL_D_FILECM_5014', 'LOCAL_D_FILECM_5013', 'LOCAL_D_FILECM_5012', 'LOCAL_D_FILECM_5011', 'LOCAL_D_FILECM_5006', 'LOCAL_D_FILECM_5007', 'LOCAL_D_FILECM_5004', 'LOCAL_D_FILECM_5005', 'LOCAL_D_FILECM_5008', 'LOCAL_D_FILECM_5009', 'LOCAL_D_EXP_0042', 'LOCAL_D_PROC_5057', 'LOCAL_D_EXP_0043', 'LOCAL_D_FILECM_5021', 'LOCAL_D_EXP_0044', 'LOCAL_D_PROC_5055', 'LOCAL_D_PROC_5056', 'LOCAL_D_FILECM_5023', 'LOCAL_D_PROC_5054', 'LOCAL_D_FILECM_5022', 'LOCAL_D_FILECM_5025', 'LOCAL_D_PROC_5051', 'LOCAL_D_FILECM_5024', 'LOCAL_D_PROC_5052', 'LOCAL_D_EXP_0040', 'LOCAL_D_EXP_0041', 'LOCAL_D_MKCTL_0001', 'LOCAL_D_MKCTL_0003', 'LOCAL_D_UMSPMSG_0001', 'LOCAL_D_FILECM_5015', 'LOCAL_D_MKCTL_0103', 'LOCAL_D_EXP_0039', 'LOCAL_D_FILECM_5016', 'LOCAL_D_UMSPMSG_0002', 'LOCAL_D_FILECM_5017', 'LOCAL_D_UMSPMSG_0003', 'LOCAL_D_MKCTL_0101', 'LOCAL_D_FILECM_5018', 'LOCAL_D_FILECM_5036', 'LOCAL_D_FILECM_5035', 'LOCAL_D_FILECM_5034', 'LOCAL_D_FILECM_5033', 'LOCAL_D_FILECM_5032', 'LOCAL_D_FILECM_5031', 'LOCAL_D_FILECM_5030', 'LOCAL_D_FILECM_5028', 'LOCAL_D_FILECM_5029', 'LOCAL_D_FILECM_5026', 'LOCAL_D_FILECM_5027', 'LOCAL_D_FILECM_5045', 'LOCAL_D_FILECM_5044', 'LOCAL_D_FILECM_5046', 'LOCAL_D_FILECM_5041', 'LOCAL_D_EXP_7038', 'LOCAL_D_FILECM_5040', 'LOCAL_D_FILECM_5043', 'LOCAL_D_FILECM_5042', 'LOCAL_D_FILECM_0104', 'LOCAL_D_FILECM_0105', 'LOCAL_D_FILECM_0102', 'LOCAL_D_FILECM_0103', 'LOCAL_D_FILECM_0101', 'LOCAL_D_FILECM_5037', 'LOCAL_D_FILECM_0108', 'LOCAL_D_FILECM_5038', 'LOCAL_D_FILECM_0109', 'LOCAL_D_FILECM_5039', 'LOCAL_D_FILECM_0106', 'LOCAL_D_FILECM_0107')]时出错：IO 错误: Software caused connection abort: socket write error
四月 05, 2017 2:51:10 下午 com.icbc.devp.tool.log.Log error
严重: 执行[UPDATE OBMS_BATCHSTEP_DEF SET ENABLE_FLAG='0' WHERE APP='CBMS' AND CYCLE='D' AND DATA_SOURCE||'#'||TZGCODE='LOCAL' AND STEPNO IN ('CBMS_D_LOCAL_LOCAL_D_PROC_7038', 'LOCAL_D_FILECM_0129', 'LOCAL_D_FILECM_0128', 'LOCAL_D_FILECM_0125', 'LOCAL_D_FILECM_0124', 'LOCAL_D_FILECM_0127', 'LOCAL_D_FILECM_0126', 'LOCAL_D_FILECM_0121', 'LOCAL_D_FILECM_0120', 'LOCAL_D_FILECM_0123', 'LOCAL_D_FILECM_0122', 'LOCAL_D_FILECM_0130', 'LOCAL_D_FILECM_5002', 'LOCAL_D_FILECM_5003', 'LOCAL_D_FILECM_5001', 'LOCAL_D_EXP_0005', 'LOCAL_D_FILECM_0065', 'LOCAL_D_EXP_0004', 'LOCAL_D_EXP_0003', 'LOCAL_D_EXP_0002', 'LOCAL_D_EXP_0001', 'LOCAL_D_FILECM_0060', 'LOCAL_D_FILECM_0064', 'LOCAL_D_EXP_0006', 'LOCAL_D_FILECM_0119', 'LOCAL_D_FILECM_0063', 'LOCAL_D_IMP_5001', 'LOCAL_D_EXP_0007', 'LOCAL_D_FILECM_0118', 'LOCAL_D_FILECM_0062', 'LOCAL_D_EXP_0008', 'LOCAL_D_FILECM_0117', 'LOCAL_D_FILECM_0061', 'LOCAL_D_EXP_0009', 'LOCAL_D_FILECM_0116', 'LOCAL_D_FILECM_0115', 'LOCAL_D_FILECM_0114', 'LOCAL_D_FILECM_0113', 'LOCAL_D_FILECM_0112', 'LOCAL_D_FILECM_0111', 'LOCAL_D_FILECM_0110', 'LOCAL_D_FILECM_0056', 'LOCAL_D_EXP_0014', 'LOCAL_D_EXP_0013', 'LOCAL_D_FILECM_0057', 'LOCAL_D_EXP_0016', 'LOCAL_D_FILECM_0054', 'LOCAL_D_EXP_0015', 'LOCAL_D_FILECM_0055', 'LOCAL_D_EXP_0010', 'LOCAL_D_EXP_0012', 'LOCAL_D_FILECM_0058', 'LOCAL_D_EXP_0011', 'LOCAL_D_FILECM_0059', 'LOCAL_D_FILECM_0051', 'LOCAL_D_EXP_0019', 'LOCAL_D_FILECM_0050', 'LOCAL_D_EXP_0017', 'LOCAL_D_FILECM_0053', 'LOCAL_D_FILECM_0052', 'LOCAL_D_EXP_0018', 'LOCAL_D_FILECM_0143', 'LOCAL_D_FILECM_0142', 'LOCAL_D_FILECM_0145', 'LOCAL_D_FILECM_0144', 'LOCAL_D_FILECM_0147', 'LOCAL_D_FILECM_0149', 'LOCAL_D_FILECM_0148', 'LOCAL_D_MKCTL_4000', 'LOCAL_D_EXP_5011', 'LOCAL_D_FILECM_0150', 'LOCAL_D_EXP_5010', 'LOCAL_D_FILECM_0151', 'LOCAL_D_FILECM_0152', 'LOCAL_D_EXP_5012', 'LOCAL_D_EXP_0023', 'LOCAL_D_FILECM_0047', 'LOCAL_D_FILECM_0048', 'LOCAL_D_EXP_0022', 'LOCAL_D_ZIP_4000', 'LOCAL_D_EXP_0021', 'LOCAL_D_FILECM_0049', 'LOCAL_D_EXP_0020', 'LOCAL_D_FILECM_0043', 'LOCAL_D_EXP_0027', 'LOCAL_D_FILECM_0044', 'LOCAL_D_EXP_0026', 'LOCAL_D_FILECM_0045', 'LOCAL_D_EXP_0025', 'LOCAL_D_EXP_0024', 'LOCAL_D_FILECM_0046', 'LOCAL_D_FILECM_0042', 'LOCAL_D_EXP_0028', 'LOCAL_D_EXP_0029', 'LOCAL_D_FILECM_0041', 'LOCAL_D_FILECM_0040', 'LOCAL_D_FILECM_0139', 'LOCAL_D_FILECM_0134', 'LOCAL_D_FILECM_0133', 'LOCAL_D_FILECM_0132', 'LOCAL_D_FILECM_0131', 'LOCAL_D_FILECM_0138', 'LOCAL_D_FILECM_0137', 'LOCAL_D_FILECM_0136', 'LOCAL_D_FILECM_0135', 'LOCAL_D_EXP_0030', 'LOCAL_D_EXP_0032', 'LOCAL_D_FILECM_0038', 'LOCAL_D_EXP_0031', 'LOCAL_D_FILECM_0039', 'LOCAL_D_FILECM_0036', 'LOCAL_D_EXP_0034', 'LOCAL_D_EXP_0033', 'LOCAL_D_FILECM_0037', 'LOCAL_D_EXP_0036', 'LOCAL_D_FILECM_0034', 'LOCAL_D_FILECM_0035', 'LOCAL_D_EXP_0035', 'LOCAL_D_EXP_0038', 'LOCAL_D_FILECM_0032', 'LOCAL_D_EXP_0037', 'LOCAL_D_FILECM_0033', 'LOCAL_D_PROC_7030', 'LOCAL_D_FILECM_4008', 'LOCAL_D_PROC_7038', 'LOCAL_D_PROC_7037', 'LOCAL_D_FILECM_4007', 'LOCAL_D_PROC_7036', 'LOCAL_D_PROC_7035', 'LOCAL_D_FILECM_4009', 'LOCAL_D_PROC_7034', 'LOCAL_D_FILECM_4004', 'LOCAL_D_PROC_7033', 'LOCAL_D_FILECM_4003', 'LOCAL_D_PROC_7032', 'LOCAL_D_FILECM_0030', 'LOCAL_D_FILECM_4006', 'LOCAL_D_PROC_7031', 'LOCAL_D_FILECM_4005', 'LOCAL_D_FILECM_0031', 'LOCAL_D_FILECM_0022', 'LOCAL_D_FILECM_4010', 'LOCAL_D_FILECM_0021', 'LOCAL_D_FILECM_4011', 'LOCAL_D_FILECM_0024', 'LOCAL_D_FILECM_4012', 'LOCAL_D_FILECM_0023', 'LOCAL_D_FILECM_4013', 'LOCAL_D_FILECM_0026', 'LOCAL_D_FILECM_0025', 'LOCAL_D_FILECM_0028', 'LOCAL_D_FILECM_0027', 'LOCAL_D_FILECM_0029', 'LOCAL_D_JAVA_5002', 'LOCAL_D_JAVA_5003', 'LOCAL_D_ZIP_5002', 'LOCAL_D_JAVA_4000', 'LOCAL_D_JAVA_5004', 'LOCAL_D_ZIP_5001', 'LOCAL_D_JAVA_5005', 'LOCAL_D_JAVA_5006', 'LOCAL_D_FILECM_0159', 'LOCAL_D_PROC_5025', 'LOCAL_D_PROC_5024', 'LOCAL_D_PROC_5023', 'LOCAL_D_FILECM_0157', 'LOCAL_D_PROC_5022', 'LOCAL_D_FILECM_0158', 'LOCAL_D_FILECM_0155', 'LOCAL_D_PROC_5021', 'LOCAL_D_FILECM_0156', 'LOCAL_D_PROC_5020', 'LOCAL_D_FILECM_0153', 'LOCAL_D_FILECM_0154', 'LOCAL_D_PROC_7027', 'LOCAL_D_PROC_7026', 'LOCAL_D_PROC_7021', 'LOCAL_D_FILECM_0020', 'LOCAL_D_PROC_7020', 'LOCAL_D_FILECM_4001', 'LOCAL_D_FILECM_0013', 'LOCAL_D_FILECM_4002', 'LOCAL_D_FILECM_0012', 'LOCAL_D_FILECM_0011', 'LOCAL_D_EXP_5007', 'LOCAL_D_FILECM_0010', 'LOCAL_D_FILECM_4000', 'LOCAL_D_EXP_5008', 'LOCAL_D_FILECM_0017', 'LOCAL_D_PROC_7028', 'LOCAL_D_EXP_5005', 'LOCAL_D_FILECM_0016', 'LOCAL_D_PROC_7029', 'LOCAL_D_EXP_5006', 'LOCAL_D_FILECM_0015', 'LOCAL_D_FILECM_0014', 'LOCAL_D_EXP_5002', 'LOCAL_D_FILECM_0019', 'LOCAL_D_FILECM_0018', 'LOCAL_D_FILECM_0160', 'LOCAL_D_PROC_5026', 'LOCAL_D_PROC_5027', 'LOCAL_D_PROC_5010', 'LOCAL_D_PROC_5012', 'LOCAL_D_PROC_5011', 'LOCAL_D_PROC_5014', 'LOCAL_D_PROC_5013', 'LOCAL_D_FILECM_4025', 'LOCAL_D_FILECM_0004', 'LOCAL_D_FILECM_0003', 'LOCAL_D_FILECM_0006', 'LOCAL_D_FILECM_0005', 'LOCAL_D_FILECM_0002', 'LOCAL_D_FILECM_0001', 'LOCAL_D_PROC_5017', 'LOCAL_D_PROC_5019', 'LOCAL_D_FILECM_0008', 'LOCAL_D_FILECM_0007', 'LOCAL_D_FILECM_0009', 'LOCAL_D_PROC_5003', 'LOCAL_D_PROC_1000', 'LOCAL_D_FILECM_4017', 'LOCAL_D_FILECM_4016', 'LOCAL_D_FILECM_7038', 'LOCAL_D_FILECM_4015', 'LOCAL_D_FILECM_4014', 'LOCAL_D_PROC_0031', 'LOCAL_D_FILECM_4019', 'LOCAL_D_FILECM_4018', 'LOCAL_D_PROC_0030', 'LOCAL_D_FILECM_4020', 'LOCAL_D_FILECM_4023', 'LOCAL_D_UMSPMSG_5003', 'LOCAL_D_UMSPMSG_5002', 'LOCAL_D_FILECM_4024', 'LOCAL_D_FILECM_4021', 'LOCAL_D_FILECM_4022', 'LOCAL_D_UMSPMSG_5004', 'LOCAL_D_PROC_5006', 'LOCAL_D_PROC_5007', 'LOCAL_D_PROC_5004', 'LOCAL_D_PROC_5005', 'LOCAL_D_PROC_5008', 'LOCAL_D_PROC_5009', 'LOCAL_D_PROC_0019', 'LOCAL_D_PROC_0018', 'LOCAL_D_FILECM_5050', 'LOCAL_D_FILECM_5053', 'LOCAL_D_PROC_0013', 'LOCAL_D_FILECM_5054', 'LOCAL_D_PROC_0012', 'LOCAL_D_FILECM_5051', 'LOCAL_D_PROC_0011', 'LOCAL_D_FILECM_5052', 'LOCAL_D_PROC_0010', 'LOCAL_D_FILECM_5057', 'LOCAL_D_PROC_0017', 'LOCAL_D_FILECM_5058', 'LOCAL_D_PROC_0016', 'LOCAL_D_FILECM_5055', 'LOCAL_D_PROC_0015', 'LOCAL_D_FILECM_5056', 'LOCAL_D_PROC_0014', 'LOCAL_D_FILECM_5049', 'LOCAL_D_FILECM_5048', 'LOCAL_D_PROC_0029', 'LOCAL_D_FILECM_5060', 'LOCAL_D_FILECM_5061', 'LOCAL_D_PROC_0022', 'LOCAL_D_FILECM_5062', 'LOCAL_D_PROC_0021', 'LOCAL_D_FILECM_5063', 'LOCAL_D_FILECM_5064', 'LOCAL_D_FILECM_5065', 'LOCAL_D_PROC_0023', 'LOCAL_D_FILECM_5066', 'LOCAL_D_PROC_0026', 'LOCAL_D_FILECM_5067', 'LOCAL_D_PROC_0025', 'LOCAL_D_PROC_0028', 'LOCAL_D_PROC_0027', 'LOCAL_D_FILECM_5059', 'LOCAL_D_PROC_0020', 'LOCAL_D_PROC_0008', 'LOCAL_D_PROC_0007', 'LOCAL_D_PROC_0009', 'LOCAL_D_PROC_0004', 'LOCAL_D_PROC_0003', 'LOCAL_D_PROC_0006', 'LOCAL_D_PROC_0005', 'LOCAL_D_PROC_0002', 'LOCAL_D_PROC_0001', 'LOCAL_D_EXP_4009', 'LOCAL_D_JAVA_0004', 'LOCAL_D_EXP_4008', 'LOCAL_D_JAVA_0003', 'LOCAL_D_EXP_4007', 'LOCAL_D_EXP_4006', 'LOCAL_D_JAVA_0005', 'LOCAL_D_EXP_4005', 'LOCAL_D_EXP_4004', 'LOCAL_D_EXP_4003', 'LOCAL_D_EXP_4002', 'LOCAL_D_EXP_4001', 'LOCAL_D_EXP_4000', 'LOCAL_D_JAVA_0002', 'LOCAL_D_JAVA_0001', 'LOCAL_D_FILECM_5010', 'LOCAL_D_FILECM_5014', 'LOCAL_D_FILECM_5013', 'LOCAL_D_FILECM_5012', 'LOCAL_D_FILECM_5011', 'LOCAL_D_FILECM_5006', 'LOCAL_D_FILECM_5007', 'LOCAL_D_FILECM_5004', 'LOCAL_D_FILECM_5005', 'LOCAL_D_FILECM_5008', 'LOCAL_D_FILECM_5009', 'LOCAL_D_EXP_0042', 'LOCAL_D_PROC_5057', 'LOCAL_D_EXP_0043', 'LOCAL_D_FILECM_5021', 'LOCAL_D_EXP_0044', 'LOCAL_D_PROC_5055', 'LOCAL_D_PROC_5056', 'LOCAL_D_FILECM_5023', 'LOCAL_D_PROC_5054', 'LOCAL_D_FILECM_5022', 'LOCAL_D_FILECM_5025', 'LOCAL_D_PROC_5051', 'LOCAL_D_FILECM_5024', 'LOCAL_D_PROC_5052', 'LOCAL_D_EXP_0040', 'LOCAL_D_EXP_0041', 'LOCAL_D_MKCTL_0001', 'LOCAL_D_MKCTL_0003', 'LOCAL_D_UMSPMSG_0001', 'LOCAL_D_FILECM_5015', 'LOCAL_D_MKCTL_0103', 'LOCAL_D_EXP_0039', 'LOCAL_D_FILECM_5016', 'LOCAL_D_UMSPMSG_0002', 'LOCAL_D_FILECM_5017', 'LOCAL_D_UMSPMSG_0003', 'LOCAL_D_MKCTL_0101', 'LOCAL_D_FILECM_5018', 'LOCAL_D_FILECM_5036', 'LOCAL_D_FILECM_5035', 'LOCAL_D_FILECM_5034', 'LOCAL_D_FILECM_5033', 'LOCAL_D_FILECM_5032', 'LOCAL_D_FILECM_5031', 'LOCAL_D_FILECM_5030', 'LOCAL_D_FILECM_5028', 'LOCAL_D_FILECM_5029', 'LOCAL_D_FILECM_5026', 'LOCAL_D_FILECM_5027', 'LOCAL_D_FILECM_5045', 'LOCAL_D_FILECM_5044', 'LOCAL_D_FILECM_5046', 'LOCAL_D_FILECM_5041', 'LOCAL_D_EXP_7038', 'LOCAL_D_FILECM_5040', 'LOCAL_D_FILECM_5043', 'LOCAL_D_FILECM_5042', 'LOCAL_D_FILECM_0104', 'LOCAL_D_FILECM_0105', 'LOCAL_D_FILECM_0102', 'LOCAL_D_FILECM_0103', 'LOCAL_D_FILECM_0101', 'LOCAL_D_FILECM_5037', 'LOCAL_D_FILECM_0108', 'LOCAL_D_FILECM_5038', 'LOCAL_D_FILECM_0109', 'LOCAL_D_FILECM_5039', 'LOCAL_D_FILECM_0106', 'LOCAL_D_FILECM_0107')]时出错：关闭的连接
四月 05, 2017 2:51:10 下午 com.icbc.devp.tool.log.Log error
严重: [EnableStepAction.actionPerformed]更新CBMS_D_LOCAL_LOCAL_D_FILECM_0107失败！
四月 05, 2017 3:42:01 下午 com.icbc.devp.tool.log.Log exception
严重: oracle.jdbc.driver.T4CConnection.logon(T4CConnection.java:458)
oracle.jdbc.driver.PhysicalConnection.<init>(PhysicalConnection.java:548)
oracle.jdbc.driver.T4CConnection.<init>(T4CConnection.java:236)
oracle.jdbc.driver.T4CDriverExtension.getConnection(T4CDriverExtension.java:32)
oracle.jdbc.driver.OracleDriver.connect(OracleDriver.java:521)
java.sql.DriverManager.getConnection(Unknown Source)
java.sql.DriverManager.getConnection(Unknown Source)
com.icbc.devp.tool.db.ConnectionManager.initDBConnection(ConnectionManager.java:51)
com.icbc.devp.gui.toolbar.ChooseDbEnvAction.actionPerformed(ChooseDbEnvAction.java:47)
javax.swing.AbstractButton.fireActionPerformed(Unknown Source)
javax.swing.AbstractButton$Handler.actionPerformed(Unknown Source)
javax.swing.DefaultButtonModel.fireActionPerformed(Unknown Source)
javax.swing.DefaultButtonModel.setPressed(Unknown Source)
javax.swing.plaf.basic.BasicButtonListener.mouseReleased(Unknown Source)
java.awt.AWTEventMulticaster.mouseReleased(Unknown Source)
java.awt.Component.processMouseEvent(Unknown Source)
javax.swing.JComponent.processMouseEvent(Unknown Source)
java.awt.Component.processEvent(Unknown Source)
java.awt.Container.processEvent(Unknown Source)
java.awt.Component.dispatchEventImpl(Unknown Source)
java.awt.Container.dispatchEventImpl(Unknown Source)
java.awt.Component.dispatchEvent(Unknown Source)
java.awt.LightweightDispatcher.retargetMouseEvent(Unknown Source)
java.awt.LightweightDispatcher.processMouseEvent(Unknown Source)
java.awt.LightweightDispatcher.dispatchEvent(Unknown Source)
java.awt.Container.dispatchEventImpl(Unknown Source)
java.awt.Window.dispatchEventImpl(Unknown Source)
java.awt.Component.dispatchEvent(Unknown Source)
java.awt.EventQueue.dispatchEventImpl(Unknown Source)
java.awt.EventQueue.access$300(Unknown Source)
java.awt.EventQueue$3.run(Unknown Source)
java.awt.EventQueue$3.run(Unknown Source)
java.security.AccessController.doPrivileged(Native Method)
java.security.ProtectionDomain$1.doIntersectionPrivilege(Unknown Source)
java.security.ProtectionDomain$1.doIntersectionPrivilege(Unknown Source)
java.awt.EventQueue$4.run(Unknown Source)
java.awt.EventQueue$4.run(Unknown Source)
java.security.AccessController.doPrivileged(Native Method)
java.security.ProtectionDomain$1.doIntersectionPrivilege(Unknown Source)
java.awt.EventQueue.dispatchEvent(Unknown Source)
java.awt.EventDispatchThread.pumpOneEventForFilters(Unknown Source)
java.awt.EventDispatchThread.pumpEventsForFilter(Unknown Source)
java.awt.EventDispatchThread.pumpEventsForHierarchy(Unknown Source)
java.awt.EventDispatchThread.pumpEvents(Unknown Source)
java.awt.EventDispatchThread.pumpEvents(Unknown Source)
java.awt.EventDispatchThread.run(Unknown Source)

四月 05, 2017 3:42:01 下午 com.icbc.devp.tool.log.Log error
严重: [ChooseDbEnvAction]连接数据库失败，请检查配置信息是否正确。
四月 05, 2017 3:42:37 下午 com.icbc.devp.tool.log.Log exception
严重: oracle.jdbc.driver.T4CConnection.logon(T4CConnection.java:458)
oracle.jdbc.driver.PhysicalConnection.<init>(PhysicalConnection.java:548)
oracle.jdbc.driver.T4CConnection.<init>(T4CConnection.java:236)
oracle.jdbc.driver.T4CDriverExtension.getConnection(T4CDriverExtension.java:32)
oracle.jdbc.driver.OracleDriver.connect(OracleDriver.java:521)
java.sql.DriverManager.getConnection(Unknown Source)
java.sql.DriverManager.getConnection(Unknown Source)
com.icbc.devp.tool.db.ConnectionManager.initDBConnection(ConnectionManager.java:51)
com.icbc.devp.gui.toolbar.ChooseDbEnvAction.actionPerformed(ChooseDbEnvAction.java:47)
javax.swing.AbstractButton.fireActionPerformed(Unknown Source)
javax.swing.AbstractButton$Handler.actionPerformed(Unknown Source)
javax.swing.DefaultButtonModel.fireActionPerformed(Unknown Source)
javax.swing.DefaultButtonModel.setPressed(Unknown Source)
javax.swing.plaf.basic.BasicButtonListener.mouseReleased(Unknown Source)
java.awt.AWTEventMulticaster.mouseReleased(Unknown Source)
java.awt.Component.processMouseEvent(Unknown Source)
javax.swing.JComponent.processMouseEvent(Unknown Source)
java.awt.Component.processEvent(Unknown Source)
java.awt.Container.processEvent(Unknown Source)
java.awt.Component.dispatchEventImpl(Unknown Source)
java.awt.Container.dispatchEventImpl(Unknown Source)
java.awt.Component.dispatchEvent(Unknown Source)
java.awt.LightweightDispatcher.retargetMouseEvent(Unknown Source)
java.awt.LightweightDispatcher.processMouseEvent(Unknown Source)
java.awt.LightweightDispatcher.dispatchEvent(Unknown Source)
java.awt.Container.dispatchEventImpl(Unknown Source)
java.awt.Window.dispatchEventImpl(Unknown Source)
java.awt.Component.dispatchEvent(Unknown Source)
java.awt.EventQueue.dispatchEventImpl(Unknown Source)
java.awt.EventQueue.access$300(Unknown Source)
java.awt.EventQueue$3.run(Unknown Source)
java.awt.EventQueue$3.run(Unknown Source)
java.security.AccessController.doPrivileged(Native Method)
java.security.ProtectionDomain$1.doIntersectionPrivilege(Unknown Source)
java.security.ProtectionDomain$1.doIntersectionPrivilege(Unknown Source)
java.awt.EventQueue$4.run(Unknown Source)
java.awt.EventQueue$4.run(Unknown Source)
java.security.AccessController.doPrivileged(Native Method)
java.security.ProtectionDomain$1.doIntersectionPrivilege(Unknown Source)
java.awt.EventQueue.dispatchEvent(Unknown Source)
java.awt.EventDispatchThread.pumpOneEventForFilters(Unknown Source)
java.awt.EventDispatchThread.pumpEventsForFilter(Unknown Source)
java.awt.EventDispatchThread.pumpEventsForHierarchy(Unknown Source)
java.awt.EventDispatchThread.pumpEvents(Unknown Source)
java.awt.EventDispatchThread.pumpEvents(Unknown Source)
java.awt.EventDispatchThread.run(Unknown Source)

四月 05, 2017 3:42:37 下午 com.icbc.devp.tool.log.Log error
严重: [ChooseDbEnvAction]连接数据库失败，请检查配置信息是否正确。
四月 05, 2017 3:43:29 下午 com.icbc.devp.tool.log.Log exception
严重: oracle.jdbc.driver.T4CTTIoer.processError(T4CTTIoer.java:445)
oracle.jdbc.driver.T4CTTIoer.processError(T4CTTIoer.java:389)
oracle.jdbc.driver.T4CTTIoer.processError(T4CTTIoer.java:382)
oracle.jdbc.driver.T4CTTIfun.processError(T4CTTIfun.java:600)
oracle.jdbc.driver.T4CTTIoauthenticate.processError(T4CTTIoauthenticate.java:445)
oracle.jdbc.driver.T4CTTIfun.receive(T4CTTIfun.java:450)
oracle.jdbc.driver.T4CTTIfun.doRPC(T4CTTIfun.java:192)
oracle.jdbc.driver.T4CTTIoauthenticate.doOAUTH(T4CTTIoauthenticate.java:380)
oracle.jdbc.driver.T4CTTIoauthenticate.doOAUTH(T4CTTIoauthenticate.java:760)
oracle.jdbc.driver.T4CConnection.logon(T4CConnection.java:401)
oracle.jdbc.driver.PhysicalConnection.<init>(PhysicalConnection.java:548)
oracle.jdbc.driver.T4CConnection.<init>(T4CConnection.java:236)
oracle.jdbc.driver.T4CDriverExtension.getConnection(T4CDriverExtension.java:32)
oracle.jdbc.driver.OracleDriver.connect(OracleDriver.java:521)
java.sql.DriverManager.getConnection(Unknown Source)
java.sql.DriverManager.getConnection(Unknown Source)
com.icbc.devp.tool.db.ConnectionManager.initDBConnection(ConnectionManager.java:51)
com.icbc.devp.gui.toolbar.ChooseDbEnvAction.actionPerformed(ChooseDbEnvAction.java:47)
javax.swing.AbstractButton.fireActionPerformed(Unknown Source)
javax.swing.AbstractButton$Handler.actionPerformed(Unknown Source)
javax.swing.DefaultButtonModel.fireActionPerformed(Unknown Source)
javax.swing.DefaultButtonModel.setPressed(Unknown Source)
javax.swing.plaf.basic.BasicButtonListener.mouseReleased(Unknown Source)
java.awt.AWTEventMulticaster.mouseReleased(Unknown Source)
java.awt.Component.processMouseEvent(Unknown Source)
javax.swing.JComponent.processMouseEvent(Unknown Source)
java.awt.Component.processEvent(Unknown Source)
java.awt.Container.processEvent(Unknown Source)
java.awt.Component.dispatchEventImpl(Unknown Source)
java.awt.Container.dispatchEventImpl(Unknown Source)
java.awt.Component.dispatchEvent(Unknown Source)
java.awt.LightweightDispatcher.retargetMouseEvent(Unknown Source)
java.awt.LightweightDispatcher.processMouseEvent(Unknown Source)
java.awt.LightweightDispatcher.dispatchEvent(Unknown Source)
java.awt.Container.dispatchEventImpl(Unknown Source)
java.awt.Window.dispatchEventImpl(Unknown Source)
java.awt.Component.dispatchEvent(Unknown Source)
java.awt.EventQueue.dispatchEventImpl(Unknown Source)
java.awt.EventQueue.access$300(Unknown Source)
java.awt.EventQueue$3.run(Unknown Source)
java.awt.EventQueue$3.run(Unknown Source)
java.security.AccessController.doPrivileged(Native Method)
java.security.ProtectionDomain$1.doIntersectionPrivilege(Unknown Source)
java.security.ProtectionDomain$1.doIntersectionPrivilege(Unknown Source)
java.awt.EventQueue$4.run(Unknown Source)
java.awt.EventQueue$4.run(Unknown Source)
java.security.AccessController.doPrivileged(Native Method)
java.security.ProtectionDomain$1.doIntersectionPrivilege(Unknown Source)
java.awt.EventQueue.dispatchEvent(Unknown Source)
java.awt.EventDispatchThread.pumpOneEventForFilters(Unknown Source)
java.awt.EventDispatchThread.pumpEventsForFilter(Unknown Source)
java.awt.EventDispatchThread.pumpEventsForHierarchy(Unknown Source)
java.awt.EventDispatchThread.pumpEvents(Unknown Source)
java.awt.EventDispatchThread.pumpEvents(Unknown Source)
java.awt.EventDispatchThread.run(Unknown Source)

四月 05, 2017 3:43:29 下午 com.icbc.devp.tool.log.Log error
严重: [ChooseDbEnvAction]连接数据库失败，请检查配置信息是否正确。
四月 05, 2017 3:43:32 下午 com.icbc.devp.tool.log.Log exception
严重: oracle.jdbc.driver.T4CTTIoer.processError(T4CTTIoer.java:445)
oracle.jdbc.driver.T4CTTIoer.processError(T4CTTIoer.java:389)
oracle.jdbc.driver.T4CTTIoer.processError(T4CTTIoer.java:382)
oracle.jdbc.driver.T4CTTIfun.processError(T4CTTIfun.java:600)
oracle.jdbc.driver.T4CTTIoauthenticate.processError(T4CTTIoauthenticate.java:445)
oracle.jdbc.driver.T4CTTIfun.receive(T4CTTIfun.java:450)
oracle.jdbc.driver.T4CTTIfun.doRPC(T4CTTIfun.java:192)
oracle.jdbc.driver.T4CTTIoauthenticate.doOAUTH(T4CTTIoauthenticate.java:380)
oracle.jdbc.driver.T4CTTIoauthenticate.doOAUTH(T4CTTIoauthenticate.java:760)
oracle.jdbc.driver.T4CConnection.logon(T4CConnection.java:401)
oracle.jdbc.driver.PhysicalConnection.<init>(PhysicalConnection.java:548)
oracle.jdbc.driver.T4CConnection.<init>(T4CConnection.java:236)
oracle.jdbc.driver.T4CDriverExtension.getConnection(T4CDriverExtension.java:32)
oracle.jdbc.driver.OracleDriver.connect(OracleDriver.java:521)
java.sql.DriverManager.getConnection(Unknown Source)
java.sql.DriverManager.getConnection(Unknown Source)
com.icbc.devp.tool.db.ConnectionManager.initDBConnection(ConnectionManager.java:51)
com.icbc.devp.gui.toolbar.ChooseDbEnvAction.actionPerformed(ChooseDbEnvAction.java:47)
javax.swing.AbstractButton.fireActionPerformed(Unknown Source)
javax.swing.AbstractButton$Handler.actionPerformed(Unknown Source)
javax.swing.DefaultButtonModel.fireActionPerformed(Unknown Source)
javax.swing.DefaultButtonModel.setPressed(Unknown Source)
javax.swing.plaf.basic.BasicButtonListener.mouseReleased(Unknown Source)
java.awt.AWTEventMulticaster.mouseReleased(Unknown Source)
java.awt.Component.processMouseEvent(Unknown Source)
javax.swing.JComponent.processMouseEvent(Unknown Source)
java.awt.Component.processEvent(Unknown Source)
java.awt.Container.processEvent(Unknown Source)
java.awt.Component.dispatchEventImpl(Unknown Source)
java.awt.Container.dispatchEventImpl(Unknown Source)
java.awt.Component.dispatchEvent(Unknown Source)
java.awt.LightweightDispatcher.retargetMouseEvent(Unknown Source)
java.awt.LightweightDispatcher.processMouseEvent(Unknown Source)
java.awt.LightweightDispatcher.dispatchEvent(Unknown Source)
java.awt.Container.dispatchEventImpl(Unknown Source)
java.awt.Window.dispatchEventImpl(Unknown Source)
java.awt.Component.dispatchEvent(Unknown Source)
java.awt.EventQueue.dispatchEventImpl(Unknown Source)
java.awt.EventQueue.access$300(Unknown Source)
java.awt.EventQueue$3.run(Unknown Source)
java.awt.EventQueue$3.run(Unknown Source)
java.security.AccessController.doPrivileged(Native Method)
java.security.ProtectionDomain$1.doIntersectionPrivilege(Unknown Source)
java.security.ProtectionDomain$1.doIntersectionPrivilege(Unknown Source)
java.awt.EventQueue$4.run(Unknown Source)
java.awt.EventQueue$4.run(Unknown Source)
java.security.AccessController.doPrivileged(Native Method)
java.security.ProtectionDomain$1.doIntersectionPrivilege(Unknown Source)
java.awt.EventQueue.dispatchEvent(Unknown Source)
java.awt.EventDispatchThread.pumpOneEventForFilters(Unknown Source)
java.awt.EventDispatchThread.pumpEventsForFilter(Unknown Source)
java.awt.EventDispatchThread.pumpEventsForHierarchy(Unknown Source)
java.awt.EventDispatchThread.pumpEvents(Unknown Source)
java.awt.EventDispatchThread.pumpEvents(Unknown Source)
java.awt.EventDispatchThread.run(Unknown Source)

四月 05, 2017 3:43:32 下午 com.icbc.devp.tool.log.Log error
严重: [ChooseDbEnvAction]连接数据库失败，请检查配置信息是否正确。
