八月 04, 2017 2:05:02 下午 com.icbc.devp.tool.log.Log error
严重: 执行[UPDATE MBDP_B_CTL SET WORKDATE='2028-06-01', MON_RUNDAY='', PRET_TYPE='UDSN', STATUS='4' WHERE APP='BIOM' AND CYCLE='D' AND DATA_SOURCE='AUTH']时出错：IO 错误: Software caused connection abort: recv failed
八月 04, 2017 2:05:02 下午 com.icbc.devp.tool.log.Log error
严重: 执行[UPDATE OBMS_BATCH_CTL SET WORKDATE='2028-06-01', MON_RUNDAY='', PRET_TYPE='UDSN', STATUS='4' WHERE APP='BIOM' AND CYCLE='D' AND DATA_SOURCE||'#'||TZGCODE='AUTH']时出错：关闭的连接
八月 07, 2017 3:37:43 下午 com.icbc.devp.tool.log.Log exception
严重: com.icbc.devp.tool.db.DBUtils.executeQry(DBUtils.java:122)
com.icbc.devp.gui.info.DataLoader.refreshCtl(DataLoader.java:198)
com.icbc.devp.gui.dialog.CtlDialog.actionPerformed(CtlDialog.java:197)
javax.swing.AbstractButton.fireActionPerformed(Unknown Source)
javax.swing.AbstractButton$Handler.actionPerformed(Unknown Source)
javax.swing.DefaultButtonModel.fireActionPerformed(Unknown Source)
javax.swing.DefaultButtonModel.setPressed(Unknown Source)
javax.swing.plaf.basic.BasicButtonListener.mouseReleased(Unknown Source)
java.awt.Component.processMouseEvent(Unknown Source)
javax.swing.JComponent.processMouseEvent(Unknown Source)
java.awt.Component.processEvent(Unknown Source)
java.awt.Container.processEvent(Unknown Source)
java.awt.Component.dispatchEventImpl(Unknown Source)
java.awt.Container.dispatchEventImpl(Unknown Source)
java.awt.Component.dispatchEvent(Unknown Source)
java.awt.LightweightDispatcher.retargetMouseEvent(Unknown Source)
java.awt.LightweightDispatcher.processMouseEvent(Unknown Source)
java.awt.LightweightDispatcher.dispatchEvent(Unknown Source)
java.awt.Container.dispatchEventImpl(Unknown Source)
java.awt.Window.dispatchEventImpl(Unknown Source)
java.awt.Component.dispatchEvent(Unknown Source)
java.awt.EventQueue.dispatchEventImpl(Unknown Source)
java.awt.EventQueue.access$300(Unknown Source)
java.awt.EventQueue$3.run(Unknown Source)
java.awt.EventQueue$3.run(Unknown Source)
java.security.AccessController.doPrivileged(Native Method)
java.security.ProtectionDomain$1.doIntersectionPrivilege(Unknown Source)
java.security.ProtectionDomain$1.doIntersectionPrivilege(Unknown Source)
java.awt.EventQueue$4.run(Unknown Source)
java.awt.EventQueue$4.run(Unknown Source)
java.security.AccessController.doPrivileged(Native Method)
java.security.ProtectionDomain$1.doIntersectionPrivilege(Unknown Source)
java.awt.EventQueue.dispatchEvent(Unknown Source)
java.awt.EventDispatchThread.pumpOneEventForFilters(Unknown Source)
java.awt.EventDispatchThread.pumpEventsForFilter(Unknown Source)
java.awt.EventDispatchThread.pumpEventsForFilter(Unknown Source)
java.awt.WaitDispatchSupport$2.run(Unknown Source)
java.awt.WaitDispatchSupport$4.run(Unknown Source)
java.security.AccessController.doPrivileged(Native Method)
java.awt.WaitDispatchSupport.enter(Unknown Source)
java.awt.Dialog.show(Unknown Source)
java.awt.Component.show(Unknown Source)
java.awt.Component.setVisible(Unknown Source)
java.awt.Window.setVisible(Unknown Source)
java.awt.Dialog.setVisible(Unknown Source)
com.icbc.devp.gui.dialog.CtlDialog.showCtlInfo(CtlDialog.java:68)
com.icbc.devp.gui.trees.CtlInfoAction.actionPerformed(CtlInfoAction.java:32)
javax.swing.AbstractButton.fireActionPerformed(Unknown Source)
javax.swing.AbstractButton$Handler.actionPerformed(Unknown Source)
javax.swing.DefaultButtonModel.fireActionPerformed(Unknown Source)
javax.swing.DefaultButtonModel.setPressed(Unknown Source)
javax.swing.AbstractButton.doClick(Unknown Source)
javax.swing.plaf.basic.BasicMenuItemUI.doClick(Unknown Source)
javax.swing.plaf.basic.BasicMenuItemUI$Handler.mouseReleased(Unknown Source)
java.awt.Component.processMouseEvent(Unknown Source)
javax.swing.JComponent.processMouseEvent(Unknown Source)
java.awt.Component.processEvent(Unknown Source)
java.awt.Container.processEvent(Unknown Source)
java.awt.Component.dispatchEventImpl(Unknown Source)
java.awt.Container.dispatchEventImpl(Unknown Source)
java.awt.Component.dispatchEvent(Unknown Source)
java.awt.LightweightDispatcher.retargetMouseEvent(Unknown Source)
java.awt.LightweightDispatcher.processMouseEvent(Unknown Source)
java.awt.LightweightDispatcher.dispatchEvent(Unknown Source)
java.awt.Container.dispatchEventImpl(Unknown Source)
java.awt.Window.dispatchEventImpl(Unknown Source)
java.awt.Component.dispatchEvent(Unknown Source)
java.awt.EventQueue.dispatchEventImpl(Unknown Source)
java.awt.EventQueue.access$300(Unknown Source)
java.awt.EventQueue$3.run(Unknown Source)
java.awt.EventQueue$3.run(Unknown Source)
java.security.AccessController.doPrivileged(Native Method)
java.security.ProtectionDomain$1.doIntersectionPrivilege(Unknown Source)
java.security.ProtectionDomain$1.doIntersectionPrivilege(Unknown Source)
java.awt.EventQueue$4.run(Unknown Source)
java.awt.EventQueue$4.run(Unknown Source)
java.security.AccessController.doPrivileged(Native Method)
java.security.ProtectionDomain$1.doIntersectionPrivilege(Unknown Source)
java.awt.EventQueue.dispatchEvent(Unknown Source)
java.awt.EventDispatchThread.pumpOneEventForFilters(Unknown Source)
java.awt.EventDispatchThread.pumpEventsForFilter(Unknown Source)
java.awt.EventDispatchThread.pumpEventsForHierarchy(Unknown Source)
java.awt.EventDispatchThread.pumpEvents(Unknown Source)
java.awt.EventDispatchThread.pumpEvents(Unknown Source)
java.awt.EventDispatchThread.run(Unknown Source)

