二月 09, 2017 8:01:14 下午 com.icbc.devp.tool.log.Log exception
严重: oracle.jdbc.driver.T4CConnection.logon(T4CConnection.java:458)
oracle.jdbc.driver.PhysicalConnection.<init>(PhysicalConnection.java:548)
oracle.jdbc.driver.T4CConnection.<init>(T4CConnection.java:236)
oracle.jdbc.driver.T4CDriverExtension.getConnection(T4CDriverExtension.java:32)
oracle.jdbc.driver.OracleDriver.connect(OracleDriver.java:521)
java.sql.DriverManager.getConnection(Unknown Source)
java.sql.DriverManager.getConnection(Unknown Source)
com.icbc.devp.tool.db.ConnectionManager.initDBConnection(ConnectionManager.java:51)
com.icbc.devp.gui.toolbar.ChooseDbEnvAction.actionPerformed(ChooseDbEnvAction.java:47)
javax.swing.AbstractButton.fireActionPerformed(Unknown Source)
javax.swing.AbstractButton$Handler.actionPerformed(Unknown Source)
javax.swing.DefaultButtonModel.fireActionPerformed(Unknown Source)
javax.swing.DefaultButtonModel.setPressed(Unknown Source)
javax.swing.plaf.basic.BasicButtonListener.mouseReleased(Unknown Source)
java.awt.AWTEventMulticaster.mouseReleased(Unknown Source)
java.awt.Component.processMouseEvent(Unknown Source)
javax.swing.JComponent.processMouseEvent(Unknown Source)
java.awt.Component.processEvent(Unknown Source)
java.awt.Container.processEvent(Unknown Source)
java.awt.Component.dispatchEventImpl(Unknown Source)
java.awt.Container.dispatchEventImpl(Unknown Source)
java.awt.Component.dispatchEvent(Unknown Source)
java.awt.LightweightDispatcher.retargetMouseEvent(Unknown Source)
java.awt.LightweightDispatcher.processMouseEvent(Unknown Source)
java.awt.LightweightDispatcher.dispatchEvent(Unknown Source)
java.awt.Container.dispatchEventImpl(Unknown Source)
java.awt.Window.dispatchEventImpl(Unknown Source)
java.awt.Component.dispatchEvent(Unknown Source)
java.awt.EventQueue.dispatchEventImpl(Unknown Source)
java.awt.EventQueue.access$300(Unknown Source)
java.awt.EventQueue$3.run(Unknown Source)
java.awt.EventQueue$3.run(Unknown Source)
java.security.AccessController.doPrivileged(Native Method)
java.security.ProtectionDomain$1.doIntersectionPrivilege(Unknown Source)
java.security.ProtectionDomain$1.doIntersectionPrivilege(Unknown Source)
java.awt.EventQueue$4.run(Unknown Source)
java.awt.EventQueue$4.run(Unknown Source)
java.security.AccessController.doPrivileged(Native Method)
java.security.ProtectionDomain$1.doIntersectionPrivilege(Unknown Source)
java.awt.EventQueue.dispatchEvent(Unknown Source)
java.awt.EventDispatchThread.pumpOneEventForFilters(Unknown Source)
java.awt.EventDispatchThread.pumpEventsForFilter(Unknown Source)
java.awt.EventDispatchThread.pumpEventsForHierarchy(Unknown Source)
java.awt.EventDispatchThread.pumpEvents(Unknown Source)
java.awt.EventDispatchThread.pumpEvents(Unknown Source)
java.awt.EventDispatchThread.run(Unknown Source)

二月 09, 2017 8:01:14 下午 com.icbc.devp.tool.log.Log error
严重: [ChooseDbEnvAction]连接数据库失败，请检查配置信息是否正确。
二月 09, 2017 8:01:39 下午 com.icbc.devp.tool.log.Log exception
严重: oracle.jdbc.driver.T4CConnection.logon(T4CConnection.java:458)
oracle.jdbc.driver.PhysicalConnection.<init>(PhysicalConnection.java:548)
oracle.jdbc.driver.T4CConnection.<init>(T4CConnection.java:236)
oracle.jdbc.driver.T4CDriverExtension.getConnection(T4CDriverExtension.java:32)
oracle.jdbc.driver.OracleDriver.connect(OracleDriver.java:521)
java.sql.DriverManager.getConnection(Unknown Source)
java.sql.DriverManager.getConnection(Unknown Source)
com.icbc.devp.tool.db.ConnectionManager.initDBConnection(ConnectionManager.java:51)
com.icbc.devp.gui.toolbar.ChooseDbEnvAction.actionPerformed(ChooseDbEnvAction.java:47)
javax.swing.AbstractButton.fireActionPerformed(Unknown Source)
javax.swing.AbstractButton$Handler.actionPerformed(Unknown Source)
javax.swing.DefaultButtonModel.fireActionPerformed(Unknown Source)
javax.swing.DefaultButtonModel.setPressed(Unknown Source)
javax.swing.plaf.basic.BasicButtonListener.mouseReleased(Unknown Source)
java.awt.AWTEventMulticaster.mouseReleased(Unknown Source)
java.awt.Component.processMouseEvent(Unknown Source)
javax.swing.JComponent.processMouseEvent(Unknown Source)
java.awt.Component.processEvent(Unknown Source)
java.awt.Container.processEvent(Unknown Source)
java.awt.Component.dispatchEventImpl(Unknown Source)
java.awt.Container.dispatchEventImpl(Unknown Source)
java.awt.Component.dispatchEvent(Unknown Source)
java.awt.LightweightDispatcher.retargetMouseEvent(Unknown Source)
java.awt.LightweightDispatcher.processMouseEvent(Unknown Source)
java.awt.LightweightDispatcher.dispatchEvent(Unknown Source)
java.awt.Container.dispatchEventImpl(Unknown Source)
java.awt.Window.dispatchEventImpl(Unknown Source)
java.awt.Component.dispatchEvent(Unknown Source)
java.awt.EventQueue.dispatchEventImpl(Unknown Source)
java.awt.EventQueue.access$300(Unknown Source)
java.awt.EventQueue$3.run(Unknown Source)
java.awt.EventQueue$3.run(Unknown Source)
java.security.AccessController.doPrivileged(Native Method)
java.security.ProtectionDomain$1.doIntersectionPrivilege(Unknown Source)
java.security.ProtectionDomain$1.doIntersectionPrivilege(Unknown Source)
java.awt.EventQueue$4.run(Unknown Source)
java.awt.EventQueue$4.run(Unknown Source)
java.security.AccessController.doPrivileged(Native Method)
java.security.ProtectionDomain$1.doIntersectionPrivilege(Unknown Source)
java.awt.EventQueue.dispatchEvent(Unknown Source)
java.awt.EventDispatchThread.pumpOneEventForFilters(Unknown Source)
java.awt.EventDispatchThread.pumpEventsForFilter(Unknown Source)
java.awt.EventDispatchThread.pumpEventsForHierarchy(Unknown Source)
java.awt.EventDispatchThread.pumpEvents(Unknown Source)
java.awt.EventDispatchThread.pumpEvents(Unknown Source)
java.awt.EventDispatchThread.run(Unknown Source)

二月 09, 2017 8:01:39 下午 com.icbc.devp.tool.log.Log error
严重: [ChooseDbEnvAction]连接数据库失败，请检查配置信息是否正确。
二月 10, 2017 8:42:21 上午 com.icbc.devp.tool.log.Log exception
严重: oracle.jdbc.driver.T4CConnection.logon(T4CConnection.java:458)
oracle.jdbc.driver.PhysicalConnection.<init>(PhysicalConnection.java:548)
oracle.jdbc.driver.T4CConnection.<init>(T4CConnection.java:236)
oracle.jdbc.driver.T4CDriverExtension.getConnection(T4CDriverExtension.java:32)
oracle.jdbc.driver.OracleDriver.connect(OracleDriver.java:521)
java.sql.DriverManager.getConnection(Unknown Source)
java.sql.DriverManager.getConnection(Unknown Source)
com.icbc.devp.tool.db.ConnectionManager.initDBConnection(ConnectionManager.java:51)
com.icbc.devp.gui.toolbar.ChooseDbEnvAction.actionPerformed(ChooseDbEnvAction.java:47)
javax.swing.AbstractButton.fireActionPerformed(Unknown Source)
javax.swing.AbstractButton$Handler.actionPerformed(Unknown Source)
javax.swing.DefaultButtonModel.fireActionPerformed(Unknown Source)
javax.swing.DefaultButtonModel.setPressed(Unknown Source)
javax.swing.plaf.basic.BasicButtonListener.mouseReleased(Unknown Source)
java.awt.AWTEventMulticaster.mouseReleased(Unknown Source)
java.awt.Component.processMouseEvent(Unknown Source)
javax.swing.JComponent.processMouseEvent(Unknown Source)
java.awt.Component.processEvent(Unknown Source)
java.awt.Container.processEvent(Unknown Source)
java.awt.Component.dispatchEventImpl(Unknown Source)
java.awt.Container.dispatchEventImpl(Unknown Source)
java.awt.Component.dispatchEvent(Unknown Source)
java.awt.LightweightDispatcher.retargetMouseEvent(Unknown Source)
java.awt.LightweightDispatcher.processMouseEvent(Unknown Source)
java.awt.LightweightDispatcher.dispatchEvent(Unknown Source)
java.awt.Container.dispatchEventImpl(Unknown Source)
java.awt.Window.dispatchEventImpl(Unknown Source)
java.awt.Component.dispatchEvent(Unknown Source)
java.awt.EventQueue.dispatchEventImpl(Unknown Source)
java.awt.EventQueue.access$300(Unknown Source)
java.awt.EventQueue$3.run(Unknown Source)
java.awt.EventQueue$3.run(Unknown Source)
java.security.AccessController.doPrivileged(Native Method)
java.security.ProtectionDomain$1.doIntersectionPrivilege(Unknown Source)
java.security.ProtectionDomain$1.doIntersectionPrivilege(Unknown Source)
java.awt.EventQueue$4.run(Unknown Source)
java.awt.EventQueue$4.run(Unknown Source)
java.security.AccessController.doPrivileged(Native Method)
java.security.ProtectionDomain$1.doIntersectionPrivilege(Unknown Source)
java.awt.EventQueue.dispatchEvent(Unknown Source)
java.awt.EventDispatchThread.pumpOneEventForFilters(Unknown Source)
java.awt.EventDispatchThread.pumpEventsForFilter(Unknown Source)
java.awt.EventDispatchThread.pumpEventsForHierarchy(Unknown Source)
java.awt.EventDispatchThread.pumpEvents(Unknown Source)
java.awt.EventDispatchThread.pumpEvents(Unknown Source)
java.awt.EventDispatchThread.run(Unknown Source)

二月 10, 2017 8:42:21 上午 com.icbc.devp.tool.log.Log error
严重: [ChooseDbEnvAction]连接数据库失败，请检查配置信息是否正确。
二月 10, 2017 8:42:43 上午 com.icbc.devp.tool.log.Log exception
严重: oracle.jdbc.driver.T4CConnection.logon(T4CConnection.java:458)
oracle.jdbc.driver.PhysicalConnection.<init>(PhysicalConnection.java:548)
oracle.jdbc.driver.T4CConnection.<init>(T4CConnection.java:236)
oracle.jdbc.driver.T4CDriverExtension.getConnection(T4CDriverExtension.java:32)
oracle.jdbc.driver.OracleDriver.connect(OracleDriver.java:521)
java.sql.DriverManager.getConnection(Unknown Source)
java.sql.DriverManager.getConnection(Unknown Source)
com.icbc.devp.tool.db.ConnectionManager.initDBConnection(ConnectionManager.java:51)
com.icbc.devp.gui.toolbar.ChooseDbEnvAction.actionPerformed(ChooseDbEnvAction.java:47)
javax.swing.AbstractButton.fireActionPerformed(Unknown Source)
javax.swing.AbstractButton$Handler.actionPerformed(Unknown Source)
javax.swing.DefaultButtonModel.fireActionPerformed(Unknown Source)
javax.swing.DefaultButtonModel.setPressed(Unknown Source)
javax.swing.plaf.basic.BasicButtonListener.mouseReleased(Unknown Source)
java.awt.AWTEventMulticaster.mouseReleased(Unknown Source)
java.awt.Component.processMouseEvent(Unknown Source)
javax.swing.JComponent.processMouseEvent(Unknown Source)
java.awt.Component.processEvent(Unknown Source)
java.awt.Container.processEvent(Unknown Source)
java.awt.Component.dispatchEventImpl(Unknown Source)
java.awt.Container.dispatchEventImpl(Unknown Source)
java.awt.Component.dispatchEvent(Unknown Source)
java.awt.LightweightDispatcher.retargetMouseEvent(Unknown Source)
java.awt.LightweightDispatcher.processMouseEvent(Unknown Source)
java.awt.LightweightDispatcher.dispatchEvent(Unknown Source)
java.awt.Container.dispatchEventImpl(Unknown Source)
java.awt.Window.dispatchEventImpl(Unknown Source)
java.awt.Component.dispatchEvent(Unknown Source)
java.awt.EventQueue.dispatchEventImpl(Unknown Source)
java.awt.EventQueue.access$300(Unknown Source)
java.awt.EventQueue$3.run(Unknown Source)
java.awt.EventQueue$3.run(Unknown Source)
java.security.AccessController.doPrivileged(Native Method)
java.security.ProtectionDomain$1.doIntersectionPrivilege(Unknown Source)
java.security.ProtectionDomain$1.doIntersectionPrivilege(Unknown Source)
java.awt.EventQueue$4.run(Unknown Source)
java.awt.EventQueue$4.run(Unknown Source)
java.security.AccessController.doPrivileged(Native Method)
java.security.ProtectionDomain$1.doIntersectionPrivilege(Unknown Source)
java.awt.EventQueue.dispatchEvent(Unknown Source)
java.awt.EventDispatchThread.pumpOneEventForFilters(Unknown Source)
java.awt.EventDispatchThread.pumpEventsForFilter(Unknown Source)
java.awt.EventDispatchThread.pumpEventsForHierarchy(Unknown Source)
java.awt.EventDispatchThread.pumpEvents(Unknown Source)
java.awt.EventDispatchThread.pumpEvents(Unknown Source)
java.awt.EventDispatchThread.run(Unknown Source)

二月 10, 2017 8:42:43 上午 com.icbc.devp.tool.log.Log error
严重: [ChooseDbEnvAction]连接数据库失败，请检查配置信息是否正确。
二月 10, 2017 8:46:49 上午 com.icbc.devp.tool.log.Log exception
严重: oracle.jdbc.driver.T4CConnection.logon(T4CConnection.java:458)
oracle.jdbc.driver.PhysicalConnection.<init>(PhysicalConnection.java:548)
oracle.jdbc.driver.T4CConnection.<init>(T4CConnection.java:236)
oracle.jdbc.driver.T4CDriverExtension.getConnection(T4CDriverExtension.java:32)
oracle.jdbc.driver.OracleDriver.connect(OracleDriver.java:521)
java.sql.DriverManager.getConnection(Unknown Source)
java.sql.DriverManager.getConnection(Unknown Source)
com.icbc.devp.tool.db.ConnectionManager.initDBConnection(ConnectionManager.java:51)
com.icbc.devp.gui.toolbar.ChooseDbEnvAction.actionPerformed(ChooseDbEnvAction.java:47)
javax.swing.AbstractButton.fireActionPerformed(Unknown Source)
javax.swing.AbstractButton$Handler.actionPerformed(Unknown Source)
javax.swing.DefaultButtonModel.fireActionPerformed(Unknown Source)
javax.swing.DefaultButtonModel.setPressed(Unknown Source)
javax.swing.plaf.basic.BasicButtonListener.mouseReleased(Unknown Source)
java.awt.AWTEventMulticaster.mouseReleased(Unknown Source)
java.awt.Component.processMouseEvent(Unknown Source)
javax.swing.JComponent.processMouseEvent(Unknown Source)
java.awt.Component.processEvent(Unknown Source)
java.awt.Container.processEvent(Unknown Source)
java.awt.Component.dispatchEventImpl(Unknown Source)
java.awt.Container.dispatchEventImpl(Unknown Source)
java.awt.Component.dispatchEvent(Unknown Source)
java.awt.LightweightDispatcher.retargetMouseEvent(Unknown Source)
java.awt.LightweightDispatcher.processMouseEvent(Unknown Source)
java.awt.LightweightDispatcher.dispatchEvent(Unknown Source)
java.awt.Container.dispatchEventImpl(Unknown Source)
java.awt.Window.dispatchEventImpl(Unknown Source)
java.awt.Component.dispatchEvent(Unknown Source)
java.awt.EventQueue.dispatchEventImpl(Unknown Source)
java.awt.EventQueue.access$300(Unknown Source)
java.awt.EventQueue$3.run(Unknown Source)
java.awt.EventQueue$3.run(Unknown Source)
java.security.AccessController.doPrivileged(Native Method)
java.security.ProtectionDomain$1.doIntersectionPrivilege(Unknown Source)
java.security.ProtectionDomain$1.doIntersectionPrivilege(Unknown Source)
java.awt.EventQueue$4.run(Unknown Source)
java.awt.EventQueue$4.run(Unknown Source)
java.security.AccessController.doPrivileged(Native Method)
java.security.ProtectionDomain$1.doIntersectionPrivilege(Unknown Source)
java.awt.EventQueue.dispatchEvent(Unknown Source)
java.awt.EventDispatchThread.pumpOneEventForFilters(Unknown Source)
java.awt.EventDispatchThread.pumpEventsForFilter(Unknown Source)
java.awt.EventDispatchThread.pumpEventsForHierarchy(Unknown Source)
java.awt.EventDispatchThread.pumpEvents(Unknown Source)
java.awt.EventDispatchThread.pumpEvents(Unknown Source)
java.awt.EventDispatchThread.run(Unknown Source)

二月 10, 2017 8:46:49 上午 com.icbc.devp.tool.log.Log error
严重: [ChooseDbEnvAction]连接数据库失败，请检查配置信息是否正确。
二月 10, 2017 8:50:43 上午 com.icbc.devp.tool.log.Log exception
严重: oracle.jdbc.driver.T4CConnection.logon(T4CConnection.java:458)
oracle.jdbc.driver.PhysicalConnection.<init>(PhysicalConnection.java:548)
oracle.jdbc.driver.T4CConnection.<init>(T4CConnection.java:236)
oracle.jdbc.driver.T4CDriverExtension.getConnection(T4CDriverExtension.java:32)
oracle.jdbc.driver.OracleDriver.connect(OracleDriver.java:521)
java.sql.DriverManager.getConnection(Unknown Source)
java.sql.DriverManager.getConnection(Unknown Source)
com.icbc.devp.tool.db.ConnectionManager.initDBConnection(ConnectionManager.java:51)
com.icbc.devp.gui.toolbar.ChooseDbEnvAction.actionPerformed(ChooseDbEnvAction.java:47)
javax.swing.AbstractButton.fireActionPerformed(Unknown Source)
javax.swing.AbstractButton$Handler.actionPerformed(Unknown Source)
javax.swing.DefaultButtonModel.fireActionPerformed(Unknown Source)
javax.swing.DefaultButtonModel.setPressed(Unknown Source)
javax.swing.plaf.basic.BasicButtonListener.mouseReleased(Unknown Source)
java.awt.AWTEventMulticaster.mouseReleased(Unknown Source)
java.awt.Component.processMouseEvent(Unknown Source)
javax.swing.JComponent.processMouseEvent(Unknown Source)
java.awt.Component.processEvent(Unknown Source)
java.awt.Container.processEvent(Unknown Source)
java.awt.Component.dispatchEventImpl(Unknown Source)
java.awt.Container.dispatchEventImpl(Unknown Source)
java.awt.Component.dispatchEvent(Unknown Source)
java.awt.LightweightDispatcher.retargetMouseEvent(Unknown Source)
java.awt.LightweightDispatcher.processMouseEvent(Unknown Source)
java.awt.LightweightDispatcher.dispatchEvent(Unknown Source)
java.awt.Container.dispatchEventImpl(Unknown Source)
java.awt.Window.dispatchEventImpl(Unknown Source)
java.awt.Component.dispatchEvent(Unknown Source)
java.awt.EventQueue.dispatchEventImpl(Unknown Source)
java.awt.EventQueue.access$300(Unknown Source)
java.awt.EventQueue$3.run(Unknown Source)
java.awt.EventQueue$3.run(Unknown Source)
java.security.AccessController.doPrivileged(Native Method)
java.security.ProtectionDomain$1.doIntersectionPrivilege(Unknown Source)
java.security.ProtectionDomain$1.doIntersectionPrivilege(Unknown Source)
java.awt.EventQueue$4.run(Unknown Source)
java.awt.EventQueue$4.run(Unknown Source)
java.security.AccessController.doPrivileged(Native Method)
java.security.ProtectionDomain$1.doIntersectionPrivilege(Unknown Source)
java.awt.EventQueue.dispatchEvent(Unknown Source)
java.awt.EventDispatchThread.pumpOneEventForFilters(Unknown Source)
java.awt.EventDispatchThread.pumpEventsForFilter(Unknown Source)
java.awt.EventDispatchThread.pumpEventsForHierarchy(Unknown Source)
java.awt.EventDispatchThread.pumpEvents(Unknown Source)
java.awt.EventDispatchThread.pumpEvents(Unknown Source)
java.awt.EventDispatchThread.run(Unknown Source)

二月 10, 2017 8:50:43 上午 com.icbc.devp.tool.log.Log error
严重: [ChooseDbEnvAction]连接数据库失败，请检查配置信息是否正确。
二月 10, 2017 8:52:42 上午 com.icbc.devp.tool.log.Log exception
严重: oracle.jdbc.driver.T4CConnection.logon(T4CConnection.java:458)
oracle.jdbc.driver.PhysicalConnection.<init>(PhysicalConnection.java:548)
oracle.jdbc.driver.T4CConnection.<init>(T4CConnection.java:236)
oracle.jdbc.driver.T4CDriverExtension.getConnection(T4CDriverExtension.java:32)
oracle.jdbc.driver.OracleDriver.connect(OracleDriver.java:521)
java.sql.DriverManager.getConnection(Unknown Source)
java.sql.DriverManager.getConnection(Unknown Source)
com.icbc.devp.tool.db.ConnectionManager.initDBConnection(ConnectionManager.java:51)
com.icbc.devp.gui.toolbar.ChooseDbEnvAction.actionPerformed(ChooseDbEnvAction.java:47)
javax.swing.AbstractButton.fireActionPerformed(Unknown Source)
javax.swing.AbstractButton$Handler.actionPerformed(Unknown Source)
javax.swing.DefaultButtonModel.fireActionPerformed(Unknown Source)
javax.swing.DefaultButtonModel.setPressed(Unknown Source)
javax.swing.plaf.basic.BasicButtonListener.mouseReleased(Unknown Source)
java.awt.AWTEventMulticaster.mouseReleased(Unknown Source)
java.awt.Component.processMouseEvent(Unknown Source)
javax.swing.JComponent.processMouseEvent(Unknown Source)
java.awt.Component.processEvent(Unknown Source)
java.awt.Container.processEvent(Unknown Source)
java.awt.Component.dispatchEventImpl(Unknown Source)
java.awt.Container.dispatchEventImpl(Unknown Source)
java.awt.Component.dispatchEvent(Unknown Source)
java.awt.LightweightDispatcher.retargetMouseEvent(Unknown Source)
java.awt.LightweightDispatcher.processMouseEvent(Unknown Source)
java.awt.LightweightDispatcher.dispatchEvent(Unknown Source)
java.awt.Container.dispatchEventImpl(Unknown Source)
java.awt.Window.dispatchEventImpl(Unknown Source)
java.awt.Component.dispatchEvent(Unknown Source)
java.awt.EventQueue.dispatchEventImpl(Unknown Source)
java.awt.EventQueue.access$300(Unknown Source)
java.awt.EventQueue$3.run(Unknown Source)
java.awt.EventQueue$3.run(Unknown Source)
java.security.AccessController.doPrivileged(Native Method)
java.security.ProtectionDomain$1.doIntersectionPrivilege(Unknown Source)
java.security.ProtectionDomain$1.doIntersectionPrivilege(Unknown Source)
java.awt.EventQueue$4.run(Unknown Source)
java.awt.EventQueue$4.run(Unknown Source)
java.security.AccessController.doPrivileged(Native Method)
java.security.ProtectionDomain$1.doIntersectionPrivilege(Unknown Source)
java.awt.EventQueue.dispatchEvent(Unknown Source)
java.awt.EventDispatchThread.pumpOneEventForFilters(Unknown Source)
java.awt.EventDispatchThread.pumpEventsForFilter(Unknown Source)
java.awt.EventDispatchThread.pumpEventsForHierarchy(Unknown Source)
java.awt.EventDispatchThread.pumpEvents(Unknown Source)
java.awt.EventDispatchThread.pumpEvents(Unknown Source)
java.awt.EventDispatchThread.run(Unknown Source)

二月 10, 2017 8:52:42 上午 com.icbc.devp.tool.log.Log error
严重: [ChooseDbEnvAction]连接数据库失败，请检查配置信息是否正确。
二月 10, 2017 8:52:45 上午 com.icbc.devp.tool.log.Log exception
严重: oracle.jdbc.driver.T4CConnection.logon(T4CConnection.java:458)
oracle.jdbc.driver.PhysicalConnection.<init>(PhysicalConnection.java:548)
oracle.jdbc.driver.T4CConnection.<init>(T4CConnection.java:236)
oracle.jdbc.driver.T4CDriverExtension.getConnection(T4CDriverExtension.java:32)
oracle.jdbc.driver.OracleDriver.connect(OracleDriver.java:521)
java.sql.DriverManager.getConnection(Unknown Source)
java.sql.DriverManager.getConnection(Unknown Source)
com.icbc.devp.tool.db.ConnectionManager.initDBConnection(ConnectionManager.java:51)
com.icbc.devp.gui.toolbar.ChooseDbEnvAction.actionPerformed(ChooseDbEnvAction.java:47)
javax.swing.AbstractButton.fireActionPerformed(Unknown Source)
javax.swing.AbstractButton$Handler.actionPerformed(Unknown Source)
javax.swing.DefaultButtonModel.fireActionPerformed(Unknown Source)
javax.swing.DefaultButtonModel.setPressed(Unknown Source)
javax.swing.plaf.basic.BasicButtonListener.mouseReleased(Unknown Source)
java.awt.AWTEventMulticaster.mouseReleased(Unknown Source)
java.awt.Component.processMouseEvent(Unknown Source)
javax.swing.JComponent.processMouseEvent(Unknown Source)
java.awt.Component.processEvent(Unknown Source)
java.awt.Container.processEvent(Unknown Source)
java.awt.Component.dispatchEventImpl(Unknown Source)
java.awt.Container.dispatchEventImpl(Unknown Source)
java.awt.Component.dispatchEvent(Unknown Source)
java.awt.LightweightDispatcher.retargetMouseEvent(Unknown Source)
java.awt.LightweightDispatcher.processMouseEvent(Unknown Source)
java.awt.LightweightDispatcher.dispatchEvent(Unknown Source)
java.awt.Container.dispatchEventImpl(Unknown Source)
java.awt.Window.dispatchEventImpl(Unknown Source)
java.awt.Component.dispatchEvent(Unknown Source)
java.awt.EventQueue.dispatchEventImpl(Unknown Source)
java.awt.EventQueue.access$300(Unknown Source)
java.awt.EventQueue$3.run(Unknown Source)
java.awt.EventQueue$3.run(Unknown Source)
java.security.AccessController.doPrivileged(Native Method)
java.security.ProtectionDomain$1.doIntersectionPrivilege(Unknown Source)
java.security.ProtectionDomain$1.doIntersectionPrivilege(Unknown Source)
java.awt.EventQueue$4.run(Unknown Source)
java.awt.EventQueue$4.run(Unknown Source)
java.security.AccessController.doPrivileged(Native Method)
java.security.ProtectionDomain$1.doIntersectionPrivilege(Unknown Source)
java.awt.EventQueue.dispatchEvent(Unknown Source)
java.awt.EventDispatchThread.pumpOneEventForFilters(Unknown Source)
java.awt.EventDispatchThread.pumpEventsForFilter(Unknown Source)
java.awt.EventDispatchThread.pumpEventsForHierarchy(Unknown Source)
java.awt.EventDispatchThread.pumpEvents(Unknown Source)
java.awt.EventDispatchThread.pumpEvents(Unknown Source)
java.awt.EventDispatchThread.run(Unknown Source)

二月 10, 2017 8:52:45 上午 com.icbc.devp.tool.log.Log error
严重: [ChooseDbEnvAction]连接数据库失败，请检查配置信息是否正确。
