一月 03, 2017 9:58:57 上午 com.icbc.devp.tool.log.Log info
信息: 建立连接:jdbc:oracle:thin:@(DESCRIPTION=(ADDRESS=(PROTOCOL=TCP)(HOST=122.25.13.83)(PORT=1521))(CONNECT_DATA=(SERVER=DEDICATED)(SERVICE_NAME = MSCDB))),msc,msc
一月 03, 2017 6:44:01 下午 com.icbc.devp.tool.log.Log info
信息: 建立连接:jdbc:oracle:thin:@(DESCRIPTION=(ADDRESS=(PROTOCOL=TCP)(HOST=122.16.93.193)(PORT=1521))(CONNECT_DATA=(SERVER=DEDICATED)(SERVICE_NAME = MSCDB))),msc,msc
一月 03, 2017 6:52:06 下午 com.icbc.devp.tool.log.Log info
信息: [DbDataUpdate.updateEnableFlag]执行语句:UPDATE MBDP_B_STEPDEF SET ENABLE_FLAG='0' WHERE APP='CBMS' AND CYCLE='D' AND DATA_SOURCE='INITB' AND STEPNO='INITB_D_PROC_0003'
一月 03, 2017 7:26:42 下午 com.icbc.devp.tool.log.Log info
信息: [DataLoader.refreshCtl]执行语句：SELECT T.WORKDATE,                           T.MON_RUNDAY,                         T.STATUS,                             T.PRET_TYPE                      FROM MBDP_B_CTL T                    WHERE T.APP='CBMS'                     AND T.CYCLE = 'D'               AND T.DATA_SOURCE = 'INITB' 
一月 03, 2017 7:27:02 下午 com.icbc.devp.tool.log.Log info
信息: [DataLoader.refreshCtl]执行语句：SELECT T.WORKDATE,                           T.MON_RUNDAY,                         T.STATUS,                             T.PRET_TYPE                      FROM MBDP_B_CTL T                    WHERE T.APP='CBMS'                     AND T.CYCLE = 'D'               AND T.DATA_SOURCE = 'INITB' 
一月 03, 2017 7:27:03 下午 com.icbc.devp.tool.log.Log info
信息: [DataLoader.refreshCtl]执行语句：SELECT T.WORKDATE,                           T.MON_RUNDAY,                         T.STATUS,                             T.PRET_TYPE                      FROM MBDP_B_CTL T                    WHERE T.APP='CBMS'                     AND T.CYCLE = 'D'               AND T.DATA_SOURCE = 'INITB' 
一月 03, 2017 7:27:03 下午 com.icbc.devp.tool.log.Log info
信息: [DataLoader.refreshCtl]执行语句：SELECT T.WORKDATE,                           T.MON_RUNDAY,                         T.STATUS,                             T.PRET_TYPE                      FROM MBDP_B_CTL T                    WHERE T.APP='CBMS'                     AND T.CYCLE = 'D'               AND T.DATA_SOURCE = 'INITB' 
一月 03, 2017 7:27:03 下午 com.icbc.devp.tool.log.Log info
信息: [DataLoader.refreshCtl]执行语句：SELECT T.WORKDATE,                           T.MON_RUNDAY,                         T.STATUS,                             T.PRET_TYPE                      FROM MBDP_B_CTL T                    WHERE T.APP='CBMS'                     AND T.CYCLE = 'D'               AND T.DATA_SOURCE = 'INITB' 
一月 03, 2017 7:27:03 下午 com.icbc.devp.tool.log.Log info
信息: [DataLoader.refreshCtl]执行语句：SELECT T.WORKDATE,                           T.MON_RUNDAY,                         T.STATUS,                             T.PRET_TYPE                      FROM MBDP_B_CTL T                    WHERE T.APP='CBMS'                     AND T.CYCLE = 'D'               AND T.DATA_SOURCE = 'INITB' 
一月 03, 2017 7:27:03 下午 com.icbc.devp.tool.log.Log info
信息: [DataLoader.refreshCtl]执行语句：SELECT T.WORKDATE,                           T.MON_RUNDAY,                         T.STATUS,                             T.PRET_TYPE                      FROM MBDP_B_CTL T                    WHERE T.APP='CBMS'                     AND T.CYCLE = 'D'               AND T.DATA_SOURCE = 'INITB' 
一月 03, 2017 7:27:03 下午 com.icbc.devp.tool.log.Log info
信息: [DataLoader.refreshCtl]执行语句：SELECT T.WORKDATE,                           T.MON_RUNDAY,                         T.STATUS,                             T.PRET_TYPE                      FROM MBDP_B_CTL T                    WHERE T.APP='CBMS'                     AND T.CYCLE = 'D'               AND T.DATA_SOURCE = 'INITB' 
一月 03, 2017 7:27:27 下午 com.icbc.devp.tool.log.Log info
信息: [DataLoader.refreshCtl]执行语句：SELECT T.WORKDATE,                           T.MON_RUNDAY,                         T.STATUS,                             T.PRET_TYPE                      FROM MBDP_B_CTL T                    WHERE T.APP='CBMS'                     AND T.CYCLE = 'D'               AND T.DATA_SOURCE = 'INITB' 
一月 03, 2017 7:27:27 下午 com.icbc.devp.tool.log.Log info
信息: [DataLoader.refreshCtl]执行语句：SELECT T.WORKDATE,                           T.MON_RUNDAY,                         T.STATUS,                             T.PRET_TYPE                      FROM MBDP_B_CTL T                    WHERE T.APP='CBMS'                     AND T.CYCLE = 'D'               AND T.DATA_SOURCE = 'INITB' 
一月 03, 2017 7:27:33 下午 com.icbc.devp.tool.log.Log info
信息: [DataLoader.refreshCtl]执行语句：SELECT T.WORKDATE,                           T.MON_RUNDAY,                         T.STATUS,                             T.PRET_TYPE                      FROM MBDP_B_CTL T                    WHERE T.APP='CBMS'                     AND T.CYCLE = 'D'               AND T.DATA_SOURCE = 'INITB' 
一月 03, 2017 7:27:37 下午 com.icbc.devp.tool.log.Log info
信息: 执行SQL语句：UPDATE MBDP_B_CTL SET WORKDATE='2028-03-31', MON_RUNDAY='', PRET_TYPE='UDS', STATUS='1' WHERE APP='CBMS' AND CYCLE='D' AND DATA_SOURCE='INITB'
一月 03, 2017 7:27:39 下午 com.icbc.devp.tool.log.Log info
信息: [DataLoader.refreshCtl]执行语句：SELECT T.WORKDATE,                           T.MON_RUNDAY,                         T.STATUS,                             T.PRET_TYPE                      FROM MBDP_B_CTL T                    WHERE T.APP='CBMS'                     AND T.CYCLE = 'D'               AND T.DATA_SOURCE = 'INITB' 
一月 03, 2017 7:39:25 下午 com.icbc.devp.tool.log.Log info
信息: 建立连接:jdbc:oracle:thin:@(DESCRIPTION=(ADDRESS=(PROTOCOL=TCP)(HOST=122.25.13.83)(PORT=1521))(CONNECT_DATA=(SERVER=DEDICATED)(SERVICE_NAME = MSCDB))),msc,msc
