三月 10, 2017 10:35:23 上午 com.icbc.devp.tool.log.Log info
信息: 建立连接:jdbc:oracle:thin:@(DESCRIPTION=(ADDRESS=(PROTOCOL=TCP)(HOST=122.16.93.227)(PORT=1521))(CONNECT_DATA=(SERVER=DEDICATED)(SERVICE_NAME = MSCDB))),msc,msc
三月 10, 2017 10:36:35 上午 com.icbc.devp.tool.log.Log info
信息: [DbDataUpdate.updateEnableFlag]执行语句:UPDATE MBDP_B_STEPDEF SET ENABLE_FLAG='0' WHERE APP='CBMS' AND CYCLE='M' AND DATA_SOURCE='EDI' AND STEPNO IN ('CBMS_M_EDI_EDI_M_PROC_0007', 'EDI_M_PROC_0004', 'EDI_M_PROC_0001', 'EDI_M_IMP_0003', 'EDI_M_PROC_0007')
三月 10, 2017 10:36:40 上午 com.icbc.devp.tool.log.Log info
信息: [DbDataUpdate.updateEnableFlag]执行语句:UPDATE MBDP_B_STEPDEF SET ENABLE_FLAG='1' WHERE APP='CBMS' AND CYCLE='M' AND DATA_SOURCE='EDI' AND STEPNO='EDI_M_PROC_0001'
三月 10, 2017 10:36:43 上午 com.icbc.devp.tool.log.Log info
信息: [DbDataUpdate.updateEnableFlag]执行语句:UPDATE MBDP_B_STEPDEF SET ENABLE_FLAG='0' WHERE APP='CBMS' AND CYCLE='M' AND DATA_SOURCE='EDI' AND STEPNO='EDI_M_PROC_0005'
三月 10, 2017 10:37:03 上午 com.icbc.devp.tool.log.Log info
信息: 执行SQL语句：UPDATE MBDP_B_CTL SET WORKDATE='2028-07', MON_RUNDAY='20', PRET_TYPE='UDS', STATUS='1' WHERE APP='CBMS' AND CYCLE='M' AND DATA_SOURCE='EDI'
三月 10, 2017 3:28:14 下午 com.icbc.devp.tool.log.Log info
信息: 执行SQL语句：UPDATE MBDP_B_CTL SET WORKDATE='2028-07', MON_RUNDAY='20', PRET_TYPE='UDS', STATUS='1' WHERE APP='CBMS' AND CYCLE='M' AND DATA_SOURCE='EDI'
三月 10, 2017 3:29:09 下午 com.icbc.devp.tool.log.Log info
信息: [DbDataUpdate.updateEnableFlag]执行语句:UPDATE MBDP_B_STEPDEF SET ENABLE_FLAG='0' WHERE APP='CBMS' AND CYCLE='M' AND DATA_SOURCE='EDI' AND STEPNO IN ('CBMS_M_EDI_EDI_M_PROC_0007', 'EDI_M_PROC_0004', 'EDI_M_PROC_0005', 'EDI_M_PROC_0008', 'EDI_M_IMP_0004', 'EDI_M_PROC_0007', 'EDI_M_IMP_0003')
三月 10, 2017 4:03:27 下午 com.icbc.devp.tool.log.Log info
信息: 执行SQL语句：UPDATE MBDP_B_CTL SET WORKDATE='2028-07', MON_RUNDAY='20', PRET_TYPE='UDS', STATUS='1' WHERE APP='CBMS' AND CYCLE='M' AND DATA_SOURCE='EDI'
三月 10, 2017 4:42:50 下午 com.icbc.devp.tool.log.Log info
信息: [DbDataUpdate.updateEnableFlag]执行语句:UPDATE MBDP_B_STEPDEF SET ENABLE_FLAG='0' WHERE APP='CBMS' AND CYCLE='M' AND DATA_SOURCE='EDI' AND STEPNO IN ('CBMS_M_EDI_EDI_M_PROC_0007', 'EDI_M_PROC_0004', 'EDI_M_PROC_0005', 'EDI_M_IMP_0004', 'EDI_M_IMP_0003', 'EDI_M_PROC_0008', 'EDI_M_PROC_0007')
三月 10, 2017 4:47:22 下午 com.icbc.devp.tool.log.Log info
信息: 执行SQL语句：UPDATE MBDP_B_CTL SET WORKDATE='2028-07', MON_RUNDAY='20', PRET_TYPE='UDS', STATUS='1' WHERE APP='CBMS' AND CYCLE='M' AND DATA_SOURCE='EDI'
