八月 04, 2017 9:05:17 上午 com.icbc.devp.tool.log.Log info
信息: 建立连接:jdbc:oracle:thin:@(DESCRIPTION=(ADDRESS=(PROTOCOL=TCP)(HOST=122.16.189.43)(PORT=1521))(CONNECT_DATA=(SERVER=DEDICATED)(SERVICE_NAME = BIOMMBO))),BIOMMBO,biommbo
八月 04, 2017 2:04:43 下午 com.icbc.devp.tool.log.Log info
信息: 执行SQL语句：UPDATE MBDP_B_CTL SET WORKDATE='2028-06-01', MON_RUNDAY='', PRET_TYPE='UDSN', STATUS='4' WHERE APP='BIOM' AND CYCLE='D' AND DATA_SOURCE='AUTH'
八月 04, 2017 2:05:02 下午 com.icbc.devp.tool.log.Log info
信息: [DbDataUpdate.updateEnableFlag]执行语句:UPDATE OBMS_BATCH_CTL SET WORKDATE='2028-06-01', MON_RUNDAY='', PRET_TYPE='UDSN', STATUS='4' WHERE APP='BIOM' AND CYCLE='D' AND DATA_SOURCE||'#'||TZGCODE='AUTH'
八月 04, 2017 2:05:06 下午 com.icbc.devp.tool.log.Log info
信息: 执行SQL语句：UPDATE MBDP_B_CTL SET WORKDATE='2028-06-01', MON_RUNDAY='', PRET_TYPE='UDSN', STATUS='1' WHERE APP='BIOM' AND CYCLE='D' AND DATA_SOURCE='AUTH'
八月 04, 2017 2:05:14 下午 com.icbc.devp.tool.log.Log info
信息: 执行SQL语句：UPDATE MBDP_B_CTL SET WORKDATE='2028-06-01', MON_RUNDAY='', PRET_TYPE='UDSN', STATUS='1' WHERE APP='BIOM' AND CYCLE='D' AND DATA_SOURCE='AUTH'
八月 07, 2017 3:37:43 下午 com.icbc.devp.tool.log.Log info
信息: [DataLoader.refreshCtl]执行语句：SELECT T.WORKDATE,                           T.MON_RUNDAY,                         T.STATUS,                             T.PRET_TYPE                      FROM MBDP_B_CTL T                    WHERE T.APP='BIOM'                     AND T.CYCLE = 'D'               AND T.DATA_SOURCE = 'AUTH' 
八月 07, 2017 3:37:44 下午 com.icbc.devp.tool.log.Log info
信息: [DataLoader.refreshCtl]执行语句：SELECT T.WORKDATE,                           T.MON_RUNDAY,                         T.STATUS,                             T.PRET_TYPE                      FROM MBDP_B_CTL T                    WHERE T.APP='BIOM'                     AND T.CYCLE = 'D'               AND T.DATA_SOURCE = 'AUTH' 
八月 07, 2017 3:46:08 下午 com.icbc.devp.tool.log.Log info
信息: [DbDataUpdate.updateEnableFlag]执行语句:UPDATE MBDP_B_STEPDEF SET ENABLE_FLAG='0' WHERE APP='BIOM' AND CYCLE='D' AND DATA_SOURCE='AUTH' AND STEPNO='AUTH_D_INIT_0004'
八月 07, 2017 3:46:22 下午 com.icbc.devp.tool.log.Log info
信息: [DbDataUpdate.updateEnableFlag]执行语句:UPDATE MBDP_B_STEPDEF SET ENABLE_FLAG='0' WHERE APP='BIOM' AND CYCLE='D' AND DATA_SOURCE='AUTH' AND STEPNO IN ('BIOM_D_AUTH_AUTH_D_PROC_0013', 'AUTH_D_PROC_0013', 'AUTH_D_PROC_0014', 'AUTH_D_IMP_0016')
八月 07, 2017 3:46:29 下午 com.icbc.devp.tool.log.Log info
信息: 执行SQL语句：UPDATE MBDP_B_CTL SET WORKDATE='2028-06-02', MON_RUNDAY='', PRET_TYPE='UDSN', STATUS='1' WHERE APP='BIOM' AND CYCLE='D' AND DATA_SOURCE='AUTH'
八月 07, 2017 3:46:43 下午 com.icbc.devp.tool.log.Log info
信息: [DbDataUpdate.updateEnableFlag]执行语句:UPDATE MBDP_B_STEPDEF SET ENABLE_FLAG='1' WHERE APP='BIOM' AND CYCLE='D' AND DATA_SOURCE='AUTH' AND STEPNO IN ('BIOM_D_AUTH_AUTH_D_PROC_0013', 'AUTH_D_PROC_0013', 'AUTH_D_PROC_0014', 'AUTH_D_IMP_0016')
八月 07, 2017 3:54:44 下午 com.icbc.devp.tool.log.Log info
信息: [DbDataUpdate.updateEnableFlag]执行语句:UPDATE MBDP_B_STEPDEF SET ENABLE_FLAG='0' WHERE APP='BIOM' AND CYCLE='D' AND DATA_SOURCE='AUTH' AND STEPNO IN ('BIOM_D_AUTH_AUTH_D_PROC_0013', 'AUTH_D_PROC_0013', 'AUTH_D_PROC_0014', 'AUTH_D_IMP_0016')
八月 07, 2017 4:12:00 下午 com.icbc.devp.tool.log.Log info
信息: [DataLoader.refreshCtl]执行语句：SELECT T.WORKDATE,                           T.MON_RUNDAY,                         T.STATUS,                             T.PRET_TYPE                      FROM MBDP_B_CTL T                    WHERE T.APP='BIOM'                     AND T.CYCLE = 'D'               AND T.DATA_SOURCE = 'AUTH' 
八月 07, 2017 4:12:01 下午 com.icbc.devp.tool.log.Log info
信息: [DataLoader.refreshCtl]执行语句：SELECT T.WORKDATE,                           T.MON_RUNDAY,                         T.STATUS,                             T.PRET_TYPE                      FROM MBDP_B_CTL T                    WHERE T.APP='BIOM'                     AND T.CYCLE = 'D'               AND T.DATA_SOURCE = 'AUTH' 
八月 07, 2017 4:12:01 下午 com.icbc.devp.tool.log.Log info
信息: [DataLoader.refreshCtl]执行语句：SELECT T.WORKDATE,                           T.MON_RUNDAY,                         T.STATUS,                             T.PRET_TYPE                      FROM MBDP_B_CTL T                    WHERE T.APP='BIOM'                     AND T.CYCLE = 'D'               AND T.DATA_SOURCE = 'AUTH' 
八月 07, 2017 4:12:03 下午 com.icbc.devp.tool.log.Log info
信息: [DataLoader.refreshCtl]执行语句：SELECT T.WORKDATE,                           T.MON_RUNDAY,                         T.STATUS,                             T.PRET_TYPE                      FROM MBDP_B_CTL T                    WHERE T.APP='BIOM'                     AND T.CYCLE = 'D'               AND T.DATA_SOURCE = 'AUTH' 
八月 07, 2017 4:12:03 下午 com.icbc.devp.tool.log.Log info
信息: [DataLoader.refreshCtl]执行语句：SELECT T.WORKDATE,                           T.MON_RUNDAY,                         T.STATUS,                             T.PRET_TYPE                      FROM MBDP_B_CTL T                    WHERE T.APP='BIOM'                     AND T.CYCLE = 'D'               AND T.DATA_SOURCE = 'AUTH' 
八月 07, 2017 4:12:04 下午 com.icbc.devp.tool.log.Log info
信息: 执行SQL语句：UPDATE MBDP_B_CTL SET WORKDATE='2028-06-02', MON_RUNDAY='', PRET_TYPE='UDSN', STATUS='1' WHERE APP='BIOM' AND CYCLE='D' AND DATA_SOURCE='AUTH'
八月 07, 2017 4:12:04 下午 com.icbc.devp.tool.log.Log info
信息: 执行SQL语句：UPDATE MBDP_B_CTL SET WORKDATE='2028-06-02', MON_RUNDAY='', PRET_TYPE='UDSN', STATUS='1' WHERE APP='BIOM' AND CYCLE='D' AND DATA_SOURCE='AUTH'
八月 07, 2017 4:12:05 下午 com.icbc.devp.tool.log.Log info
信息: 执行SQL语句：UPDATE MBDP_B_CTL SET WORKDATE='2028-06-02', MON_RUNDAY='', PRET_TYPE='UDSN', STATUS='1' WHERE APP='BIOM' AND CYCLE='D' AND DATA_SOURCE='AUTH'
八月 07, 2017 4:12:05 下午 com.icbc.devp.tool.log.Log info
信息: [DataLoader.refreshCtl]执行语句：SELECT T.WORKDATE,                           T.MON_RUNDAY,                         T.STATUS,                             T.PRET_TYPE                      FROM MBDP_B_CTL T                    WHERE T.APP='BIOM'                     AND T.CYCLE = 'D'               AND T.DATA_SOURCE = 'AUTH' 
八月 07, 2017 4:12:05 下午 com.icbc.devp.tool.log.Log info
信息: [DataLoader.refreshCtl]执行语句：SELECT T.WORKDATE,                           T.MON_RUNDAY,                         T.STATUS,                             T.PRET_TYPE                      FROM MBDP_B_CTL T                    WHERE T.APP='BIOM'                     AND T.CYCLE = 'D'               AND T.DATA_SOURCE = 'AUTH' 
八月 08, 2017 11:02:28 上午 com.icbc.devp.tool.log.Log info
信息: 建立连接:jdbc:oracle:thin:@(DESCRIPTION=(ADDRESS=(PROTOCOL=TCP)(HOST=122.16.45.205)(PORT=1521))(CONNECT_DATA=(SERVER=DEDICATED)(SERVICE_NAME = BIOMMBO))),BIOMMBO,biommbo
八月 08, 2017 1:50:06 下午 com.icbc.devp.tool.log.Log info
信息: 建立连接:jdbc:oracle:thin:@(DESCRIPTION=(ADDRESS=(PROTOCOL=TCP)(HOST=122.16.77.83)(PORT=1521))(CONNECT_DATA=(SERVER=DEDICATED)(SERVICE_NAME = BIOMMBO))),BIOMMBO,biommbo
八月 08, 2017 1:50:17 下午 com.icbc.devp.tool.log.Log info
信息: [DataLoader.refreshCtl]执行语句：SELECT T.WORKDATE,                           T.MON_RUNDAY,                         T.STATUS,                             T.PRET_TYPE                      FROM MBDP_B_CTL T                    WHERE T.APP='BIOM'                     AND T.CYCLE = 'D'               AND T.DATA_SOURCE = 'AUTH' 
八月 08, 2017 1:53:56 下午 com.icbc.devp.tool.log.Log info
信息: 建立连接:jdbc:oracle:thin:@(DESCRIPTION=(ADDRESS=(PROTOCOL=TCP)(HOST=122.16.189.43)(PORT=1521))(CONNECT_DATA=(SERVER=DEDICATED)(SERVICE_NAME = BIOMMBO))),BIOMMBO,biommbo
八月 08, 2017 1:54:20 下午 com.icbc.devp.tool.log.Log info
信息: 执行SQL语句：UPDATE MBDP_B_CTL SET WORKDATE='2028-06-02', MON_RUNDAY='', PRET_TYPE='UDSN', STATUS='1' WHERE APP='BIOM' AND CYCLE='D' AND DATA_SOURCE='AUTH'
八月 08, 2017 1:54:26 下午 com.icbc.devp.tool.log.Log info
信息: 建立连接:jdbc:oracle:thin:@(DESCRIPTION=(ADDRESS=(PROTOCOL=TCP)(HOST=122.16.77.83)(PORT=1521))(CONNECT_DATA=(SERVER=DEDICATED)(SERVICE_NAME = BIOMMBO))),BIOMMBO,biommbo
八月 08, 2017 1:54:36 下午 com.icbc.devp.tool.log.Log info
信息: 建立连接:jdbc:oracle:thin:@(DESCRIPTION=(ADDRESS=(PROTOCOL=TCP)(HOST=122.16.189.43)(PORT=1521))(CONNECT_DATA=(SERVER=DEDICATED)(SERVICE_NAME = BIOMMBO))),BIOMMBO,biommbo
八月 08, 2017 3:06:06 下午 com.icbc.devp.tool.log.Log info
信息: 执行SQL语句：UPDATE MBDP_B_CTL SET WORKDATE='2028-06-02', MON_RUNDAY='', PRET_TYPE='UDSN', STATUS='1' WHERE APP='BIOM' AND CYCLE='D' AND DATA_SOURCE='AUTH'
八月 09, 2017 8:42:31 上午 com.icbc.devp.tool.log.Log info
信息: 建立连接:jdbc:oracle:thin:@(DESCRIPTION=(ADDRESS=(PROTOCOL=TCP)(HOST=122.16.189.149)(PORT=1521))(CONNECT_DATA=(SERVER=DEDICATED)(SERVICE_NAME = MSCDB))),msc,msc
八月 09, 2017 8:47:35 上午 com.icbc.devp.tool.log.Log info
信息: 建立连接:jdbc:oracle:thin:@(DESCRIPTION=(ADDRESS=(PROTOCOL=TCP)(HOST=122.16.109.135)(PORT=1521))(CONNECT_DATA=(SERVER=DEDICATED)(SERVICE_NAME = MSCDB))),msc,msc
八月 09, 2017 9:47:52 上午 com.icbc.devp.tool.log.Log info
信息: [DbDataUpdate.updateEnableFlag]执行语句:UPDATE MBDP_B_STEPDEF SET ENABLE_FLAG='0' WHERE APP='CBMS' AND CYCLE='D' AND DATA_SOURCE='GCCM' AND STEPNO IN ('CBMS_D_GCCM_GCCM_D_PROC_0022', 'GCCM_D_PROC_0013', 'GCCM_D_PROC_7004', 'GCCM_D_PROC_0012', 'GCCM_D_PROC_0011', 'GCCM_D_PROC_0010', 'GCCM_D_PROC_0017', 'GCCM_D_PROC_0016', 'GCCM_D_PROC_0015', 'GCCM_D_PROC_0014', 'GCCM_D_PROC_7008', 'GCCM_D_IMP_5001', 'GCCM_D_PROC_0009', 'GCCM_D_PROC_0007', 'GCCM_D_PROC_0008', 'GCCM_D_PROC_0022', 'GCCM_D_PROC_7013', 'GCCM_D_PROC_0021', 'GCCM_D_PROC_7014', 'GCCM_D_PROC_7015', 'GCCM_D_PROC_0024', 'GCCM_D_PROC_0023', 'GCCM_D_PROC_7012', 'GCCM_D_PROC_201708_5', 'GCCM_D_PROC_201708_4', 'GCCM_D_PROC_201708_3', 'GCCM_D_PROC_201708_2', 'GCCM_D_PROC_0020', 'GCCM_D_PROC_201709_2', 'GCCM_D_PROC_0018', 'GCCM_D_PROC_0019', 'GCCM_D_FILECM_4001', 'GCCM_D_FILECM_4000', 'GCCM_D_PROC_1000', 'GCCM_D_IMP_0009', 'GCCM_D_IMP_0008', 'GCCM_D_IMP_0007', 'GCCM_D_IMP_0006', 'GCCM_D_IMP_201709_1', 'GCCM_D_IMP_0005', 'GCCM_D_IMP_0004', 'GCCM_D_PROC_5001', 'GCCM_D_IMP_0003', 'GCCM_D_IMP_0002', 'GCCM_D_IMP_0001', 'GCCM_D_PROC_0004', 'GCCM_D_PROC_0003', 'GCCM_D_PROC_0006', 'GCCM_D_PROC_0005', 'GCCM_D_IMP_7006', 'GCCM_D_IMP_7007', 'GCCM_D_PROC_0002', 'GCCM_D_PROC_0001', 'GCCM_D_IMP_201708_1', 'GCCM_D_IMP_7014', 'GCCM_D_IMP_7013', 'GCCM_D_IMP_7012')
八月 09, 2017 9:48:02 上午 com.icbc.devp.tool.log.Log info
信息: 建立连接:jdbc:oracle:thin:@(DESCRIPTION=(ADDRESS=(PROTOCOL=TCP)(HOST=122.16.189.149)(PORT=1521))(CONNECT_DATA=(SERVER=DEDICATED)(SERVICE_NAME = MSCDB))),msc,msc
八月 09, 2017 9:52:43 上午 com.icbc.devp.tool.log.Log info
信息: [DbDataUpdate.updateEnableFlag]执行语句:UPDATE MBDP_B_STEPDEF SET ENABLE_FLAG='0' WHERE APP='CBMS' AND CYCLE='D' AND DATA_SOURCE='GCCM' AND STEPNO IN ('CBMS_D_GCCM_GCCM_D_PROC_0022', 'GCCM_D_PROC_0013', 'GCCM_D_PROC_7004', 'GCCM_D_PROC_0012', 'GCCM_D_PROC_0011', 'GCCM_D_PROC_0010', 'GCCM_D_PROC_0017', 'GCCM_D_PROC_0016', 'GCCM_D_PROC_0015', 'GCCM_D_PROC_0014', 'GCCM_D_PROC_7008', 'GCCM_D_IMP_5001', 'GCCM_D_PROC_0009', 'GCCM_D_PROC_0007', 'GCCM_D_PROC_0008', 'GCCM_D_PROC_0022', 'GCCM_D_PROC_7013', 'GCCM_D_PROC_0021', 'GCCM_D_PROC_7014', 'GCCM_D_PROC_7015', 'GCCM_D_PROC_0024', 'GCCM_D_PROC_0023', 'GCCM_D_PROC_7012', 'GCCM_D_PROC_201708_5', 'GCCM_D_PROC_201708_4', 'GCCM_D_PROC_201708_3', 'GCCM_D_PROC_201708_2', 'GCCM_D_PROC_0020', 'GCCM_D_PROC_201709_2', 'GCCM_D_PROC_0018', 'GCCM_D_PROC_0019', 'GCCM_D_FILECM_4001', 'GCCM_D_FILECM_4000', 'GCCM_D_PROC_1000', 'GCCM_D_IMP_0009', 'GCCM_D_IMP_0008', 'GCCM_D_IMP_0007', 'GCCM_D_IMP_0006', 'GCCM_D_IMP_201709_1', 'GCCM_D_IMP_0005', 'GCCM_D_IMP_0004', 'GCCM_D_PROC_5001', 'GCCM_D_IMP_0003', 'GCCM_D_IMP_0002', 'GCCM_D_IMP_0001', 'GCCM_D_PROC_0004', 'GCCM_D_PROC_0003', 'GCCM_D_PROC_0006', 'GCCM_D_PROC_0005', 'GCCM_D_IMP_7006', 'GCCM_D_IMP_7007', 'GCCM_D_PROC_0002', 'GCCM_D_PROC_0001', 'GCCM_D_IMP_201708_1', 'GCCM_D_IMP_7014', 'GCCM_D_IMP_7013', 'GCCM_D_IMP_7012')
八月 09, 2017 9:52:57 上午 com.icbc.devp.tool.log.Log info
信息: [DbDataUpdate.updateEnableFlag]执行语句:UPDATE MBDP_B_STEPDEF SET ENABLE_FLAG='1' WHERE APP='CBMS' AND CYCLE='D' AND DATA_SOURCE='GCCM' AND STEPNO IN ('CBMS_D_GCCM_GCCM_D_PROC_0024', 'GCCM_D_PROC_0024', 'GCCM_D_PROC_0023', 'GCCM_D_PROC_201709_2', 'GCCM_D_IMP_0009', 'GCCM_D_IMP_201709_1')
八月 09, 2017 9:54:03 上午 com.icbc.devp.tool.log.Log info
信息: 执行SQL语句：UPDATE MBDP_B_CTL SET WORKDATE='2029-03-20', MON_RUNDAY='', PRET_TYPE='UDS', STATUS='1' WHERE APP='CBMS' AND CYCLE='D' AND DATA_SOURCE='GCCM'
八月 09, 2017 11:04:58 上午 com.icbc.devp.tool.log.Log info
信息: 建立连接:jdbc:oracle:thin:@(DESCRIPTION=(ADDRESS=(PROTOCOL=TCP)(HOST=122.21.141.62)(PORT=1521))(CONNECT_DATA=(SERVER=DEDICATED)(SERVICE_NAME = MSCDB))),msc,msc
八月 09, 2017 11:05:28 上午 com.icbc.devp.tool.log.Log info
信息: [DbDataUpdate.updateEnableFlag]执行语句:UPDATE MBDP_B_STEPDEF SET ENABLE_FLAG='1' WHERE APP='CBMS' AND CYCLE='D' AND DATA_SOURCE='GCCM' AND STEPNO IN ('CBMS_D_GCCM_GCCM_D_PROC_201709_0', 'GCCM_D_PROC_0024', 'GCCM_D_PROC_0023', 'GCCM_D_IMP_0009', 'GCCM_D_IMP_201709_1', 'GCCM_D_PROC_201709_2', 'GCCM_D_PROC_201709_0')
八月 09, 2017 11:06:35 上午 com.icbc.devp.tool.log.Log info
信息: 执行SQL语句：UPDATE MBDP_B_CTL SET WORKDATE='2029-03-20', MON_RUNDAY='', PRET_TYPE='GFT', STATUS='1' WHERE APP='CBMS' AND CYCLE='D' AND DATA_SOURCE='GCCM'
八月 09, 2017 2:04:56 下午 com.icbc.devp.tool.log.Log info
信息: [DbDataUpdate.updateEnableFlag]执行语句:UPDATE MBDP_B_STEPDEF SET ENABLE_FLAG='0' WHERE APP='CBMS' AND CYCLE='D' AND DATA_SOURCE='LOCAL' AND STEPNO IN ('LOCAL_D_FILECM_0071', 'LOCAL_D_FILECM_0070', 'LOCAL_D_FILECM_0129', 'LOCAL_D_FILECM_0073', 'LOCAL_D_FILECM_0128', 'LOCAL_D_FILECM_0072', 'LOCAL_D_FILECM_0074', 'LOCAL_D_FILECM_0125', 'LOCAL_D_FILECM_0124', 'LOCAL_D_FILECM_0127', 'LOCAL_D_FILECM_0126', 'LOCAL_D_FILECM_0121', 'LOCAL_D_FILECM_0120', 'LOCAL_D_FILECM_0123', 'LOCAL_D_FILECM_0122', 'LOCAL_D_FILECM_0130', 'LOCAL_D_FILECM_5002', 'LOCAL_D_FILECM_5003', 'LOCAL_D_FILECM_5001', 'LOCAL_D_EXP_0005', 'LOCAL_D_FILECM_0065', 'LOCAL_D_EXP_0004', 'LOCAL_D_FILECM_0066', 'LOCAL_D_EXP_0003', 'LOCAL_D_FILECM_0067', 'LOCAL_D_EXP_0002', 'LOCAL_D_FILECM_0068', 'LOCAL_D_FILECM_0069', 'LOCAL_D_EXP_0001', 'LOCAL_D_FILECM_0060', 'LOCAL_D_FILECM_0064', 'LOCAL_D_EXP_0006', 'LOCAL_D_FILECM_0119', 'LOCAL_D_FILECM_0063', 'LOCAL_D_IMP_5001', 'LOCAL_D_EXP_0007', 'LOCAL_D_FILECM_0118', 'LOCAL_D_FILECM_0062', 'LOCAL_D_EXP_0008', 'LOCAL_D_FILECM_0117', 'LOCAL_D_FILECM_0061', 'LOCAL_D_EXP_0009', 'LOCAL_D_FILECM_0116', 'LOCAL_D_FILECM_0115', 'LOCAL_D_FILECM_0114', 'LOCAL_D_FILECM_0113', 'LOCAL_D_FILECM_0112', 'LOCAL_D_FILECM_0111', 'LOCAL_D_FILECM_0110', 'LOCAL_D_FILECM_0056', 'LOCAL_D_EXP_0014', 'LOCAL_D_EXP_0013', 'LOCAL_D_FILECM_0057', 'LOCAL_D_EXP_0016', 'LOCAL_D_FILECM_0054', 'LOCAL_D_EXP_0015', 'LOCAL_D_FILECM_0055', 'LOCAL_D_EXP_0010', 'LOCAL_D_EXP_0012', 'LOCAL_D_FILECM_0058', 'LOCAL_D_EXP_0011', 'LOCAL_D_FILECM_0059', 'LOCAL_D_FILECM_0051', 'LOCAL_D_EXP_0019', 'LOCAL_D_FILECM_0050', 'LOCAL_D_EXP_0017', 'LOCAL_D_FILECM_0053', 'LOCAL_D_FILECM_0052', 'LOCAL_D_EXP_0018', 'LOCAL_D_FILECM_0143', 'LOCAL_D_FILECM_0142', 'LOCAL_D_FILECM_0145', 'LOCAL_D_FILECM_0144', 'LOCAL_D_FILECM_0147', 'LOCAL_D_FILECM_0149', 'LOCAL_D_FILECM_0148', 'LOCAL_D_MKCTL_4000', 'LOCAL_D_EXP_5011', 'LOCAL_D_FILECM_0150', 'LOCAL_D_EXP_5010', 'LOCAL_D_FILECM_0151', 'LOCAL_D_EXP_5012', 'LOCAL_D_FILECM_0152', 'LOCAL_D_EXP_0023', 'LOCAL_D_FILECM_0047', 'LOCAL_D_FILECM_0048', 'LOCAL_D_EXP_0022', 'LOCAL_D_ZIP_4000', 'LOCAL_D_EXP_0021', 'LOCAL_D_FILECM_0049', 'LOCAL_D_EXP_0020', 'LOCAL_D_FILECM_0043', 'LOCAL_D_EXP_0027', 'LOCAL_D_FILECM_0044', 'LOCAL_D_EXP_0026', 'LOCAL_D_FILECM_0045', 'LOCAL_D_EXP_0025', 'LOCAL_D_EXP_0024', 'LOCAL_D_FILECM_0046', 'LOCAL_D_FILECM_0042', 'LOCAL_D_EXP_0028', 'LOCAL_D_EXP_0029', 'LOCAL_D_FILECM_0041', 'LOCAL_D_FILECM_0040', 'LOCAL_D_FILECM_0139', 'LOCAL_D_FILECM_0134', 'LOCAL_D_FILECM_0133', 'LOCAL_D_FILECM_0132', 'LOCAL_D_FILECM_0131', 'LOCAL_D_FILECM_0138', 'LOCAL_D_FILECM_0137', 'LOCAL_D_FILECM_0136', 'LOCAL_D_FILECM_0135', 'LOCAL_D_EXP_0030', 'LOCAL_D_EXP_0032', 'LOCAL_D_FILECM_0038', 'LOCAL_D_EXP_0031', 'LOCAL_D_FILECM_0039', 'LOCAL_D_FILECM_0036', 'LOCAL_D_EXP_0034', 'LOCAL_D_EXP_0033', 'LOCAL_D_FILECM_0037', 'LOCAL_D_EXP_0036', 'LOCAL_D_FILECM_0034', 'LOCAL_D_FILECM_0035', 'LOCAL_D_EXP_0035', 'LOCAL_D_EXP_0038', 'LOCAL_D_FILECM_0032', 'LOCAL_D_EXP_0037', 'LOCAL_D_FILECM_0033', 'LOCAL_D_PROC_7030', 'LOCAL_D_FILECM_4008', 'LOCAL_D_PROC_7038', 'LOCAL_D_PROC_7037', 'LOCAL_D_FILECM_4007', 'LOCAL_D_PROC_7036', 'LOCAL_D_PROC_7035', 'LOCAL_D_FILECM_4009', 'LOCAL_D_PROC_7034', 'LOCAL_D_FILECM_4004', 'LOCAL_D_PROC_7033', 'LOCAL_D_FILECM_4003', 'LOCAL_D_PROC_7032', 'LOCAL_D_FILECM_0030', 'LOCAL_D_FILECM_4006', 'LOCAL_D_PROC_7031', 'LOCAL_D_FILECM_4005', 'LOCAL_D_FILECM_0031', 'LOCAL_D_FILECM_0022', 'LOCAL_D_FILECM_4010', 'LOCAL_D_FILECM_0021', 'LOCAL_D_FILECM_4011', 'LOCAL_D_FILECM_0024', 'LOCAL_D_FILECM_4012', 'LOCAL_D_FILECM_0023', 'LOCAL_D_FILECM_4013', 'LOCAL_D_FILECM_0026', 'LOCAL_D_FILECM_0025', 'LOCAL_D_FILECM_0028', 'LOCAL_D_FILECM_0027', 'LOCAL_D_FILECM_0029', 'LOCAL_D_JAVA_5002', 'LOCAL_D_JAVA_5003', 'LOCAL_D_ZIP_5002', 'LOCAL_D_JAVA_4000', 'LOCAL_D_JAVA_5004', 'LOCAL_D_ZIP_5001', 'LOCAL_D_JAVA_5005', 'LOCAL_D_JAVA_5006', 'LOCAL_D_FILECM_0159', 'LOCAL_D_PROC_5025', 'LOCAL_D_PROC_5024', 'LOCAL_D_PROC_5023', 'LOCAL_D_FILECM_0157', 'LOCAL_D_PROC_5022', 'LOCAL_D_FILECM_0158', 'LOCAL_D_FILECM_0155', 'LOCAL_D_PROC_5021', 'LOCAL_D_FILECM_0156', 'LOCAL_D_PROC_5020', 'LOCAL_D_FILECM_0153', 'LOCAL_D_FILECM_0154', 'LOCAL_D_PROC_7027', 'LOCAL_D_PROC_7026', 'LOCAL_D_PROC_7021', 'LOCAL_D_FILECM_0020', 'LOCAL_D_PROC_7020', 'LOCAL_D_FILECM_4001', 'LOCAL_D_FILECM_0013', 'LOCAL_D_FILECM_4002', 'LOCAL_D_FILECM_0012', 'LOCAL_D_FILECM_0011', 'LOCAL_D_EXP_5007', 'LOCAL_D_FILECM_0010', 'LOCAL_D_FILECM_4000', 'LOCAL_D_EXP_5008', 'LOCAL_D_FILECM_0017', 'LOCAL_D_PROC_7028', 'LOCAL_D_EXP_5005', 'LOCAL_D_FILECM_0016', 'LOCAL_D_PROC_7029', 'LOCAL_D_EXP_5006', 'LOCAL_D_FILECM_0015', 'LOCAL_D_FILECM_0014', 'LOCAL_D_EXP_5002', 'LOCAL_D_FILECM_0019', 'LOCAL_D_FILECM_0018', 'LOCAL_D_FILECM_0160', 'LOCAL_D_PROC_5026', 'LOCAL_D_PROC_5027', 'LOCAL_D_PROC_5010', 'LOCAL_D_PROC_5012', 'LOCAL_D_PROC_5011', 'LOCAL_D_PROC_5014', 'LOCAL_D_PROC_5013', 'LOCAL_D_FILECM_4025', 'LOCAL_D_FILECM_0004', 'LOCAL_D_FILECM_0003', 'LOCAL_D_FILECM_0006', 'LOCAL_D_FILECM_0005', 'LOCAL_D_FILECM_0002', 'LOCAL_D_FILECM_0001', 'LOCAL_D_PROC_5017', 'LOCAL_D_PROC_5019', 'LOCAL_D_FILECM_0008', 'LOCAL_D_FILECM_0007', 'LOCAL_D_FILECM_0009', 'LOCAL_D_PROC_5003', 'LOCAL_D_PROC_1000', 'LOCAL_D_FILECM_4017', 'LOCAL_D_FILECM_4016', 'LOCAL_D_FILECM_7038', 'LOCAL_D_FILECM_4015', 'LOCAL_D_FILECM_4014', 'LOCAL_D_PROC_0031', 'LOCAL_D_FILECM_4019', 'LOCAL_D_FILECM_4018', 'LOCAL_D_PROC_0030', 'LOCAL_D_FILECM_4020', 'LOCAL_D_FILECM_4023', 'LOCAL_D_UMSPMSG_5003', 'LOCAL_D_UMSPMSG_5002', 'LOCAL_D_FILECM_4024', 'LOCAL_D_FILECM_4021', 'LOCAL_D_FILECM_4022', 'LOCAL_D_UMSPMSG_5004', 'LOCAL_D_PROC_5006', 'LOCAL_D_PROC_5007', 'LOCAL_D_PROC_5004', 'LOCAL_D_PROC_5005', 'LOCAL_D_PROC_5008', 'LOCAL_D_PROC_5009', 'LOCAL_D_PROC_0019', 'LOCAL_D_PROC_0018', 'LOCAL_D_FILECM_5050', 'LOCAL_D_FILECM_5053', 'LOCAL_D_PROC_0013', 'LOCAL_D_FILECM_5054', 'LOCAL_D_PROC_0012', 'LOCAL_D_FILECM_5051', 'LOCAL_D_PROC_0011', 'LOCAL_D_FILECM_5052', 'LOCAL_D_PROC_0010', 'LOCAL_D_FILECM_5057', 'LOCAL_D_PROC_0017', 'LOCAL_D_FILECM_5058', 'LOCAL_D_PROC_0016', 'LOCAL_D_FILECM_5055', 'LOCAL_D_PROC_0015', 'LOCAL_D_FILECM_5056', 'LOCAL_D_PROC_0014', 'LOCAL_D_FILECM_5049', 'LOCAL_D_FILECM_5048', 'LOCAL_D_PROC_0029', 'LOCAL_D_FILECM_5060', 'LOCAL_D_FILECM_5061', 'LOCAL_D_FILECM_5062', 'LOCAL_D_PROC_0022', 'LOCAL_D_FILECM_5063', 'LOCAL_D_PROC_0021', 'LOCAL_D_FILECM_5064', 'LOCAL_D_FILECM_5065', 'LOCAL_D_PROC_0023', 'LOCAL_D_FILECM_5066', 'LOCAL_D_PROC_0026', 'LOCAL_D_FILECM_5067', 'LOCAL_D_PROC_0025', 'LOCAL_D_PROC_0028', 'LOCAL_D_PROC_0027', 'LOCAL_D_FILECM_5059', 'LOCAL_D_PROC_0020', 'LOCAL_D_PROC_0008', 'LOCAL_D_PROC_0007', 'LOCAL_D_PROC_0009', 'LOCAL_D_PROC_0004', 'LOCAL_D_PROC_0003', 'LOCAL_D_PROC_0006', 'LOCAL_D_PROC_0005', 'LOCAL_D_PROC_0002', 'LOCAL_D_PROC_0001', 'LOCAL_D_EXP_4009', 'LOCAL_D_JAVA_0004', 'LOCAL_D_EXP_4008', 'LOCAL_D_JAVA_0003', 'LOCAL_D_EXP_4007', 'LOCAL_D_EXP_4006', 'LOCAL_D_JAVA_0005', 'LOCAL_D_EXP_4005', 'LOCAL_D_EXP_4004', 'LOCAL_D_EXP_4003', 'LOCAL_D_EXP_4002', 'LOCAL_D_EXP_4001', 'LOCAL_D_EXP_4000', 'LOCAL_D_JAVA_0002', 'LOCAL_D_JAVA_0001', 'LOCAL_D_FILECM_5010', 'LOCAL_D_FILECM_5014', 'LOCAL_D_FILECM_5013', 'LOCAL_D_FILECM_5012', 'LOCAL_D_FILECM_5011', 'LOCAL_D_FILECM_5006', 'LOCAL_D_FILECM_5007', 'LOCAL_D_FILECM_5004', 'LOCAL_D_FILECM_5005', 'LOCAL_D_FILECM_5008', 'LOCAL_D_FILECM_5009', 'LOCAL_D_EXP_0042', 'LOCAL_D_PROC_5057', 'LOCAL_D_EXP_0043', 'LOCAL_D_FILECM_5021', 'LOCAL_D_EXP_0044', 'LOCAL_D_PROC_5055', 'LOCAL_D_EXP_0045', 'LOCAL_D_PROC_5056', 'LOCAL_D_EXP_0046', 'LOCAL_D_FILECM_5023', 'LOCAL_D_EXP_0047', 'LOCAL_D_PROC_5054', 'LOCAL_D_FILECM_5022', 'LOCAL_D_FILECM_5025', 'LOCAL_D_EXP_0048', 'LOCAL_D_PROC_5051', 'LOCAL_D_FILECM_5024', 'LOCAL_D_PROC_5052', 'LOCAL_D_EXP_0040', 'LOCAL_D_EXP_0041', 'LOCAL_D_MKCTL_0001', 'LOCAL_D_MKCTL_0003', 'LOCAL_D_UMSPMSG_0001', 'LOCAL_D_FILECM_5015', 'LOCAL_D_MKCTL_0103', 'LOCAL_D_EXP_0039', 'LOCAL_D_FILECM_5016', 'LOCAL_D_UMSPMSG_0002', 'LOCAL_D_FILECM_5017', 'LOCAL_D_UMSPMSG_0003', 'LOCAL_D_MKCTL_0101', 'LOCAL_D_FILECM_5018', 'LOCAL_D_FILECM_5036', 'LOCAL_D_FILECM_5035', 'LOCAL_D_FILECM_5034', 'LOCAL_D_FILECM_5033', 'LOCAL_D_FILECM_5032', 'LOCAL_D_FILECM_5031', 'LOCAL_D_FILECM_5030', 'LOCAL_D_FILECM_5028', 'LOCAL_D_FILECM_5029', 'LOCAL_D_FILECM_5026', 'LOCAL_D_FILECM_5027', 'LOCAL_D_FILECM_5045', 'LOCAL_D_FILECM_5044', 'LOCAL_D_FILECM_5046', 'LOCAL_D_FILECM_5041', 'LOCAL_D_EXP_7038', 'LOCAL_D_FILECM_5040', 'LOCAL_D_FILECM_5043', 'LOCAL_D_FILECM_5042', 'LOCAL_D_FILECM_0104', 'LOCAL_D_FILECM_0105', 'LOCAL_D_FILECM_0102', 'LOCAL_D_FILECM_0103', 'LOCAL_D_FILECM_0101', 'LOCAL_D_FILECM_5037', 'LOCAL_D_FILECM_0108', 'LOCAL_D_FILECM_5038', 'LOCAL_D_FILECM_0109', 'LOCAL_D_FILECM_5039', 'LOCAL_D_FILECM_0106', 'LOCAL_D_FILECM_0107')
八月 09, 2017 2:05:02 下午 com.icbc.devp.tool.log.Log info
信息: [DbDataUpdate.updateEnableFlag]执行语句:UPDATE MBDP_B_STEPDEF SET ENABLE_FLAG='1' WHERE APP='CBMS' AND CYCLE='D' AND DATA_SOURCE='LOCAL' AND STEPNO='LOCAL_D_FILECM_0073'
八月 09, 2017 2:05:11 下午 com.icbc.devp.tool.log.Log info
信息: [DbDataUpdate.updateEnableFlag]执行语句:UPDATE MBDP_B_STEPDEF SET ENABLE_FLAG='1' WHERE APP='CBMS' AND CYCLE='D' AND DATA_SOURCE='LOCAL' AND STEPNO IN ('CBMS_D_LOCAL_LOCAL_D_EXP_0048', 'LOCAL_D_FILECM_0073', 'LOCAL_D_FILECM_0074', 'LOCAL_D_FILECM_0139', 'LOCAL_D_FILECM_0039', 'LOCAL_D_FILECM_4000', 'LOCAL_D_EXP_0048', 'LOCAL_D_MKCTL_0001', 'LOCAL_D_MKCTL_0101')
八月 09, 2017 2:09:39 下午 com.icbc.devp.tool.log.Log info
信息: [DbDataUpdate.updateEnableFlag]执行语句:UPDATE MBDP_B_STEPDEF SET ENABLE_FLAG='1' WHERE APP='CBMS' AND CYCLE='D' AND DATA_SOURCE='EDWDL' AND STEPNO IN ('CBMS_D_EDWDL_EDWDL_D_FILECM_5001', 'EDWDL_D_FILECM_0021', 'EDWDL_D_FILECM_4000', 'EDWDL_D_MKCTL_0001', 'EDWDL_D_FILECM_5101', 'EDWDL_D_FILECM_5001', 'EDWDL_D_FILECM_0121', 'EDWDL_D_PROC_5001', 'EDWDL_D_MKCTL_0101')
八月 09, 2017 2:10:25 下午 com.icbc.devp.tool.log.Log info
信息: [DbDataUpdate.updateEnableFlag]执行语句:UPDATE MBDP_B_STEPDEF SET ENABLE_FLAG='0' WHERE APP='CBMS' AND CYCLE='D' AND DATA_SOURCE='EDWDL' AND STEPNO IN ('CBMS_D_EDWDL_EDWDL_D_EXP_0028', 'EDWDL_D_FILECM_0021', 'EDWDL_D_FILECM_0030', 'EDWDL_D_FILECM_4000', 'EDWDL_D_FILECM_0031', 'EDWDL_D_MKCTL_0001', 'EDWDL_D_EXP_0028', 'EDWDL_D_FILECM_0121', 'EDWDL_D_MKCTL_0101')
八月 09, 2017 2:10:29 下午 com.icbc.devp.tool.log.Log info
信息: [DbDataUpdate.updateEnableFlag]执行语句:UPDATE MBDP_B_STEPDEF SET ENABLE_FLAG='0' WHERE APP='CBMS' AND CYCLE='D' AND DATA_SOURCE='EDWDL' AND STEPNO IN ('CBMS_D_EDWDL_EDWDL_D_EXP_0029', 'EDWDL_D_FILECM_0021', 'EDWDL_D_FILECM_4000', 'EDWDL_D_MKCTL_0001', 'EDWDL_D_FILECM_0032', 'EDWDL_D_FILECM_0033', 'EDWDL_D_EXP_0029', 'EDWDL_D_FILECM_0121', 'EDWDL_D_MKCTL_0101')
八月 09, 2017 2:10:36 下午 com.icbc.devp.tool.log.Log info
信息: [DbDataUpdate.updateEnableFlag]执行语句:UPDATE MBDP_B_STEPDEF SET ENABLE_FLAG='1' WHERE APP='CBMS' AND CYCLE='D' AND DATA_SOURCE='EDWDL' AND STEPNO IN ('CBMS_D_EDWDL_EDWDL_D_MKCTL_0101', 'EDWDL_D_FILECM_0021', 'EDWDL_D_FILECM_4000', 'EDWDL_D_MKCTL_0001', 'EDWDL_D_FILECM_0032', 'EDWDL_D_FILECM_0033', 'EDWDL_D_EXP_0029', 'EDWDL_D_FILECM_0121', 'EDWDL_D_MKCTL_0101')
八月 09, 2017 2:10:59 下午 com.icbc.devp.tool.log.Log info
信息: 执行SQL语句：UPDATE MBDP_B_CTL SET WORKDATE='2017-09-17', MON_RUNDAY='', PRET_TYPE='UDS', STATUS='1' WHERE APP='CBMS' AND CYCLE='D' AND DATA_SOURCE='EDWDL'
八月 09, 2017 2:11:41 下午 com.icbc.devp.tool.log.Log info
信息: [DbDataUpdate.updateEnableFlag]执行语句:UPDATE MBDP_B_STEPDEF SET ENABLE_FLAG='0' WHERE APP='CBMS' AND CYCLE='D' AND DATA_SOURCE='EDWDL' AND STEPNO='EDWDL_D_EXP_0029'
八月 09, 2017 2:11:45 下午 com.icbc.devp.tool.log.Log info
信息: [DbDataUpdate.updateEnableFlag]执行语句:UPDATE MBDP_B_STEPDEF SET ENABLE_FLAG='0' WHERE APP='CBMS' AND CYCLE='D' AND DATA_SOURCE='EDWDL' AND STEPNO='EDWDL_D_FILECM_0032'
八月 09, 2017 2:11:51 下午 com.icbc.devp.tool.log.Log info
信息: [DbDataUpdate.updateEnableFlag]执行语句:UPDATE MBDP_B_STEPDEF SET ENABLE_FLAG='0' WHERE APP='CBMS' AND CYCLE='D' AND DATA_SOURCE='EDWDL' AND STEPNO='EDWDL_D_FILECM_0033'
八月 09, 2017 2:19:26 下午 com.icbc.devp.tool.log.Log info
信息: 执行SQL语句：UPDATE MBDP_B_CTL SET WORKDATE='2017-09-17', MON_RUNDAY='', PRET_TYPE='UDS', STATUS='1' WHERE APP='CBMS' AND CYCLE='D' AND DATA_SOURCE='LOCAL'
八月 09, 2017 2:32:03 下午 com.icbc.devp.tool.log.Log info
信息: 执行SQL语句：UPDATE MBDP_B_CTL SET WORKDATE='2017-09-17', MON_RUNDAY='', PRET_TYPE='UDS', STATUS='1' WHERE APP='CBMS' AND CYCLE='D' AND DATA_SOURCE='LOCAL'
八月 09, 2017 3:31:12 下午 com.icbc.devp.tool.log.Log info
信息: 建立连接:jdbc:oracle:thin:@(DESCRIPTION=(ADDRESS=(PROTOCOL=TCP)(HOST=122.21.125.122)(PORT=1521))(CONNECT_DATA=(SERVER=DEDICATED)(SERVICE_NAME = EBMDB))),ebm,ebm
八月 09, 2017 3:39:52 下午 com.icbc.devp.tool.log.Log info
信息: [DataLoader.refreshCtl]执行语句：SELECT T.WORKDATE,                           T.MON_RUNDAY,                         T.STATUS,                             T.PRET_TYPE                      FROM MBDP_B_CTL T                    WHERE T.APP='EBM'                     AND T.CYCLE = 'D'               AND T.DATA_SOURCE = 'LOCAL' 
八月 09, 2017 3:40:12 下午 com.icbc.devp.tool.log.Log info
信息: 执行SQL语句：UPDATE MBDP_B_CTL SET WORKDATE='2020-02-20', MON_RUNDAY='', PRET_TYPE='UDS', STATUS='1' WHERE APP='EBM' AND CYCLE='D' AND DATA_SOURCE='LOCAL'
八月 09, 2017 3:42:36 下午 com.icbc.devp.tool.log.Log info
信息: [DataLoader.refreshCtl]执行语句：SELECT T.WORKDATE,                           T.MON_RUNDAY,                         T.STATUS,                             T.PRET_TYPE                      FROM MBDP_B_CTL T                    WHERE T.APP='EBM'                     AND T.CYCLE = 'D'               AND T.DATA_SOURCE = 'LOCAL' 
八月 10, 2017 2:34:24 下午 com.icbc.devp.tool.log.Log info
信息: 建立连接:jdbc:oracle:thin:@(DESCRIPTION=(ADDRESS=(PROTOCOL=TCP)(HOST=122.21.125.122)(PORT=1521))(CONNECT_DATA=(SERVER=DEDICATED)(SERVICE_NAME = EBMDB))),ebm,ebm
