三月 06, 2017 1:41:33 下午 com.icbc.devp.tool.log.Log info
信息: 建立连接:jdbc:oracle:thin:@(DESCRIPTION=(ADDRESS=(PROTOCOL=TCP)(HOST=122.16.93.227)(PORT=1521))(CONNECT_DATA=(SERVER=DEDICATED)(SERVICE_NAME = MSCDB))),msc,msc
三月 06, 2017 1:42:07 下午 com.icbc.devp.tool.log.Log info
信息: [DbDataUpdate.updateEnableFlag]执行语句:UPDATE MBDP_B_STEPDEF SET ENABLE_FLAG='0' WHERE APP='CBMS' AND CYCLE='M' AND DATA_SOURCE='BDSPP2P' AND STEPNO='BDSPP2P_M_CHK_0001'
三月 06, 2017 1:46:09 下午 com.icbc.devp.tool.log.Log info
信息: 执行SQL语句：UPDATE MBDP_B_CTL SET WORKDATE='2028-06', MON_RUNDAY='30', PRET_TYPE='GFT', STATUS='1' WHERE APP='CBMS' AND CYCLE='M' AND DATA_SOURCE='BDSPP2P'
三月 06, 2017 2:11:01 下午 com.icbc.devp.tool.log.Log info
信息: 执行SQL语句：UPDATE MBDP_B_CTL SET WORKDATE='2028-06', MON_RUNDAY='30', PRET_TYPE='UDS', STATUS='1' WHERE APP='CBMS' AND CYCLE='M' AND DATA_SOURCE='EDI'
三月 06, 2017 2:11:31 下午 com.icbc.devp.tool.log.Log info
信息: 执行SQL语句：UPDATE MBDP_B_CTL SET WORKDATE='2028-06', MON_RUNDAY='20', PRET_TYPE='UDS', STATUS='1' WHERE APP='CBMS' AND CYCLE='M' AND DATA_SOURCE='EDI'
三月 06, 2017 2:12:00 下午 com.icbc.devp.tool.log.Log info
信息: [DbDataUpdate.updateEnableFlag]执行语句:UPDATE MBDP_B_STEPDEF SET ENABLE_FLAG='0' WHERE APP='CBMS' AND CYCLE='M' AND DATA_SOURCE='EDI' AND STEPNO='EDI_M_CHK_0001'
三月 06, 2017 2:12:42 下午 com.icbc.devp.tool.log.Log info
信息: 执行SQL语句：UPDATE MBDP_B_CTL SET WORKDATE='2028-06', MON_RUNDAY='30', PRET_TYPE='UDS', STATUS='1' WHERE APP='CBMS' AND CYCLE='M' AND DATA_SOURCE='EDI'
三月 06, 2017 4:19:32 下午 com.icbc.devp.tool.log.Log info
信息: [DbDataUpdate.updateEnableFlag]执行语句:UPDATE MBDP_B_STEPDEF SET ENABLE_FLAG='0' WHERE APP='CBMS' AND CYCLE='M' AND DATA_SOURCE='EDI' AND STEPNO IN ('CBMS_M_EDI_EDI_M_PROC_0007', 'EDI_M_PROC_0005', 'EDI_M_IMP_0004', 'EDI_M_PROC_0004', 'EDI_M_PROC_0001', 'EDI_M_IMP_0003', 'EDI_M_PROC_0007')
三月 06, 2017 4:19:54 下午 com.icbc.devp.tool.log.Log info
信息: [DbDataUpdate.updateEnableFlag]执行语句:UPDATE OBMS_BATCHSTEP_DEF SET ENABLE_FLAG='0' WHERE APP='CBMS' AND CYCLE='M' AND DATA_SOURCE||'#'||TZGCODE='EDI' AND STEPNO IN ('CBMS_M_EDI_EDI_M_PROC_0007', 'EDI_M_PROC_0005', 'EDI_M_IMP_0004', 'EDI_M_PROC_0004', 'EDI_M_PROC_0001', 'EDI_M_IMP_0003', 'EDI_M_PROC_0007')
三月 06, 2017 4:20:01 下午 com.icbc.devp.tool.log.Log info
信息: [DbDataUpdate.updateEnableFlag]执行语句:UPDATE MBDP_B_STEPDEF SET ENABLE_FLAG='0' WHERE APP='CBMS' AND CYCLE='M' AND DATA_SOURCE='EDI' AND STEPNO IN ('CBMS_M_EDI_EDI_M_PROC_0008', 'EDI_M_PROC_0005', 'EDI_M_IMP_0004', 'EDI_M_PROC_0004', 'EDI_M_PROC_0001', 'EDI_M_IMP_0003', 'EDI_M_PROC_0007')
三月 06, 2017 4:20:07 下午 com.icbc.devp.tool.log.Log info
信息: [DbDataUpdate.updateEnableFlag]执行语句:UPDATE MBDP_B_STEPDEF SET ENABLE_FLAG='1' WHERE APP='CBMS' AND CYCLE='M' AND DATA_SOURCE='EDI' AND STEPNO='EDI_M_PROC_0001'
三月 06, 2017 4:21:37 下午 com.icbc.devp.tool.log.Log info
信息: 执行SQL语句：UPDATE MBDP_B_CTL SET WORKDATE='2028-06', MON_RUNDAY='30', PRET_TYPE='UDS', STATUS='1' WHERE APP='CBMS' AND CYCLE='M' AND DATA_SOURCE='EDI'
