二月 06, 2017 1:40:10 下午 com.icbc.devp.tool.log.Log info
信息: 建立连接:jdbc:oracle:thin:@(DESCRIPTION=(ADDRESS=(PROTOCOL=TCP)(HOST=122.16.93.227)(PORT=1521))(CONNECT_DATA=(SERVER=DEDICATED)(SERVICE_NAME = EBMDB))),ebm,ebm
二月 06, 2017 3:04:21 下午 com.icbc.devp.tool.log.Log info
信息: 执行SQL语句：UPDATE MBDP_B_CTL SET WORKDATE='2028-05-01', MON_RUNDAY='', PRET_TYPE='UDS', STATUS='1' WHERE APP='EBM' AND CYCLE='D' AND DATA_SOURCE='LOCAL'
二月 06, 2017 3:04:24 下午 com.icbc.devp.tool.log.Log info
信息: [DataLoader.refreshCtl]执行语句：SELECT T.WORKDATE,                           T.MON_RUNDAY,                         T.STATUS,                             T.PRET_TYPE                      FROM MBDP_B_CTL T                    WHERE T.APP='EBM'                     AND T.CYCLE = 'D'               AND T.DATA_SOURCE = 'LOCAL' 
二月 06, 2017 3:13:02 下午 com.icbc.devp.tool.log.Log info
信息: [DataLoader.refreshCtl]执行语句：SELECT T.WORKDATE,                           T.MON_RUNDAY,                         T.STATUS,                             T.PRET_TYPE                      FROM MBDP_B_CTL T                    WHERE T.APP='EBM'                     AND T.CYCLE = 'D'               AND T.DATA_SOURCE = 'LOCAL' 
二月 06, 2017 3:31:54 下午 com.icbc.devp.tool.log.Log info
信息: [DbDataUpdate.updateEnableFlag]执行语句:UPDATE MBDP_B_STEPDEF SET ENABLE_FLAG='0' WHERE APP='EBM' AND CYCLE='D' AND DATA_SOURCE='LOCAL' AND STEPNO IN ('LOCAL_D_FILECM_0026', 'LOCAL_D_FILECM_0027', 'LOCAL_D_PROC_0004', 'LOCAL_D_FILECM_0023', 'LOCAL_D_FILECM_0022', 'LOCAL_D_FILECM_0025', 'LOCAL_D_FILECM_0024', 'LOCAL_D_FILECM_0018', 'LOCAL_D_FILECM_4008', 'LOCAL_D_FILECM_0015', 'LOCAL_D_FILECM_4009', 'LOCAL_D_FILECM_0019', 'LOCAL_D_FILECM_0010', 'LOCAL_D_FILECM_4003', 'LOCAL_D_FILECM_4002', 'LOCAL_D_FILECM_4001', 'LOCAL_D_FILECM_4000', 'LOCAL_D_FILECM_0014', 'LOCAL_D_FILECM_4007', 'LOCAL_D_PROC_5003', 'LOCAL_D_FILECM_4006', 'LOCAL_D_FILECM_0013', 'LOCAL_D_PROC_5004', 'LOCAL_D_FILECM_0012', 'LOCAL_D_FILECM_4005', 'LOCAL_D_PROC_5001', 'LOCAL_D_FILECM_4004', 'LOCAL_D_FILECM_0011', 'LOCAL_D_PROC_5002', 'LOCAL_D_FILECM_5001', 'LOCAL_D_FILECM_0009', 'LOCAL_D_FILECM_5002', 'LOCAL_D_FILECM_5003', 'LOCAL_D_FILECM_5004', 'LOCAL_D_FILECM_6002', 'LOCAL_D_FILECM_6003', 'LOCAL_D_FILECM_0001', 'LOCAL_D_FILECM_6001', 'LOCAL_D_ZIP_0001', 'LOCAL_D_EXP_0008', 'LOCAL_D_EXP_0007', 'LOCAL_D_EXP_0006', 'LOCAL_D_EXP_0005', 'LOCAL_D_EXP_0004', 'LOCAL_D_EXP_0003', 'LOCAL_D_EXP_0002', 'LOCAL_D_EXP_0001', 'LOCAL_D_JAVA_4000', 'LOCAL_D_FILECM_0102', 'LOCAL_D_FILECM_0101', 'LOCAL_D_EXP_0009', 'LOCAL_D_FILECM_0103', 'LOCAL_D_FILECM_0104', 'LOCAL_D_FILECM_0105', 'LOCAL_D_FILECM_0106', 'LOCAL_D_FILECM_0107', 'LOCAL_D_FILECM_0108', 'LOCAL_D_FILECM_0109', 'LOCAL_D_FILECM_0112', 'LOCAL_D_FILECM_0113', 'LOCAL_D_FILECM_0110', 'LOCAL_D_FILECM_0111', 'LOCAL_D_EXP_0011', 'LOCAL_D_EXP_0010', 'LOCAL_D_EXP_0014', 'LOCAL_D_FILECM_0119', 'LOCAL_D_EXP_0012', 'LOCAL_D_FILECM_0118', 'LOCAL_D_EXP_0013', 'LOCAL_D_EXP_0018', 'LOCAL_D_FILECM_0117', 'LOCAL_D_EXP_0019', 'LOCAL_D_EXP_0016', 'LOCAL_D_FILECM_0115', 'LOCAL_D_EXP_0017', 'LOCAL_D_FILECM_0114', 'LOCAL_D_FILECM_0121', 'LOCAL_D_FILECM_0122', 'LOCAL_D_FILECM_0123', 'LOCAL_D_FILECM_0124', 'LOCAL_D_EXP_0020', 'LOCAL_D_EXP_0022', 'LOCAL_D_EXP_0021', 'LOCAL_D_FILECM_0120', 'LOCAL_D_EXP_0023', 'LOCAL_D_FILECM_0129', 'LOCAL_D_EXP_0024', 'LOCAL_D_EXP_0025', 'LOCAL_D_EXP_0026', 'LOCAL_D_FILECM_0126', 'LOCAL_D_FILECM_0125', 'LOCAL_D_FILECM_0128', 'LOCAL_D_FILECM_0127', 'LOCAL_D_JAVA_0001', 'LOCAL_D_FILECM_0130', 'LOCAL_D_JAVA_0003', 'LOCAL_D_MKCTL_0001', 'LOCAL_D_JAVA_0002', 'LOCAL_D_EXP_4000', 'LOCAL_D_EXP_4003', 'LOCAL_D_EXP_4001', 'LOCAL_D_EXP_4002', 'LOCAL_D_MKCTL_0101', 'LOCAL_D_EXP_6001', 'LOCAL_D_EXP_6002', 'LOCAL_D_EXP_6003', 'LOCAL_D_PROC_0001', 'LOCAL_D_PROC_0002', 'LOCAL_D_PROC_0003')
二月 06, 2017 3:32:05 下午 com.icbc.devp.tool.log.Log info
信息: [DbDataUpdate.updateEnableFlag]执行语句:UPDATE MBDP_B_STEPDEF SET ENABLE_FLAG='1' WHERE APP='EBM' AND CYCLE='D' AND DATA_SOURCE='LOCAL' AND STEPNO IN ('EBM_D_LOCAL_LOCAL_D_EXP_4003', 'LOCAL_D_FILECM_0018', 'LOCAL_D_FILECM_0015', 'LOCAL_D_FILECM_4008', 'LOCAL_D_FILECM_4009', 'LOCAL_D_FILECM_0019', 'LOCAL_D_FILECM_4003', 'LOCAL_D_FILECM_0010', 'LOCAL_D_FILECM_4000', 'LOCAL_D_FILECM_4007', 'LOCAL_D_FILECM_0014', 'LOCAL_D_FILECM_0013', 'LOCAL_D_FILECM_4005', 'LOCAL_D_FILECM_0012', 'LOCAL_D_FILECM_0011', 'LOCAL_D_FILECM_0009', 'LOCAL_D_FILECM_0001', 'LOCAL_D_FILECM_0111', 'LOCAL_D_MKCTL_0001', 'LOCAL_D_EXP_4003', 'LOCAL_D_MKCTL_0101')
二月 06, 2017 3:32:10 下午 com.icbc.devp.tool.log.Log info
信息: [DataLoader.refreshCtl]执行语句：SELECT T.WORKDATE,                           T.MON_RUNDAY,                         T.STATUS,                             T.PRET_TYPE                      FROM MBDP_B_CTL T                    WHERE T.APP='EBM'                     AND T.CYCLE = 'D'               AND T.DATA_SOURCE = 'LOCAL' 
二月 06, 2017 3:32:11 下午 com.icbc.devp.tool.log.Log info
信息: 执行SQL语句：UPDATE MBDP_B_CTL SET WORKDATE='2028-05-01', MON_RUNDAY='', PRET_TYPE='UDS', STATUS='1' WHERE APP='EBM' AND CYCLE='D' AND DATA_SOURCE='LOCAL'
二月 06, 2017 3:32:12 下午 com.icbc.devp.tool.log.Log info
信息: [DataLoader.refreshCtl]执行语句：SELECT T.WORKDATE,                           T.MON_RUNDAY,                         T.STATUS,                             T.PRET_TYPE                      FROM MBDP_B_CTL T                    WHERE T.APP='EBM'                     AND T.CYCLE = 'D'               AND T.DATA_SOURCE = 'LOCAL' 
二月 06, 2017 3:32:12 下午 com.icbc.devp.tool.log.Log info
信息: [DataLoader.refreshCtl]执行语句：SELECT T.WORKDATE,                           T.MON_RUNDAY,                         T.STATUS,                             T.PRET_TYPE                      FROM MBDP_B_CTL T                    WHERE T.APP='EBM'                     AND T.CYCLE = 'D'               AND T.DATA_SOURCE = 'LOCAL' 
二月 06, 2017 3:32:13 下午 com.icbc.devp.tool.log.Log info
信息: [DataLoader.refreshCtl]执行语句：SELECT T.WORKDATE,                           T.MON_RUNDAY,                         T.STATUS,                             T.PRET_TYPE                      FROM MBDP_B_CTL T                    WHERE T.APP='EBM'                     AND T.CYCLE = 'D'               AND T.DATA_SOURCE = 'LOCAL' 
二月 06, 2017 3:32:13 下午 com.icbc.devp.tool.log.Log info
信息: [DataLoader.refreshCtl]执行语句：SELECT T.WORKDATE,                           T.MON_RUNDAY,                         T.STATUS,                             T.PRET_TYPE                      FROM MBDP_B_CTL T                    WHERE T.APP='EBM'                     AND T.CYCLE = 'D'               AND T.DATA_SOURCE = 'LOCAL' 
二月 06, 2017 3:32:14 下午 com.icbc.devp.tool.log.Log info
信息: [DataLoader.refreshCtl]执行语句：SELECT T.WORKDATE,                           T.MON_RUNDAY,                         T.STATUS,                             T.PRET_TYPE                      FROM MBDP_B_CTL T                    WHERE T.APP='EBM'                     AND T.CYCLE = 'D'               AND T.DATA_SOURCE = 'LOCAL' 
二月 06, 2017 3:32:14 下午 com.icbc.devp.tool.log.Log info
信息: [DataLoader.refreshCtl]执行语句：SELECT T.WORKDATE,                           T.MON_RUNDAY,                         T.STATUS,                             T.PRET_TYPE                      FROM MBDP_B_CTL T                    WHERE T.APP='EBM'                     AND T.CYCLE = 'D'               AND T.DATA_SOURCE = 'LOCAL' 
二月 06, 2017 3:32:15 下午 com.icbc.devp.tool.log.Log info
信息: 执行SQL语句：UPDATE MBDP_B_CTL SET WORKDATE='2028-05-01', MON_RUNDAY='', PRET_TYPE='UDS', STATUS='1' WHERE APP='EBM' AND CYCLE='D' AND DATA_SOURCE='LOCAL'
二月 06, 2017 3:32:15 下午 com.icbc.devp.tool.log.Log info
信息: [DataLoader.refreshCtl]执行语句：SELECT T.WORKDATE,                           T.MON_RUNDAY,                         T.STATUS,                             T.PRET_TYPE                      FROM MBDP_B_CTL T                    WHERE T.APP='EBM'                     AND T.CYCLE = 'D'               AND T.DATA_SOURCE = 'LOCAL' 
二月 06, 2017 3:32:20 下午 com.icbc.devp.tool.log.Log info
信息: [DataLoader.refreshCtl]执行语句：SELECT T.WORKDATE,                           T.MON_RUNDAY,                         T.STATUS,                             T.PRET_TYPE                      FROM MBDP_B_CTL T                    WHERE T.APP='EBM'                     AND T.CYCLE = 'D'               AND T.DATA_SOURCE = 'LOCAL' 
二月 06, 2017 3:32:20 下午 com.icbc.devp.tool.log.Log info
信息: 执行SQL语句：UPDATE MBDP_B_CTL SET WORKDATE='2028-05-01', MON_RUNDAY='', PRET_TYPE='UDS', STATUS='1' WHERE APP='EBM' AND CYCLE='D' AND DATA_SOURCE='LOCAL'
