七月 31, 2017 2:30:49 下午 com.icbc.devp.tool.log.Log info
信息: 建立连接:jdbc:oracle:thin:@(DESCRIPTION=(ADDRESS=(PROTOCOL=TCP)(HOST=122.21.125.122)(PORT=1521))(CONNECT_DATA=(SERVER=DEDICATED)(SERVICE_NAME = EBMDB))),ebm,ebm
八月 03, 2017 11:02:46 上午 com.icbc.devp.tool.log.Log info
信息: 建立连接:jdbc:oracle:thin:@(DESCRIPTION=(ADDRESS=(PROTOCOL=TCP)(HOST=122.21.141.62)(PORT=1521))(CONNECT_DATA=(SERVER=DEDICATED)(SERVICE_NAME = MSCDB))),msc,msc
八月 03, 2017 11:03:21 上午 com.icbc.devp.tool.log.Log info
信息: 执行SQL语句：UPDATE MBDP_B_CTL SET WORKDATE='2017-09-17', MON_RUNDAY='', PRET_TYPE='GFT', STATUS='1' WHERE APP='CBMS' AND CYCLE='D' AND DATA_SOURCE='INITB'
八月 03, 2017 11:03:34 上午 com.icbc.devp.tool.log.Log info
信息: 执行SQL语句：UPDATE MBDP_B_CTL SET WORKDATE='2017-09-17', MON_RUNDAY='', PRET_TYPE='GFT', STATUS='1' WHERE APP='CBMS' AND CYCLE='D' AND DATA_SOURCE='INITC'
八月 03, 2017 1:42:07 下午 com.icbc.devp.tool.log.Log info
信息: 建立连接:jdbc:oracle:thin:@(DESCRIPTION=(ADDRESS=(PROTOCOL=TCP)(HOST=122.16.189.43)(PORT=1521))(CONNECT_DATA=(SERVER=DEDICATED)(SERVICE_NAME = mobileDB))),BIOMMBO,BIOMMBO
八月 03, 2017 1:42:12 下午 com.icbc.devp.tool.log.Log info
信息: 建立连接:jdbc:oracle:thin:@(DESCRIPTION=(ADDRESS=(PROTOCOL=TCP)(HOST=122.16.189.43)(PORT=1521))(CONNECT_DATA=(SERVER=DEDICATED)(SERVICE_NAME = mobileDB))),BIOMMBO,BIOMMBO
八月 03, 2017 1:42:57 下午 com.icbc.devp.tool.log.Log info
信息: 建立连接:jdbc:oracle:thin:@(DESCRIPTION=(ADDRESS=(PROTOCOL=TCP)(HOST=122.16.189.43)(PORT=1521))(CONNECT_DATA=(SERVER=DEDICATED)(SERVICE_NAME = BIOMMBO))),BIOMMBO,biommbo
八月 03, 2017 2:17:03 下午 com.icbc.devp.tool.log.Log info
信息: [DbDataUpdate.updateEnableFlag]执行语句:UPDATE MBDP_B_STEPDEF SET ENABLE_FLAG='0' WHERE APP='BIOM' AND CYCLE='D' AND DATA_SOURCE='AUTH' AND STEPNO IN ('BIOM_D_AUTH_AUTH_D_INIT_0001', 'AUTH_D_PROC_0013', 'AUTH_D_IMP_0016', 'AUTH_D_IMP_0016', 'AUTH_D_IMP_0016', 'AUTH_D_IMP_0016', 'AUTH_D_IMP_0016', 'AUTH_D_IMP_0016', 'AUTH_D_IMP_0016', 'AUTH_D_IMP_0016', 'AUTH_D_IMP_0016', 'AUTH_D_IMP_0016', 'AUTH_D_IMP_0016', 'AUTH_D_IMP_0016', 'AUTH_D_IMP_0016', 'AUTH_D_IMP_0016', 'AUTH_D_IMP_0016', 'AUTH_D_IMP_0016', 'AUTH_D_IMP_0016', 'AUTH_D_IMP_0016', 'AUTH_D_INIT_0001', 'AUTH_D_INIT_0001', 'AUTH_D_INIT_0001', 'AUTH_D_INIT_0001', 'AUTH_D_INIT_0001', 'AUTH_D_INIT_0001', 'AUTH_D_INIT_0001', 'AUTH_D_INIT_0001', 'AUTH_D_INIT_0001', 'AUTH_D_INIT_0001', 'AUTH_D_INIT_0001', 'AUTH_D_INIT_0004', 'AUTH_D_INIT_0004', 'AUTH_D_INIT_0004', 'AUTH_D_INIT_0004', 'AUTH_D_INIT_0004', 'AUTH_D_INIT_0004', 'AUTH_D_INIT_0003', 'AUTH_D_INIT_0003', 'AUTH_D_INIT_0003', 'AUTH_D_INIT_0003', 'AUTH_D_INIT_0003', 'AUTH_D_INIT_0003', 'AUTH_D_INIT_0003', 'AUTH_D_INIT_0003', 'AUTH_D_INIT_0003', 'AUTH_D_INIT_0003', 'AUTH_D_INIT_0003', 'AUTH_D_INIT_0003', 'AUTH_D_INIT_0003', 'AUTH_D_INIT_0003', 'AUTH_D_INIT_0003', 'AUTH_D_INIT_0003', 'AUTH_D_INIT_0003', 'AUTH_D_INIT_0003', 'AUTH_D_INIT_0003', 'AUTH_D_INIT_0003', 'AUTH_D_INIT_0003', 'AUTH_D_INIT_0003', 'AUTH_D_INIT_0003', 'AUTH_D_INIT_0003', 'AUTH_D_INIT_0003', 'AUTH_D_INIT_0003', 'AUTH_D_INIT_0003', 'AUTH_D_INIT_0003', 'AUTH_D_INIT_0003', 'AUTH_D_INIT_0003', 'AUTH_D_INIT_0003', 'AUTH_D_INIT_0003', 'AUTH_D_INIT_0003', 'AUTH_D_INIT_0003', 'AUTH_D_INIT_0003')
八月 03, 2017 2:17:08 下午 com.icbc.devp.tool.log.Log info
信息: [DbDataUpdate.updateEnableFlag]执行语句:UPDATE MBDP_B_STEPDEF SET ENABLE_FLAG='0' WHERE APP='BIOM' AND CYCLE='D' AND DATA_SOURCE='AUTH' AND STEPNO IN ('BIOM_D_AUTH_AUTH_D_PROC_0014', 'AUTH_D_PROC_0013', 'AUTH_D_IMP_0016', 'AUTH_D_IMP_0016', 'AUTH_D_IMP_0016', 'AUTH_D_IMP_0016', 'AUTH_D_IMP_0016', 'AUTH_D_IMP_0016', 'AUTH_D_IMP_0016', 'AUTH_D_IMP_0016', 'AUTH_D_IMP_0016', 'AUTH_D_IMP_0016', 'AUTH_D_IMP_0016', 'AUTH_D_IMP_0016', 'AUTH_D_IMP_0016', 'AUTH_D_IMP_0016', 'AUTH_D_IMP_0016', 'AUTH_D_IMP_0016', 'AUTH_D_IMP_0016', 'AUTH_D_IMP_0016', 'AUTH_D_INIT_0001', 'AUTH_D_INIT_0001', 'AUTH_D_INIT_0001', 'AUTH_D_INIT_0001', 'AUTH_D_INIT_0001', 'AUTH_D_INIT_0001', 'AUTH_D_INIT_0001', 'AUTH_D_INIT_0001', 'AUTH_D_INIT_0001', 'AUTH_D_INIT_0001', 'AUTH_D_INIT_0001', 'AUTH_D_INIT_0004', 'AUTH_D_INIT_0004', 'AUTH_D_INIT_0004', 'AUTH_D_INIT_0004', 'AUTH_D_INIT_0004', 'AUTH_D_INIT_0004', 'AUTH_D_INIT_0003', 'AUTH_D_INIT_0003', 'AUTH_D_INIT_0003', 'AUTH_D_INIT_0003', 'AUTH_D_INIT_0003', 'AUTH_D_INIT_0003', 'AUTH_D_INIT_0003', 'AUTH_D_INIT_0003', 'AUTH_D_INIT_0003', 'AUTH_D_INIT_0003', 'AUTH_D_INIT_0003', 'AUTH_D_INIT_0003', 'AUTH_D_INIT_0003', 'AUTH_D_INIT_0003', 'AUTH_D_INIT_0003', 'AUTH_D_INIT_0003', 'AUTH_D_INIT_0003', 'AUTH_D_INIT_0003', 'AUTH_D_INIT_0003', 'AUTH_D_INIT_0003', 'AUTH_D_INIT_0003', 'AUTH_D_INIT_0003', 'AUTH_D_INIT_0003', 'AUTH_D_INIT_0003', 'AUTH_D_INIT_0003', 'AUTH_D_INIT_0003', 'AUTH_D_INIT_0003', 'AUTH_D_INIT_0003', 'AUTH_D_INIT_0003', 'AUTH_D_INIT_0003', 'AUTH_D_INIT_0003', 'AUTH_D_INIT_0003', 'AUTH_D_INIT_0003', 'AUTH_D_INIT_0003', 'AUTH_D_INIT_0003')
八月 03, 2017 2:17:15 下午 com.icbc.devp.tool.log.Log info
信息: [DbDataUpdate.updateEnableFlag]执行语句:UPDATE MBDP_B_STEPDEF SET ENABLE_FLAG='0' WHERE APP='BIOM' AND CYCLE='D' AND DATA_SOURCE='AUTH' AND STEPNO IN ('BIOM_D_AUTH_AUTH_D_IMP_0010', 'AUTH_D_PROC_0013', 'AUTH_D_IMP_0016', 'AUTH_D_IMP_0016', 'AUTH_D_IMP_0016', 'AUTH_D_IMP_0016', 'AUTH_D_IMP_0016', 'AUTH_D_IMP_0016', 'AUTH_D_IMP_0016', 'AUTH_D_IMP_0016', 'AUTH_D_IMP_0016', 'AUTH_D_IMP_0016', 'AUTH_D_IMP_0016', 'AUTH_D_IMP_0016', 'AUTH_D_IMP_0016', 'AUTH_D_IMP_0016', 'AUTH_D_IMP_0016', 'AUTH_D_IMP_0016', 'AUTH_D_IMP_0016', 'AUTH_D_IMP_0016', 'AUTH_D_INIT_0001', 'AUTH_D_INIT_0001', 'AUTH_D_INIT_0001', 'AUTH_D_INIT_0001', 'AUTH_D_INIT_0001', 'AUTH_D_INIT_0001', 'AUTH_D_INIT_0001', 'AUTH_D_INIT_0001', 'AUTH_D_INIT_0001', 'AUTH_D_INIT_0001', 'AUTH_D_INIT_0001', 'AUTH_D_INIT_0004', 'AUTH_D_INIT_0004', 'AUTH_D_INIT_0004', 'AUTH_D_INIT_0004', 'AUTH_D_INIT_0004', 'AUTH_D_INIT_0004', 'AUTH_D_INIT_0003', 'AUTH_D_INIT_0003', 'AUTH_D_INIT_0003', 'AUTH_D_INIT_0003', 'AUTH_D_INIT_0003', 'AUTH_D_INIT_0003', 'AUTH_D_INIT_0003', 'AUTH_D_INIT_0003', 'AUTH_D_INIT_0003', 'AUTH_D_INIT_0003', 'AUTH_D_INIT_0003', 'AUTH_D_INIT_0003', 'AUTH_D_INIT_0003', 'AUTH_D_INIT_0003', 'AUTH_D_INIT_0003', 'AUTH_D_INIT_0003', 'AUTH_D_INIT_0003', 'AUTH_D_INIT_0003', 'AUTH_D_INIT_0003', 'AUTH_D_INIT_0003', 'AUTH_D_INIT_0003', 'AUTH_D_INIT_0003', 'AUTH_D_INIT_0003', 'AUTH_D_INIT_0003', 'AUTH_D_INIT_0003', 'AUTH_D_INIT_0003', 'AUTH_D_INIT_0003', 'AUTH_D_INIT_0003', 'AUTH_D_INIT_0003', 'AUTH_D_INIT_0003', 'AUTH_D_INIT_0003', 'AUTH_D_INIT_0003', 'AUTH_D_INIT_0003', 'AUTH_D_INIT_0003', 'AUTH_D_INIT_0003')
八月 03, 2017 2:17:19 下午 com.icbc.devp.tool.log.Log info
信息: [DbDataUpdate.updateEnableFlag]执行语句:UPDATE MBDP_B_STEPDEF SET ENABLE_FLAG='1' WHERE APP='BIOM' AND CYCLE='D' AND DATA_SOURCE='AUTH' AND STEPNO IN ('BIOM_D_AUTH_AUTH_D_IMP_0013', 'AUTH_D_PROC_0013', 'AUTH_D_IMP_0016', 'AUTH_D_IMP_0016', 'AUTH_D_IMP_0016', 'AUTH_D_IMP_0016', 'AUTH_D_IMP_0016', 'AUTH_D_IMP_0016', 'AUTH_D_IMP_0016', 'AUTH_D_IMP_0016', 'AUTH_D_IMP_0016', 'AUTH_D_IMP_0016', 'AUTH_D_IMP_0016', 'AUTH_D_IMP_0016', 'AUTH_D_IMP_0016', 'AUTH_D_IMP_0016', 'AUTH_D_IMP_0016', 'AUTH_D_IMP_0016', 'AUTH_D_IMP_0016', 'AUTH_D_IMP_0016', 'AUTH_D_INIT_0001', 'AUTH_D_INIT_0001', 'AUTH_D_INIT_0001', 'AUTH_D_INIT_0001', 'AUTH_D_INIT_0001', 'AUTH_D_INIT_0001', 'AUTH_D_INIT_0001', 'AUTH_D_INIT_0001', 'AUTH_D_INIT_0001', 'AUTH_D_INIT_0001', 'AUTH_D_INIT_0001', 'AUTH_D_INIT_0004', 'AUTH_D_INIT_0004', 'AUTH_D_INIT_0004', 'AUTH_D_INIT_0004', 'AUTH_D_INIT_0004', 'AUTH_D_INIT_0004', 'AUTH_D_INIT_0003', 'AUTH_D_INIT_0003', 'AUTH_D_INIT_0003', 'AUTH_D_INIT_0003', 'AUTH_D_INIT_0003', 'AUTH_D_INIT_0003', 'AUTH_D_INIT_0003', 'AUTH_D_INIT_0003', 'AUTH_D_INIT_0003', 'AUTH_D_INIT_0003', 'AUTH_D_INIT_0003', 'AUTH_D_INIT_0003', 'AUTH_D_INIT_0003', 'AUTH_D_INIT_0003', 'AUTH_D_INIT_0003', 'AUTH_D_INIT_0003', 'AUTH_D_INIT_0003', 'AUTH_D_INIT_0003', 'AUTH_D_INIT_0003', 'AUTH_D_INIT_0003', 'AUTH_D_INIT_0003', 'AUTH_D_INIT_0003', 'AUTH_D_INIT_0003', 'AUTH_D_INIT_0003', 'AUTH_D_INIT_0003', 'AUTH_D_INIT_0003', 'AUTH_D_INIT_0003', 'AUTH_D_INIT_0003', 'AUTH_D_INIT_0003', 'AUTH_D_INIT_0003', 'AUTH_D_INIT_0003', 'AUTH_D_INIT_0003', 'AUTH_D_INIT_0003', 'AUTH_D_INIT_0003', 'AUTH_D_INIT_0003')
八月 03, 2017 2:17:24 下午 com.icbc.devp.tool.log.Log info
信息: [DbDataUpdate.updateEnableFlag]执行语句:UPDATE MBDP_B_STEPDEF SET ENABLE_FLAG='0' WHERE APP='BIOM' AND CYCLE='D' AND DATA_SOURCE='AUTH' AND STEPNO IN ('BIOM_D_AUTH_AUTH_D_PROC_0013', 'AUTH_D_PROC_0013', 'AUTH_D_IMP_0016', 'AUTH_D_IMP_0016', 'AUTH_D_IMP_0016', 'AUTH_D_IMP_0016', 'AUTH_D_IMP_0016', 'AUTH_D_IMP_0016', 'AUTH_D_IMP_0016', 'AUTH_D_IMP_0016', 'AUTH_D_IMP_0016', 'AUTH_D_IMP_0016', 'AUTH_D_IMP_0016', 'AUTH_D_IMP_0016', 'AUTH_D_IMP_0016', 'AUTH_D_IMP_0016', 'AUTH_D_IMP_0016', 'AUTH_D_IMP_0016', 'AUTH_D_IMP_0016', 'AUTH_D_IMP_0016', 'AUTH_D_INIT_0001', 'AUTH_D_INIT_0001', 'AUTH_D_INIT_0001', 'AUTH_D_INIT_0001', 'AUTH_D_INIT_0001', 'AUTH_D_INIT_0001', 'AUTH_D_INIT_0001', 'AUTH_D_INIT_0001', 'AUTH_D_INIT_0001', 'AUTH_D_INIT_0001', 'AUTH_D_INIT_0001', 'AUTH_D_INIT_0004', 'AUTH_D_INIT_0004', 'AUTH_D_INIT_0004', 'AUTH_D_INIT_0004', 'AUTH_D_INIT_0004', 'AUTH_D_INIT_0004', 'AUTH_D_INIT_0003', 'AUTH_D_INIT_0003', 'AUTH_D_INIT_0003', 'AUTH_D_INIT_0003', 'AUTH_D_INIT_0003', 'AUTH_D_INIT_0003', 'AUTH_D_INIT_0003', 'AUTH_D_INIT_0003', 'AUTH_D_INIT_0003', 'AUTH_D_INIT_0003', 'AUTH_D_INIT_0003', 'AUTH_D_INIT_0003', 'AUTH_D_INIT_0003', 'AUTH_D_INIT_0003', 'AUTH_D_INIT_0003', 'AUTH_D_INIT_0003', 'AUTH_D_INIT_0003', 'AUTH_D_INIT_0003', 'AUTH_D_INIT_0003', 'AUTH_D_INIT_0003', 'AUTH_D_INIT_0003', 'AUTH_D_INIT_0003', 'AUTH_D_INIT_0003', 'AUTH_D_INIT_0003', 'AUTH_D_INIT_0003', 'AUTH_D_INIT_0003', 'AUTH_D_INIT_0003', 'AUTH_D_INIT_0003', 'AUTH_D_INIT_0003', 'AUTH_D_INIT_0003', 'AUTH_D_INIT_0003', 'AUTH_D_INIT_0003', 'AUTH_D_INIT_0003', 'AUTH_D_INIT_0003', 'AUTH_D_INIT_0003')
八月 03, 2017 2:17:30 下午 com.icbc.devp.tool.log.Log info
信息: [DbDataUpdate.updateEnableFlag]执行语句:UPDATE MBDP_B_STEPDEF SET ENABLE_FLAG='0' WHERE APP='BIOM' AND CYCLE='D' AND DATA_SOURCE='AUTH' AND STEPNO='AUTH_D_IMP_0011'
八月 03, 2017 2:17:34 下午 com.icbc.devp.tool.log.Log info
信息: [DbDataUpdate.updateEnableFlag]执行语句:UPDATE MBDP_B_STEPDEF SET ENABLE_FLAG='1' WHERE APP='BIOM' AND CYCLE='D' AND DATA_SOURCE='AUTH' AND STEPNO='AUTH_D_IMP_0014'
八月 03, 2017 2:17:40 下午 com.icbc.devp.tool.log.Log info
信息: [DbDataUpdate.updateEnableFlag]执行语句:UPDATE MBDP_B_STEPDEF SET ENABLE_FLAG='0' WHERE APP='BIOM' AND CYCLE='D' AND DATA_SOURCE='AUTH' AND STEPNO='AUTH_D_IMP_0012'
八月 03, 2017 2:17:43 下午 com.icbc.devp.tool.log.Log info
信息: [DbDataUpdate.updateEnableFlag]执行语句:UPDATE MBDP_B_STEPDEF SET ENABLE_FLAG='1' WHERE APP='BIOM' AND CYCLE='D' AND DATA_SOURCE='AUTH' AND STEPNO='AUTH_D_IMP_0015'
八月 03, 2017 2:18:04 下午 com.icbc.devp.tool.log.Log info
信息: 执行SQL语句：UPDATE MBDP_B_CTL SET WORKDATE='2028-06-01', MON_RUNDAY='', PRET_TYPE='UDSN', STATUS='1' WHERE APP='BIOM' AND CYCLE='D' AND DATA_SOURCE='AUTH'
八月 03, 2017 2:19:42 下午 com.icbc.devp.tool.log.Log info
信息: [DataLoader.refreshCtl]执行语句：SELECT T.WORKDATE,                           T.MON_RUNDAY,                         T.STATUS,                             T.PRET_TYPE                      FROM MBDP_B_CTL T                    WHERE T.APP='BIOM'                     AND T.CYCLE = 'D'               AND T.DATA_SOURCE = 'AUTH' 
八月 03, 2017 2:19:43 下午 com.icbc.devp.tool.log.Log info
信息: [DataLoader.refreshCtl]执行语句：SELECT T.WORKDATE,                           T.MON_RUNDAY,                         T.STATUS,                             T.PRET_TYPE                      FROM MBDP_B_CTL T                    WHERE T.APP='BIOM'                     AND T.CYCLE = 'D'               AND T.DATA_SOURCE = 'AUTH' 
八月 03, 2017 2:19:44 下午 com.icbc.devp.tool.log.Log info
信息: 执行SQL语句：UPDATE MBDP_B_CTL SET WORKDATE='2028-06-01', MON_RUNDAY='', PRET_TYPE='UDSN', STATUS='1' WHERE APP='BIOM' AND CYCLE='D' AND DATA_SOURCE='AUTH'
八月 03, 2017 2:21:11 下午 com.icbc.devp.tool.log.Log info
信息: [DbDataUpdate.updateEnableFlag]执行语句:UPDATE MBDP_B_STEPDEF SET ENABLE_FLAG='0' WHERE APP='BIOM' AND CYCLE='D' AND DATA_SOURCE='AUTH' AND STEPNO='AUTH_D_IMP_0010'
八月 03, 2017 2:21:13 下午 com.icbc.devp.tool.log.Log info
信息: [DbDataUpdate.updateEnableFlag]执行语句:UPDATE MBDP_B_STEPDEF SET ENABLE_FLAG='1' WHERE APP='BIOM' AND CYCLE='D' AND DATA_SOURCE='AUTH' AND STEPNO='AUTH_D_IMP_0013'
八月 03, 2017 2:21:25 下午 com.icbc.devp.tool.log.Log info
信息: 执行SQL语句：UPDATE MBDP_B_CTL SET WORKDATE='2028-06-01', MON_RUNDAY='', PRET_TYPE='UDSN', STATUS='1' WHERE APP='BIOM' AND CYCLE='D' AND DATA_SOURCE='AUTH'
八月 03, 2017 2:21:25 下午 com.icbc.devp.tool.log.Log info
信息: [DataLoader.refreshCtl]执行语句：SELECT T.WORKDATE,                           T.MON_RUNDAY,                         T.STATUS,                             T.PRET_TYPE                      FROM MBDP_B_CTL T                    WHERE T.APP='BIOM'                     AND T.CYCLE = 'D'               AND T.DATA_SOURCE = 'AUTH' 
八月 03, 2017 2:21:31 下午 com.icbc.devp.tool.log.Log info
信息: [DataLoader.refreshCtl]执行语句：SELECT T.WORKDATE,                           T.MON_RUNDAY,                         T.STATUS,                             T.PRET_TYPE                      FROM MBDP_B_CTL T                    WHERE T.APP='BIOM'                     AND T.CYCLE = 'D'               AND T.DATA_SOURCE = 'AUTH' 
八月 03, 2017 2:21:31 下午 com.icbc.devp.tool.log.Log info
信息: 执行SQL语句：UPDATE MBDP_B_CTL SET WORKDATE='2028-06-01', MON_RUNDAY='', PRET_TYPE='UDSN', STATUS='1' WHERE APP='BIOM' AND CYCLE='D' AND DATA_SOURCE='AUTH'
八月 03, 2017 4:47:55 下午 com.icbc.devp.tool.log.Log info
信息: 执行SQL语句：UPDATE MBDP_B_CTL SET WORKDATE='2028-06-01', MON_RUNDAY='', PRET_TYPE='UDSN', STATUS='1' WHERE APP='BIOM' AND CYCLE='D' AND DATA_SOURCE='AUTH'
八月 03, 2017 4:47:56 下午 com.icbc.devp.tool.log.Log info
信息: [DbDataUpdate.updateEnableFlag]执行语句:UPDATE OBMS_BATCH_CTL SET WORKDATE='2028-06-01', MON_RUNDAY='', PRET_TYPE='UDSN', STATUS='1' WHERE APP='BIOM' AND CYCLE='D' AND DATA_SOURCE||'#'||TZGCODE='AUTH'
八月 03, 2017 4:47:59 下午 com.icbc.devp.tool.log.Log info
信息: 执行SQL语句：UPDATE MBDP_B_CTL SET WORKDATE='2028-06-01', MON_RUNDAY='', PRET_TYPE='UDSN', STATUS='1' WHERE APP='BIOM' AND CYCLE='D' AND DATA_SOURCE='AUTH'
八月 03, 2017 4:48:23 下午 com.icbc.devp.tool.log.Log info
信息: [DbDataUpdate.updateEnableFlag]执行语句:UPDATE MBDP_B_STEPDEF SET ENABLE_FLAG='0' WHERE APP='BIOM' AND CYCLE='D' AND DATA_SOURCE='AUTH' AND STEPNO='AUTH_D_PROC_0014'
