三月 02, 2017 10:28:16 上午 com.icbc.devp.tool.log.Log info
信息: 建立连接:jdbc:oracle:thin:@(DESCRIPTION=(ADDRESS=(PROTOCOL=TCP)(HOST=122.16.93.227)(PORT=1521))(CONNECT_DATA=(SERVER=DEDICATED)(SERVICE_NAME = MSCDB))),msc,msc
三月 02, 2017 10:28:41 上午 com.icbc.devp.tool.log.Log info
信息: 执行SQL语句：UPDATE MBDP_B_CTL SET WORKDATE='2016-10', MON_RUNDAY='1', PRET_TYPE='UDS', STATUS='1' WHERE APP='CBMS' AND CYCLE='M' AND DATA_SOURCE='EDI'
三月 02, 2017 10:39:06 上午 com.icbc.devp.tool.log.Log info
信息: 执行SQL语句：UPDATE MBDP_B_CTL SET WORKDATE='2016-10', MON_RUNDAY='1', PRET_TYPE='UDS', STATUS='1' WHERE APP='CBMS' AND CYCLE='M' AND DATA_SOURCE='EDI'
三月 02, 2017 10:58:49 上午 com.icbc.devp.tool.log.Log info
信息: 执行SQL语句：UPDATE MBDP_B_CTL SET WORKDATE='2016-10', MON_RUNDAY='1', PRET_TYPE='UDS', STATUS='1' WHERE APP='CBMS' AND CYCLE='M' AND DATA_SOURCE='EDI'
三月 02, 2017 2:19:35 下午 com.icbc.devp.tool.log.Log info
信息: [DbDataUpdate.updateEnableFlag]执行语句:UPDATE MBDP_B_STEPDEF SET ENABLE_FLAG='1' WHERE APP='CBMS' AND CYCLE='M' AND DATA_SOURCE='EDI' AND STEPNO='EDI_M_PROC_0001'
三月 02, 2017 2:19:58 下午 com.icbc.devp.tool.log.Log info
信息: 执行SQL语句：UPDATE MBDP_B_CTL SET WORKDATE='2016-10', MON_RUNDAY='1', PRET_TYPE='UDS', STATUS='1' WHERE APP='CBMS' AND CYCLE='M' AND DATA_SOURCE='EDI'
三月 02, 2017 2:38:57 下午 com.icbc.devp.tool.log.Log info
信息: 执行SQL语句：UPDATE MBDP_B_CTL SET WORKDATE='2016-10', MON_RUNDAY='1', PRET_TYPE='UDS', STATUS='1' WHERE APP='CBMS' AND CYCLE='M' AND DATA_SOURCE='EDI'
三月 02, 2017 2:41:07 下午 com.icbc.devp.tool.log.Log info
信息: 执行SQL语句：UPDATE MBDP_B_CTL SET WORKDATE='2016-10', MON_RUNDAY='1', PRET_TYPE='UDS', STATUS='1' WHERE APP='CBMS' AND CYCLE='M' AND DATA_SOURCE='EDI'
三月 02, 2017 2:42:43 下午 com.icbc.devp.tool.log.Log info
信息: 执行SQL语句：UPDATE MBDP_B_CTL SET WORKDATE='2016-10', MON_RUNDAY='1', PRET_TYPE='UDS', STATUS='1' WHERE APP='CBMS' AND CYCLE='M' AND DATA_SOURCE='EDI'
三月 02, 2017 2:43:00 下午 com.icbc.devp.tool.log.Log info
信息: 执行SQL语句：UPDATE MBDP_B_CTL SET WORKDATE='2016-10', MON_RUNDAY='20', PRET_TYPE='UDS', STATUS='1' WHERE APP='CBMS' AND CYCLE='M' AND DATA_SOURCE='EDI'
三月 02, 2017 2:53:55 下午 com.icbc.devp.tool.log.Log info
信息: 执行SQL语句：UPDATE MBDP_B_CTL SET WORKDATE='2016-10', MON_RUNDAY='20', PRET_TYPE='UDS', STATUS='1' WHERE APP='CBMS' AND CYCLE='M' AND DATA_SOURCE='EDI'
三月 02, 2017 2:58:40 下午 com.icbc.devp.tool.log.Log info
信息: 执行SQL语句：UPDATE MBDP_B_CTL SET WORKDATE='2016-10', MON_RUNDAY='20', PRET_TYPE='UDS', STATUS='1' WHERE APP='CBMS' AND CYCLE='M' AND DATA_SOURCE='EDI'
三月 02, 2017 3:01:30 下午 com.icbc.devp.tool.log.Log info
信息: 执行SQL语句：UPDATE MBDP_B_CTL SET WORKDATE='2016-10', MON_RUNDAY='20', PRET_TYPE='UDS', STATUS='1' WHERE APP='CBMS' AND CYCLE='M' AND DATA_SOURCE='EDI'
